Using pre-set license
Built from '2021.3/staging' branch; Version is '2021.3.11f1 (0a5ca18544bf) revision 679073'; Using compiler version '192829333'; Build Type 'Release'
OS: 'Windows 10  (10.0.19045) 64bit Core' Language: 'en' Physical Memory: 16225 MB
BatchMode: 1, IsHumanControllingUs: 0, StartBugReporterOnCrash: 0, Is64bit: 1, IsPro: 1

COMMAND LINE ARGUMENTS:
C:\Program Files\Unity\Hub\Editor\2021.3.11f1\Editor\Unity.exe
-adb2
-batchMode
-noUpm
-name
AssetImportWorker1
-projectPath
C:/Users/Diana/source/repos/AP2/Herb's Big Adventure
-logFile
Logs/AssetImportWorker1.log
-srvPort
49211
Successfully changed project path to: C:/Users/Diana/source/repos/AP2/Herb's Big Adventure
C:/Users/Diana/source/repos/AP2/Herb's Big Adventure
[UnityMemory] Configuration Parameters - Can be set up in boot.config
    "memorysetup-bucket-allocator-granularity=16"
    "memorysetup-bucket-allocator-bucket-count=8"
    "memorysetup-bucket-allocator-block-size=33554432"
    "memorysetup-bucket-allocator-block-count=8"
    "memorysetup-main-allocator-block-size=16777216"
    "memorysetup-thread-allocator-block-size=16777216"
    "memorysetup-gfx-main-allocator-block-size=16777216"
    "memorysetup-gfx-thread-allocator-block-size=16777216"
    "memorysetup-cache-allocator-block-size=4194304"
    "memorysetup-typetree-allocator-block-size=2097152"
    "memorysetup-profiler-bucket-allocator-granularity=16"
    "memorysetup-profiler-bucket-allocator-bucket-count=8"
    "memorysetup-profiler-bucket-allocator-block-size=33554432"
    "memorysetup-profiler-bucket-allocator-block-count=8"
    "memorysetup-profiler-allocator-block-size=16777216"
    "memorysetup-profiler-editor-allocator-block-size=1048576"
    "memorysetup-temp-allocator-size-main=16777216"
    "memorysetup-job-temp-allocator-block-size=2097152"
    "memorysetup-job-temp-allocator-block-size-background=1048576"
    "memorysetup-job-temp-allocator-reduction-small-platforms=262144"
    "memorysetup-temp-allocator-size-background-worker=32768"
    "memorysetup-temp-allocator-size-job-worker=262144"
    "memorysetup-temp-allocator-size-preload-manager=33554432"
    "memorysetup-temp-allocator-size-nav-mesh-worker=65536"
    "memorysetup-temp-allocator-size-audio-worker=65536"
    "memorysetup-temp-allocator-size-cloud-worker=32768"
    "memorysetup-temp-allocator-size-gi-baking-worker=262144"
    "memorysetup-temp-allocator-size-gfx=262144"
Refreshing native plugins compatible for Editor in 103.56 ms, found 3 plugins.
Preloading 0 native plugins for Editor in 0.00 ms.
Initialize engine version: 2021.3.11f1 (0a5ca18544bf)
[Subsystems] Discovering subsystems at path C:/Program Files/Unity/Hub/Editor/2021.3.11f1/Editor/Data/Resources/UnitySubsystems
[Subsystems] Discovering subsystems at path C:/Users/Diana/source/repos/AP2/Herb's Big Adventure/Assets
GfxDevice: creating device client; threaded=0; jobified=0
Direct3D:
    Version:  Direct3D 11.0 [level 11.1]
    Renderer: NVIDIA GeForce GTX 1660 Ti (ID=0x2191)
    Vendor:   NVIDIA
    VRAM:     5979 MB
    Driver:   31.0.15.2849
Initialize mono
Mono path[0] = 'C:/Program Files/Unity/Hub/Editor/2021.3.11f1/Editor/Data/Managed'
Mono path[1] = 'C:/Program Files/Unity/Hub/Editor/2021.3.11f1/Editor/Data/MonoBleedingEdge/lib/mono/unityjit-win32'
Mono config path = 'C:/Program Files/Unity/Hub/Editor/2021.3.11f1/Editor/Data/MonoBleedingEdge/etc'
Using monoOptions --debugger-agent=transport=dt_socket,embedding=1,server=y,suspend=n,address=127.0.0.1:56344
Begin MonoManager ReloadAssembly
Registering precompiled unity dll's ...
Register platform support module: C:/Program Files/Unity/Hub/Editor/2021.3.11f1/Editor/Data/PlaybackEngines/WindowsStandaloneSupport/UnityEditor.WindowsStandalone.Extensions.dll
Registered in 0.009885 seconds.
Native extension for WindowsStandalone target not found
Refreshing native plugins compatible for Editor in 100.64 ms, found 3 plugins.
Preloading 0 native plugins for Editor in 0.00 ms.
Mono: successfully reloaded assembly
- Completed reload, in  0.861 seconds
Domain Reload Profiling:
	ReloadAssembly (862ms)
		BeginReloadAssembly (115ms)
			ExecutionOrderSort (0ms)
			DisableScriptedObjects (0ms)
			BackupInstance (0ms)
			ReleaseScriptingObjects (0ms)
			CreateAndSetChildDomain (1ms)
		EndReloadAssembly (590ms)
			LoadAssemblies (111ms)
			RebuildTransferFunctionScriptingTraits (0ms)
			SetupTypeCache (173ms)
			ReleaseScriptCaches (0ms)
			RebuildScriptCaches (32ms)
			SetupLoadedEditorAssemblies (319ms)
				LogAssemblyErrors (0ms)
				InitializePlatformSupportModulesInManaged (9ms)
				SetLoadedEditorAssemblies (0ms)
				RefreshPlugins (101ms)
				BeforeProcessingInitializeOnLoad (2ms)
				ProcessInitializeOnLoadAttributes (156ms)
				ProcessInitializeOnLoadMethodAttributes (51ms)
				AfterProcessingInitializeOnLoad (0ms)
				EditorAssembliesLoaded (0ms)
			ExecutionOrderSort2 (0ms)
			AwakeInstancesAfterBackupRestoration (0ms)
Platform modules already initialized, skipping
Registering precompiled user dll's ...
Registered in 0.007238 seconds.
Begin MonoManager ReloadAssembly
Symbol file LoadedFromMemory doesn't match image C:\Users\Diana\source\repos\AP2\Herb's Big Adventure\Library\PackageCache\com.unity.visualscripting@1.7.8\Editor\VisualScripting.Core\Dependencies\YamlDotNet\Unity.VisualScripting.YamlDotNet.dll
Symbol file LoadedFromMemory doesn't match image C:\Users\Diana\source\repos\AP2\Herb's Big Adventure\Library\PackageCache\com.unity.visualscripting@1.7.8\Editor\VisualScripting.Core\Dependencies\DotNetZip\Unity.VisualScripting.IonicZip.dll
Native extension for WindowsStandalone target not found
Refreshing native plugins compatible for Editor in 91.84 ms, found 3 plugins.
Preloading 0 native plugins for Editor in 0.00 ms.
Mono: successfully reloaded assembly
- Completed reload, in  1.312 seconds
Domain Reload Profiling:
	ReloadAssembly (1313ms)
		BeginReloadAssembly (122ms)
			ExecutionOrderSort (0ms)
			DisableScriptedObjects (9ms)
			BackupInstance (0ms)
			ReleaseScriptingObjects (0ms)
			CreateAndSetChildDomain (18ms)
		EndReloadAssembly (1075ms)
			LoadAssemblies (93ms)
			RebuildTransferFunctionScriptingTraits (0ms)
			SetupTypeCache (277ms)
			ReleaseScriptCaches (1ms)
			RebuildScriptCaches (83ms)
			SetupLoadedEditorAssemblies (572ms)
				LogAssemblyErrors (0ms)
				InitializePlatformSupportModulesInManaged (5ms)
				SetLoadedEditorAssemblies (0ms)
				RefreshPlugins (92ms)
				BeforeProcessingInitializeOnLoad (107ms)
				ProcessInitializeOnLoadAttributes (333ms)
				ProcessInitializeOnLoadMethodAttributes (25ms)
				AfterProcessingInitializeOnLoad (11ms)
				EditorAssembliesLoaded (0ms)
			ExecutionOrderSort2 (0ms)
			AwakeInstancesAfterBackupRestoration (7ms)
Platform modules already initialized, skipping
========================================================================
Worker process is ready to serve import requests
Launched and connected shader compiler UnityShaderCompiler.exe after 0.05 seconds
Refreshing native plugins compatible for Editor in 0.82 ms, found 3 plugins.
Preloading 0 native plugins for Editor in 0.00 ms.
Unloading 4102 Unused Serialized files (Serialized files now loaded: 0)
Unloading 55 unused Assets / (1.7 MB). Loaded Objects now: 4558.
Memory consumption went from 160.9 MB to 159.1 MB.
Total: 3.776600 ms (FindLiveObjects: 0.324800 ms CreateObjectMapping: 0.272300 ms MarkObjects: 2.700500 ms  DeleteObjects: 0.477800 ms)

AssetImportParameters requested are different than current active one (requested -> active):
  custom:video-decoder-ogg-theora: a1e56fd34408186e4bbccfd4996cb3dc -> 
  custom:container-muxer-webm: aa71ff27fc2769a1b78a27578f13a17b -> 
  custom:container-demuxer-webm: 4f35f7cbe854078d1ac9338744f61a02 -> 
  custom:video-encoder-webm-vp8: eb34c28f22e8b96e1ab97ce403110664 -> 
  custom:audio-encoder-webm-vorbis: bf7c407c2cedff20999df2af8eb42d56 -> 
  custom:framework-win-MediaFoundation: 216162199b28c13a410421893ffa2e32 -> 
  custom:container-demuxer-ogg: 62fdf1f143b41e24485cea50d1cbac27 -> 
  custom:video-decoder-webm-vp8: 9c59270c3fd7afecdb556c50c9e8de78 -> 
  custom:audio-decoder-ogg-vorbis: bf7c407c2cedff20999df2af8eb42d56 -> 
========================================================================
Received Import Request.
  Time since last request: 14310.662702 seconds.
  path: Assets/Scenes/Level1.unity
  artifactKey: Guid(44462ad2abb89b743b3634fd6faa50bc) Importer(815301076,1909f56bfc062723c751e8b465ee728b)
Start importing Assets/Scenes/Level1.unity using Guid(44462ad2abb89b743b3634fd6faa50bc) Importer(815301076,1909f56bfc062723c751e8b465ee728b)  -> (artifact id: '2b760e6c035b88ad77a41f027bc992a7') in 0.011863 seconds 
========================================================================
Received Import Request.
  Time since last request: 0.000020 seconds.
  path: Assets/Scenes/Level2.unity
  artifactKey: Guid(92cc2cacb219c2b49b2550824905fae0) Importer(815301076,1909f56bfc062723c751e8b465ee728b)
Start importing Assets/Scenes/Level2.unity using Guid(92cc2cacb219c2b49b2550824905fae0) Importer(815301076,1909f56bfc062723c751e8b465ee728b)  -> (artifact id: '029d61f8e8e66077b933d378390bbf69') in 0.007948 seconds 
========================================================================
Received Import Request.
  Time since last request: 340.031780 seconds.
  path: Assets/3D Platformer Assets/UI/health_Bar_1.png
  artifactKey: Guid(2cb4fab580a856740ac7727d6f58fbc5) Importer(815301076,1909f56bfc062723c751e8b465ee728b)
Start importing Assets/3D Platformer Assets/UI/health_Bar_1.png using Guid(2cb4fab580a856740ac7727d6f58fbc5) Importer(815301076,1909f56bfc062723c751e8b465ee728b)  -> (artifact id: '144a3abff56a1a93573a45e48eea9582') in 0.263261 seconds 
========================================================================
Received Import Request.
  Time since last request: 0.000036 seconds.
  path: Assets/3D Platformer Assets/UI/UI_Menus_Button_Hovered.png
  artifactKey: Guid(55a7d27f53aadf24aa1f2ebffa2a840f) Importer(815301076,1909f56bfc062723c751e8b465ee728b)
Start importing Assets/3D Platformer Assets/UI/UI_Menus_Button_Hovered.png using Guid(55a7d27f53aadf24aa1f2ebffa2a840f) Importer(815301076,1909f56bfc062723c751e8b465ee728b)  -> (artifact id: 'c63c1fc95dbbaa801d9e4c6f3f26fa03') in 0.026230 seconds 
========================================================================
Received Prepare
Registering precompiled user dll's ...
Registered in 0.007570 seconds.
Begin MonoManager ReloadAssembly
Symbol file LoadedFromMemory doesn't match image C:\Users\Diana\source\repos\AP2\Herb's Big Adventure\Library\PackageCache\com.unity.visualscripting@1.7.8\Editor\VisualScripting.Core\Dependencies\YamlDotNet\Unity.VisualScripting.YamlDotNet.dll
Symbol file LoadedFromMemory doesn't match image C:\Users\Diana\source\repos\AP2\Herb's Big Adventure\Library\PackageCache\com.unity.visualscripting@1.7.8\Editor\VisualScripting.Core\Dependencies\DotNetZip\Unity.VisualScripting.IonicZip.dll
Native extension for WindowsStandalone target not found
Refreshing native plugins compatible for Editor in 0.78 ms, found 3 plugins.
Preloading 0 native plugins for Editor in 0.00 ms.
Mono: successfully reloaded assembly
- Completed reload, in  1.097 seconds
Domain Reload Profiling:
	ReloadAssembly (1098ms)
		BeginReloadAssembly (138ms)
			ExecutionOrderSort (0ms)
			DisableScriptedObjects (4ms)
			BackupInstance (0ms)
			ReleaseScriptingObjects (0ms)
			CreateAndSetChildDomain (37ms)
		EndReloadAssembly (848ms)
			LoadAssemblies (98ms)
			RebuildTransferFunctionScriptingTraits (0ms)
			SetupTypeCache (260ms)
			ReleaseScriptCaches (1ms)
			RebuildScriptCaches (42ms)
			SetupLoadedEditorAssemblies (411ms)
				LogAssemblyErrors (0ms)
				InitializePlatformSupportModulesInManaged (12ms)
				SetLoadedEditorAssemblies (1ms)
				RefreshPlugins (1ms)
				BeforeProcessingInitializeOnLoad (75ms)
				ProcessInitializeOnLoadAttributes (283ms)
				ProcessInitializeOnLoadMethodAttributes (30ms)
				AfterProcessingInitializeOnLoad (10ms)
				EditorAssembliesLoaded (0ms)
			ExecutionOrderSort2 (0ms)
			AwakeInstancesAfterBackupRestoration (6ms)
Platform modules already initialized, skipping
Refreshing native plugins compatible for Editor in 3.34 ms, found 3 plugins.
Preloading 0 native plugins for Editor in 0.00 ms.
Unloading 4041 Unused Serialized files (Serialized files now loaded: 0)
Unloading 34 unused Assets / (1.7 MB). Loaded Objects now: 4581.
Memory consumption went from 159.2 MB to 157.5 MB.
Total: 3.789100 ms (FindLiveObjects: 0.322200 ms CreateObjectMapping: 0.223900 ms MarkObjects: 2.820300 ms  DeleteObjects: 0.421600 ms)

AssetImportParameters requested are different than current active one (requested -> active):
  custom:video-decoder-ogg-theora: a1e56fd34408186e4bbccfd4996cb3dc -> 
  custom:container-muxer-webm: aa71ff27fc2769a1b78a27578f13a17b -> 
  custom:container-demuxer-webm: 4f35f7cbe854078d1ac9338744f61a02 -> 
  custom:video-encoder-webm-vp8: eb34c28f22e8b96e1ab97ce403110664 -> 
  custom:audio-encoder-webm-vorbis: bf7c407c2cedff20999df2af8eb42d56 -> 
  custom:framework-win-MediaFoundation: 216162199b28c13a410421893ffa2e32 -> 
  custom:container-demuxer-ogg: 62fdf1f143b41e24485cea50d1cbac27 -> 
  custom:video-decoder-webm-vp8: 9c59270c3fd7afecdb556c50c9e8de78 -> 
  custom:audio-decoder-ogg-vorbis: bf7c407c2cedff20999df2af8eb42d56 -> 
========================================================================
Received Prepare
Registering precompiled user dll's ...
Registered in 0.008939 seconds.
Begin MonoManager ReloadAssembly
Symbol file LoadedFromMemory doesn't match image C:\Users\Diana\source\repos\AP2\Herb's Big Adventure\Library\PackageCache\com.unity.visualscripting@1.7.8\Editor\VisualScripting.Core\Dependencies\YamlDotNet\Unity.VisualScripting.YamlDotNet.dll
Symbol file LoadedFromMemory doesn't match image C:\Users\Diana\source\repos\AP2\Herb's Big Adventure\Library\PackageCache\com.unity.visualscripting@1.7.8\Editor\VisualScripting.Core\Dependencies\DotNetZip\Unity.VisualScripting.IonicZip.dll
Native extension for WindowsStandalone target not found
Refreshing native plugins compatible for Editor in 1.41 ms, found 3 plugins.
Preloading 0 native plugins for Editor in 0.00 ms.
Mono: successfully reloaded assembly
- Completed reload, in  1.363 seconds
Domain Reload Profiling:
	ReloadAssembly (1363ms)
		BeginReloadAssembly (142ms)
			ExecutionOrderSort (0ms)
			DisableScriptedObjects (5ms)
			BackupInstance (0ms)
			ReleaseScriptingObjects (0ms)
			CreateAndSetChildDomain (37ms)
		EndReloadAssembly (1117ms)
			LoadAssemblies (106ms)
			RebuildTransferFunctionScriptingTraits (0ms)
			SetupTypeCache (264ms)
			ReleaseScriptCaches (1ms)
			RebuildScriptCaches (60ms)
			SetupLoadedEditorAssemblies (613ms)
				LogAssemblyErrors (0ms)
				InitializePlatformSupportModulesInManaged (21ms)
				SetLoadedEditorAssemblies (1ms)
				RefreshPlugins (1ms)
				BeforeProcessingInitializeOnLoad (103ms)
				ProcessInitializeOnLoadAttributes (430ms)
				ProcessInitializeOnLoadMethodAttributes (42ms)
				AfterProcessingInitializeOnLoad (14ms)
				EditorAssembliesLoaded (0ms)
			ExecutionOrderSort2 (0ms)
			AwakeInstancesAfterBackupRestoration (12ms)
Platform modules already initialized, skipping
Refreshing native plugins compatible for Editor in 4.57 ms, found 3 plugins.
Preloading 0 native plugins for Editor in 0.00 ms.
Unloading 4041 Unused Serialized files (Serialized files now loaded: 0)
Unloading 34 unused Assets / (1.7 MB). Loaded Objects now: 4596.
Memory consumption went from 159.2 MB to 157.5 MB.
Total: 5.396200 ms (FindLiveObjects: 0.417700 ms CreateObjectMapping: 0.347600 ms MarkObjects: 4.000000 ms  DeleteObjects: 0.627900 ms)

AssetImportParameters requested are different than current active one (requested -> active):
  custom:video-decoder-ogg-theora: a1e56fd34408186e4bbccfd4996cb3dc -> 
  custom:container-muxer-webm: aa71ff27fc2769a1b78a27578f13a17b -> 
  custom:container-demuxer-webm: 4f35f7cbe854078d1ac9338744f61a02 -> 
  custom:video-encoder-webm-vp8: eb34c28f22e8b96e1ab97ce403110664 -> 
  custom:audio-encoder-webm-vorbis: bf7c407c2cedff20999df2af8eb42d56 -> 
  custom:framework-win-MediaFoundation: 216162199b28c13a410421893ffa2e32 -> 
  custom:container-demuxer-ogg: 62fdf1f143b41e24485cea50d1cbac27 -> 
  custom:video-decoder-webm-vp8: 9c59270c3fd7afecdb556c50c9e8de78 -> 
  custom:audio-decoder-ogg-vorbis: bf7c407c2cedff20999df2af8eb42d56 -> 
========================================================================
Received Prepare
Registering precompiled user dll's ...
Registered in 0.007244 seconds.
Begin MonoManager ReloadAssembly
Symbol file LoadedFromMemory doesn't match image C:\Users\Diana\source\repos\AP2\Herb's Big Adventure\Library\PackageCache\com.unity.visualscripting@1.7.8\Editor\VisualScripting.Core\Dependencies\YamlDotNet\Unity.VisualScripting.YamlDotNet.dll
Symbol file LoadedFromMemory doesn't match image C:\Users\Diana\source\repos\AP2\Herb's Big Adventure\Library\PackageCache\com.unity.visualscripting@1.7.8\Editor\VisualScripting.Core\Dependencies\DotNetZip\Unity.VisualScripting.IonicZip.dll
Native extension for WindowsStandalone target not found
Refreshing native plugins compatible for Editor in 1.73 ms, found 3 plugins.
Preloading 0 native plugins for Editor in 0.00 ms.
Mono: successfully reloaded assembly
- Completed reload, in  1.577 seconds
Domain Reload Profiling:
	ReloadAssembly (1578ms)
		BeginReloadAssembly (138ms)
			ExecutionOrderSort (0ms)
			DisableScriptedObjects (4ms)
			BackupInstance (0ms)
			ReleaseScriptingObjects (0ms)
			CreateAndSetChildDomain (38ms)
		EndReloadAssembly (1333ms)
			LoadAssemblies (96ms)
			RebuildTransferFunctionScriptingTraits (0ms)
			SetupTypeCache (369ms)
			ReleaseScriptCaches (4ms)
			RebuildScriptCaches (88ms)
			SetupLoadedEditorAssemblies (673ms)
				LogAssemblyErrors (0ms)
				InitializePlatformSupportModulesInManaged (22ms)
				SetLoadedEditorAssemblies (1ms)
				RefreshPlugins (2ms)
				BeforeProcessingInitializeOnLoad (109ms)
				ProcessInitializeOnLoadAttributes (478ms)
				ProcessInitializeOnLoadMethodAttributes (45ms)
				AfterProcessingInitializeOnLoad (16ms)
				EditorAssembliesLoaded (1ms)
			ExecutionOrderSort2 (0ms)
			AwakeInstancesAfterBackupRestoration (11ms)
Platform modules already initialized, skipping
Refreshing native plugins compatible for Editor in 4.43 ms, found 3 plugins.
Preloading 0 native plugins for Editor in 0.00 ms.
Unloading 4041 Unused Serialized files (Serialized files now loaded: 0)
Unloading 34 unused Assets / (1.7 MB). Loaded Objects now: 4611.
Memory consumption went from 159.2 MB to 157.5 MB.
Total: 7.852400 ms (FindLiveObjects: 0.986200 ms CreateObjectMapping: 0.764100 ms MarkObjects: 5.203100 ms  DeleteObjects: 0.897000 ms)

AssetImportParameters requested are different than current active one (requested -> active):
  custom:video-decoder-ogg-theora: a1e56fd34408186e4bbccfd4996cb3dc -> 
  custom:container-muxer-webm: aa71ff27fc2769a1b78a27578f13a17b -> 
  custom:container-demuxer-webm: 4f35f7cbe854078d1ac9338744f61a02 -> 
  custom:video-encoder-webm-vp8: eb34c28f22e8b96e1ab97ce403110664 -> 
  custom:audio-encoder-webm-vorbis: bf7c407c2cedff20999df2af8eb42d56 -> 
  custom:framework-win-MediaFoundation: 216162199b28c13a410421893ffa2e32 -> 
  custom:container-demuxer-ogg: 62fdf1f143b41e24485cea50d1cbac27 -> 
  custom:video-decoder-webm-vp8: 9c59270c3fd7afecdb556c50c9e8de78 -> 
  custom:audio-decoder-ogg-vorbis: bf7c407c2cedff20999df2af8eb42d56 -> 
========================================================================
Received Prepare
Registering precompiled user dll's ...
Registered in 0.007718 seconds.
Begin MonoManager ReloadAssembly
Symbol file LoadedFromMemory doesn't match image C:\Users\Diana\source\repos\AP2\Herb's Big Adventure\Library\PackageCache\com.unity.visualscripting@1.7.8\Editor\VisualScripting.Core\Dependencies\YamlDotNet\Unity.VisualScripting.YamlDotNet.dll
Symbol file LoadedFromMemory doesn't match image C:\Users\Diana\source\repos\AP2\Herb's Big Adventure\Library\PackageCache\com.unity.visualscripting@1.7.8\Editor\VisualScripting.Core\Dependencies\DotNetZip\Unity.VisualScripting.IonicZip.dll
Native extension for WindowsStandalone target not found
Refreshing native plugins compatible for Editor in 0.85 ms, found 3 plugins.
Preloading 0 native plugins for Editor in 0.00 ms.
Mono: successfully reloaded assembly
- Completed reload, in  1.124 seconds
Domain Reload Profiling:
	ReloadAssembly (1125ms)
		BeginReloadAssembly (137ms)
			ExecutionOrderSort (0ms)
			DisableScriptedObjects (4ms)
			BackupInstance (0ms)
			ReleaseScriptingObjects (0ms)
			CreateAndSetChildDomain (35ms)
		EndReloadAssembly (882ms)
			LoadAssemblies (97ms)
			RebuildTransferFunctionScriptingTraits (0ms)
			SetupTypeCache (266ms)
			ReleaseScriptCaches (1ms)
			RebuildScriptCaches (50ms)
			SetupLoadedEditorAssemblies (423ms)
				LogAssemblyErrors (0ms)
				InitializePlatformSupportModulesInManaged (13ms)
				SetLoadedEditorAssemblies (0ms)
				RefreshPlugins (1ms)
				BeforeProcessingInitializeOnLoad (72ms)
				ProcessInitializeOnLoadAttributes (301ms)
				ProcessInitializeOnLoadMethodAttributes (26ms)
				AfterProcessingInitializeOnLoad (10ms)
				EditorAssembliesLoaded (0ms)
			ExecutionOrderSort2 (0ms)
			AwakeInstancesAfterBackupRestoration (8ms)
Platform modules already initialized, skipping
Refreshing native plugins compatible for Editor in 2.22 ms, found 3 plugins.
Preloading 0 native plugins for Editor in 0.00 ms.
Unloading 4041 Unused Serialized files (Serialized files now loaded: 0)
Unloading 34 unused Assets / (1.7 MB). Loaded Objects now: 4626.
Memory consumption went from 159.2 MB to 157.5 MB.
Total: 4.299800 ms (FindLiveObjects: 0.432900 ms CreateObjectMapping: 0.392200 ms MarkObjects: 2.886900 ms  DeleteObjects: 0.586900 ms)

AssetImportParameters requested are different than current active one (requested -> active):
  custom:video-decoder-ogg-theora: a1e56fd34408186e4bbccfd4996cb3dc -> 
  custom:container-muxer-webm: aa71ff27fc2769a1b78a27578f13a17b -> 
  custom:container-demuxer-webm: 4f35f7cbe854078d1ac9338744f61a02 -> 
  custom:video-encoder-webm-vp8: eb34c28f22e8b96e1ab97ce403110664 -> 
  custom:audio-encoder-webm-vorbis: bf7c407c2cedff20999df2af8eb42d56 -> 
  custom:framework-win-MediaFoundation: 216162199b28c13a410421893ffa2e32 -> 
  custom:container-demuxer-ogg: 62fdf1f143b41e24485cea50d1cbac27 -> 
  custom:video-decoder-webm-vp8: 9c59270c3fd7afecdb556c50c9e8de78 -> 
  custom:audio-decoder-ogg-vorbis: bf7c407c2cedff20999df2af8eb42d56 -> 
========================================================================
Received Prepare
Registering precompiled user dll's ...
Registered in 0.007263 seconds.
Begin MonoManager ReloadAssembly
Symbol file LoadedFromMemory doesn't match image C:\Users\Diana\source\repos\AP2\Herb's Big Adventure\Library\PackageCache\com.unity.visualscripting@1.7.8\Editor\VisualScripting.Core\Dependencies\YamlDotNet\Unity.VisualScripting.YamlDotNet.dll
Symbol file LoadedFromMemory doesn't match image C:\Users\Diana\source\repos\AP2\Herb's Big Adventure\Library\PackageCache\com.unity.visualscripting@1.7.8\Editor\VisualScripting.Core\Dependencies\DotNetZip\Unity.VisualScripting.IonicZip.dll
Native extension for WindowsStandalone target not found
Refreshing native plugins compatible for Editor in 1.70 ms, found 3 plugins.
Preloading 0 native plugins for Editor in 0.00 ms.
Mono: successfully reloaded assembly
- Completed reload, in  1.287 seconds
Domain Reload Profiling:
	ReloadAssembly (1287ms)
		BeginReloadAssembly (137ms)
			ExecutionOrderSort (0ms)
			DisableScriptedObjects (6ms)
			BackupInstance (0ms)
			ReleaseScriptingObjects (0ms)
			CreateAndSetChildDomain (35ms)
		EndReloadAssembly (1041ms)
			LoadAssemblies (96ms)
			RebuildTransferFunctionScriptingTraits (0ms)
			SetupTypeCache (243ms)
			ReleaseScriptCaches (1ms)
			RebuildScriptCaches (56ms)
			SetupLoadedEditorAssemblies (573ms)
				LogAssemblyErrors (0ms)
				InitializePlatformSupportModulesInManaged (18ms)
				SetLoadedEditorAssemblies (1ms)
				RefreshPlugins (2ms)
				BeforeProcessingInitializeOnLoad (99ms)
				ProcessInitializeOnLoadAttributes (400ms)
				ProcessInitializeOnLoadMethodAttributes (40ms)
				AfterProcessingInitializeOnLoad (13ms)
				EditorAssembliesLoaded (1ms)
			ExecutionOrderSort2 (0ms)
			AwakeInstancesAfterBackupRestoration (9ms)
Platform modules already initialized, skipping
Refreshing native plugins compatible for Editor in 4.66 ms, found 3 plugins.
Preloading 0 native plugins for Editor in 0.00 ms.
Unloading 4041 Unused Serialized files (Serialized files now loaded: 0)
Unloading 34 unused Assets / (1.7 MB). Loaded Objects now: 4641.
Memory consumption went from 159.2 MB to 157.5 MB.
Total: 4.172600 ms (FindLiveObjects: 0.446800 ms CreateObjectMapping: 0.303500 ms MarkObjects: 2.992100 ms  DeleteObjects: 0.429200 ms)

AssetImportParameters requested are different than current active one (requested -> active):
  custom:video-decoder-ogg-theora: a1e56fd34408186e4bbccfd4996cb3dc -> 
  custom:container-muxer-webm: aa71ff27fc2769a1b78a27578f13a17b -> 
  custom:container-demuxer-webm: 4f35f7cbe854078d1ac9338744f61a02 -> 
  custom:video-encoder-webm-vp8: eb34c28f22e8b96e1ab97ce403110664 -> 
  custom:audio-encoder-webm-vorbis: bf7c407c2cedff20999df2af8eb42d56 -> 
  custom:framework-win-MediaFoundation: 216162199b28c13a410421893ffa2e32 -> 
  custom:container-demuxer-ogg: 62fdf1f143b41e24485cea50d1cbac27 -> 
  custom:video-decoder-webm-vp8: 9c59270c3fd7afecdb556c50c9e8de78 -> 
  custom:audio-decoder-ogg-vorbis: bf7c407c2cedff20999df2af8eb42d56 -> 
========================================================================
Received Import Request.
  Time since last request: 265.873463 seconds.
  path: Assets/3D Platformer Assets/Materials/Boss_Main.mat
  artifactKey: Guid(fe1454405cb412342a62a5e3d354af17) Importer(815301076,1909f56bfc062723c751e8b465ee728b)
Start importing Assets/3D Platformer Assets/Materials/Boss_Main.mat using Guid(fe1454405cb412342a62a5e3d354af17) Importer(815301076,1909f56bfc062723c751e8b465ee728b)  -> (artifact id: 'f8c376b4525f70f9c189e5258f0d7aaa') in 0.137500 seconds 
========================================================================
Received Import Request.
  Time since last request: 0.000032 seconds.
  path: Assets/3D Platformer Assets/Materials/MapPoint_Edge.mat
  artifactKey: Guid(7bd3da43f9ff5bf4db24b687fb522c70) Importer(815301076,1909f56bfc062723c751e8b465ee728b)
Start importing Assets/3D Platformer Assets/Materials/MapPoint_Edge.mat using Guid(7bd3da43f9ff5bf4db24b687fb522c70) Importer(815301076,1909f56bfc062723c751e8b465ee728b)  -> (artifact id: '1c317466eaea3f9b5e2ac8b42a95194d') in 0.030356 seconds 
========================================================================
Received Import Request.
  Time since last request: 0.000053 seconds.
  path: Assets/3D Platformer Assets/Materials/MapPoint_Center_Inactive.mat
  artifactKey: Guid(9a70384d15c6d494f80cc22870df4800) Importer(815301076,1909f56bfc062723c751e8b465ee728b)
Start importing Assets/3D Platformer Assets/Materials/MapPoint_Center_Inactive.mat using Guid(9a70384d15c6d494f80cc22870df4800) Importer(815301076,1909f56bfc062723c751e8b465ee728b)  -> (artifact id: '0aafb2d4c1c269bdae6c0bbfcf2f4f20') in 0.022774 seconds 
========================================================================
Received Import Request.
  Time since last request: 0.000026 seconds.
  path: Assets/3D Platformer Assets/Materials/Cloud.mat
  artifactKey: Guid(aa526ad6f8190e047889ab6c139fedaf) Importer(815301076,1909f56bfc062723c751e8b465ee728b)
Start importing Assets/3D Platformer Assets/Materials/Cloud.mat using Guid(aa526ad6f8190e047889ab6c139fedaf) Importer(815301076,1909f56bfc062723c751e8b465ee728b)  -> (artifact id: '40ce76055f64b4bc24610ada43b3b7b2') in 0.030357 seconds 
========================================================================
Received Import Request.
  Time since last request: 0.000029 seconds.
  path: Assets/3D Platformer Assets/Materials/CP_Light On.mat
  artifactKey: Guid(9317f495ea34f7a4cae720ed298991a4) Importer(815301076,1909f56bfc062723c751e8b465ee728b)
Start importing Assets/3D Platformer Assets/Materials/CP_Light On.mat using Guid(9317f495ea34f7a4cae720ed298991a4) Importer(815301076,1909f56bfc062723c751e8b465ee728b)  -> (artifact id: 'a8daaf670d0640e345917f0847fba8c2') in 0.024653 seconds 
========================================================================
Received Import Request.
  Time since last request: 0.000026 seconds.
  path: Assets/3D Platformer Assets/Materials/Player_Grey.mat
  artifactKey: Guid(2364c9e0ff2e4494aa56f5dd4a5f09bd) Importer(815301076,1909f56bfc062723c751e8b465ee728b)
Start importing Assets/3D Platformer Assets/Materials/Player_Grey.mat using Guid(2364c9e0ff2e4494aa56f5dd4a5f09bd) Importer(815301076,1909f56bfc062723c751e8b465ee728b)  -> (artifact id: '5290995c247789aa7668dfe1e833f380') in 0.021203 seconds 
========================================================================
Received Import Request.
  Time since last request: 0.000027 seconds.
  path: Assets/3D Platformer Assets/Materials/Snow.mat
  artifactKey: Guid(961bd2256fd6c4448a18c0b54b623bb2) Importer(815301076,1909f56bfc062723c751e8b465ee728b)
Start importing Assets/3D Platformer Assets/Materials/Snow.mat using Guid(961bd2256fd6c4448a18c0b54b623bb2) Importer(815301076,1909f56bfc062723c751e8b465ee728b)  -> (artifact id: '442de37ab2bf09b2f6a7161da3845d12') in 0.021438 seconds 
========================================================================
Received Import Request.
  Time since last request: 0.000056 seconds.
  path: Assets/3D Platformer Assets/Materials/woodDark.mat
  artifactKey: Guid(6571e5eac78f7f346bdfe21f5754c101) Importer(815301076,1909f56bfc062723c751e8b465ee728b)
Start importing Assets/3D Platformer Assets/Materials/woodDark.mat using Guid(6571e5eac78f7f346bdfe21f5754c101) Importer(815301076,1909f56bfc062723c751e8b465ee728b)  -> (artifact id: 'a2fc2db58f98d032fcdf48884586a043') in 0.022305 seconds 
========================================================================
Received Import Request.
  Time since last request: 0.000042 seconds.
  path: Assets/3D Platformer Assets/Materials/rock.mat
  artifactKey: Guid(b3e7989bdfcb040428df3ad84430b5b0) Importer(815301076,1909f56bfc062723c751e8b465ee728b)
Start importing Assets/3D Platformer Assets/Materials/rock.mat using Guid(b3e7989bdfcb040428df3ad84430b5b0) Importer(815301076,1909f56bfc062723c751e8b465ee728b)  -> (artifact id: '3d32cd91b6a8b2f1add9138a0c9a41d4') in 0.025135 seconds 
========================================================================
Received Import Request.
  Time since last request: 0.001046 seconds.
  path: Assets/3D Platformer Assets/Materials/Bronze.mat
  artifactKey: Guid(93bbf2d3b4cfbe346bb0a3b4f8cf9dfa) Importer(815301076,1909f56bfc062723c751e8b465ee728b)
Start importing Assets/3D Platformer Assets/Materials/Bronze.mat using Guid(93bbf2d3b4cfbe346bb0a3b4f8cf9dfa) Importer(815301076,1909f56bfc062723c751e8b465ee728b)  -> (artifact id: 'dd7a8c792b911628bdc9f6900bc6134f') in 0.027967 seconds 
========================================================================
Received Import Request.
  Time since last request: 0.000039 seconds.
  path: Assets/3D Platformer Assets/Materials/Gold.mat
  artifactKey: Guid(0113176fcdd0149459a7117b807353fc) Importer(815301076,1909f56bfc062723c751e8b465ee728b)
Start importing Assets/3D Platformer Assets/Materials/Gold.mat using Guid(0113176fcdd0149459a7117b807353fc) Importer(815301076,1909f56bfc062723c751e8b465ee728b)  -> (artifact id: 'c2610778a0ada48bf6943adc492ed4ca') in 0.020313 seconds 
========================================================================
Received Import Request.
  Time since last request: 0.000030 seconds.
  path: Assets/3D Platformer Assets/Materials/wood.mat
  artifactKey: Guid(43e122bddb780284fb4926b349f5eb67) Importer(815301076,1909f56bfc062723c751e8b465ee728b)
Start importing Assets/3D Platformer Assets/Materials/wood.mat using Guid(43e122bddb780284fb4926b349f5eb67) Importer(815301076,1909f56bfc062723c751e8b465ee728b)  -> (artifact id: '61a192ec58ec5cd98192b4ae33247585') in 0.025336 seconds 
========================================================================
Received Import Request.
  Time since last request: 0.000054 seconds.
  path: Assets/3D Platformer Assets/Materials/Ground.mat
  artifactKey: Guid(26fcb4e738544ce4dadc04ed6c21d4d4) Importer(815301076,1909f56bfc062723c751e8b465ee728b)
Start importing Assets/3D Platformer Assets/Materials/Ground.mat using Guid(26fcb4e738544ce4dadc04ed6c21d4d4) Importer(815301076,1909f56bfc062723c751e8b465ee728b)  -> (artifact id: '40a59b6d975ff8a297c24cc2da42538b') in 0.028733 seconds 
========================================================================
Received Import Request.
  Time since last request: 1.544475 seconds.
  path: Assets/3D Platformer Assets/Models/Environment/Kenney/arrows.prefab
  artifactKey: Guid(0dbcb6e580e57884fb18c85d42c6de62) Importer(815301076,1909f56bfc062723c751e8b465ee728b)
Start importing Assets/3D Platformer Assets/Models/Environment/Kenney/arrows.prefab using Guid(0dbcb6e580e57884fb18c85d42c6de62) Importer(815301076,1909f56bfc062723c751e8b465ee728b)  -> (artifact id: '2c435d1a068328f6e24b8a342520fb38') in 0.038515 seconds 
========================================================================
Received Import Request.
  Time since last request: 0.000022 seconds.
  path: Assets/3D Platformer Assets/Models/Environment/Kenney/blockSlopeHalf.prefab
  artifactKey: Guid(7f228d626e06f324eb474ae10045ce9a) Importer(815301076,1909f56bfc062723c751e8b465ee728b)
Start importing Assets/3D Platformer Assets/Models/Environment/Kenney/blockSlopeHalf.prefab using Guid(7f228d626e06f324eb474ae10045ce9a) Importer(815301076,1909f56bfc062723c751e8b465ee728b)  -> (artifact id: '0c7619c78fbac68923535365d3a8cbef') in 0.016008 seconds 
========================================================================
Received Import Request.
  Time since last request: 0.000025 seconds.
  path: Assets/3D Platformer Assets/Models/Environment/Kenney/blockSnowHalf.prefab
  artifactKey: Guid(5a0d56c863a79654ea970f931ef31bd1) Importer(815301076,1909f56bfc062723c751e8b465ee728b)
Start importing Assets/3D Platformer Assets/Models/Environment/Kenney/blockSnowHalf.prefab using Guid(5a0d56c863a79654ea970f931ef31bd1) Importer(815301076,1909f56bfc062723c751e8b465ee728b)  -> (artifact id: '53b8ab3f42751cc8599d8225c1169c11') in 0.020113 seconds 
========================================================================
Received Import Request.
  Time since last request: 0.000018 seconds.
  path: Assets/3D Platformer Assets/Models/Environment/Kenney/blockSnowHexagon.prefab
  artifactKey: Guid(8d010256e81356a45b9aa576766dab1f) Importer(815301076,1909f56bfc062723c751e8b465ee728b)
Start importing Assets/3D Platformer Assets/Models/Environment/Kenney/blockSnowHexagon.prefab using Guid(8d010256e81356a45b9aa576766dab1f) Importer(815301076,1909f56bfc062723c751e8b465ee728b)  -> (artifact id: 'df61c5aa08e67cad5d183d6a528d8962') in 0.020328 seconds 
========================================================================
Received Import Request.
  Time since last request: 0.000022 seconds.
  path: Assets/3D Platformer Assets/Models/Environment/Kenney/fenceLow.prefab
  artifactKey: Guid(116ab3a9777d07445970427e65d1ebf4) Importer(815301076,1909f56bfc062723c751e8b465ee728b)
Start importing Assets/3D Platformer Assets/Models/Environment/Kenney/fenceLow.prefab using Guid(116ab3a9777d07445970427e65d1ebf4) Importer(815301076,1909f56bfc062723c751e8b465ee728b)  -> (artifact id: 'e3482ba9ba975e1d6b5796d8d5274b8a') in 0.027408 seconds 
========================================================================
Received Import Request.
  Time since last request: 0.000032 seconds.
  path: Assets/3D Platformer Assets/Models/Environment/Kenney/fenceCornerCurved.prefab
  artifactKey: Guid(d698473c4e9d4f543b055f2c15e4640c) Importer(815301076,1909f56bfc062723c751e8b465ee728b)
Start importing Assets/3D Platformer Assets/Models/Environment/Kenney/fenceCornerCurved.prefab using Guid(d698473c4e9d4f543b055f2c15e4640c) Importer(815301076,1909f56bfc062723c751e8b465ee728b)  -> (artifact id: '7963a8549f53b81810a5b9064b4fdfbd') in 0.027325 seconds 
========================================================================
Received Import Request.
  Time since last request: 0.000056 seconds.
  path: Assets/3D Platformer Assets/Models/Environment/Kenney/blockSnowHexagonLow.prefab
  artifactKey: Guid(369f20b02d321b04586955d29dc59c7c) Importer(815301076,1909f56bfc062723c751e8b465ee728b)
Start importing Assets/3D Platformer Assets/Models/Environment/Kenney/blockSnowHexagonLow.prefab using Guid(369f20b02d321b04586955d29dc59c7c) Importer(815301076,1909f56bfc062723c751e8b465ee728b)  -> (artifact id: '54bf61a2baf89854b218001d97f567ad') in 0.029794 seconds 
========================================================================
Received Import Request.
  Time since last request: 0.000029 seconds.
  path: Assets/3D Platformer Assets/Models/Environment/Kenney/fenceCorner.prefab
  artifactKey: Guid(ee17c6806be430d48bbc1e172fea82ea) Importer(815301076,1909f56bfc062723c751e8b465ee728b)
Start importing Assets/3D Platformer Assets/Models/Environment/Kenney/fenceCorner.prefab using Guid(ee17c6806be430d48bbc1e172fea82ea) Importer(815301076,1909f56bfc062723c751e8b465ee728b)  -> (artifact id: '1724760363437eb72db3f91d93e2525c') in 0.019368 seconds 
========================================================================
Received Import Request.
  Time since last request: 0.000083 seconds.
  path: Assets/3D Platformer Assets/Models/Environment/Kenney/blockDirt.prefab
  artifactKey: Guid(a0852f2574e03064a83f85550c7bad59) Importer(815301076,1909f56bfc062723c751e8b465ee728b)
Start importing Assets/3D Platformer Assets/Models/Environment/Kenney/blockDirt.prefab using Guid(a0852f2574e03064a83f85550c7bad59) Importer(815301076,1909f56bfc062723c751e8b465ee728b)  -> (artifact id: '7b427e63852e933adc16e3dac79ba514') in 0.021064 seconds 
========================================================================
Received Import Request.
  Time since last request: 0.000028 seconds.
  path: Assets/3D Platformer Assets/Models/Environment/Kenney/blockSnowCornerSmall.prefab
  artifactKey: Guid(0fbd8a5f63d2b33439f6b1fe061565f2) Importer(815301076,1909f56bfc062723c751e8b465ee728b)
Start importing Assets/3D Platformer Assets/Models/Environment/Kenney/blockSnowCornerSmall.prefab using Guid(0fbd8a5f63d2b33439f6b1fe061565f2) Importer(815301076,1909f56bfc062723c751e8b465ee728b)  -> (artifact id: '9b69190339445f424e416a33b622e1d7') in 0.027596 seconds 
========================================================================
Received Import Request.
  Time since last request: 0.000019 seconds.
  path: Assets/3D Platformer Assets/Models/Environment/Kenney/blockSnowCornerLarge.prefab
  artifactKey: Guid(67a2b8b14f792d04aa0a9e18d204933b) Importer(815301076,1909f56bfc062723c751e8b465ee728b)
Start importing Assets/3D Platformer Assets/Models/Environment/Kenney/blockSnowCornerLarge.prefab using Guid(67a2b8b14f792d04aa0a9e18d204933b) Importer(815301076,1909f56bfc062723c751e8b465ee728b)  -> (artifact id: 'b02b4784395e9b7007fb22542c2491c4') in 0.027237 seconds 
========================================================================
Received Import Request.
  Time since last request: 0.000032 seconds.
  path: Assets/3D Platformer Assets/Models/Environment/Kenney/blockSnowLevel.prefab
  artifactKey: Guid(3666048021887104f8b48c39c2cec2ad) Importer(815301076,1909f56bfc062723c751e8b465ee728b)
Start importing Assets/3D Platformer Assets/Models/Environment/Kenney/blockSnowLevel.prefab using Guid(3666048021887104f8b48c39c2cec2ad) Importer(815301076,1909f56bfc062723c751e8b465ee728b)  -> (artifact id: '0a2670a108e936696e66cbd010618534') in 0.019716 seconds 
========================================================================
Received Import Request.
  Time since last request: 0.000018 seconds.
  path: Assets/3D Platformer Assets/Models/Environment/Kenney/barrel 1.prefab
  artifactKey: Guid(201ac5f6eb1cac1438945cc520b4f576) Importer(815301076,1909f56bfc062723c751e8b465ee728b)
Start importing Assets/3D Platformer Assets/Models/Environment/Kenney/barrel 1.prefab using Guid(201ac5f6eb1cac1438945cc520b4f576) Importer(815301076,1909f56bfc062723c751e8b465ee728b)  -> (artifact id: '971c2734629109f14dcadc996a0acaae') in 0.022553 seconds 
========================================================================
Received Import Request.
  Time since last request: 0.000042 seconds.
  path: Assets/3D Platformer Assets/Models/Environment/Kenney/block.prefab
  artifactKey: Guid(235539f947d857440a0d9c4e2cdee08a) Importer(815301076,1909f56bfc062723c751e8b465ee728b)
Start importing Assets/3D Platformer Assets/Models/Environment/Kenney/block.prefab using Guid(235539f947d857440a0d9c4e2cdee08a) Importer(815301076,1909f56bfc062723c751e8b465ee728b)  -> (artifact id: '440791d6b3caaf8c7d31baec84f2327a') in 0.023160 seconds 
========================================================================
Received Import Request.
  Time since last request: 0.000023 seconds.
  path: Assets/3D Platformer Assets/Models/Environment/Kenney/blockHexagon.prefab
  artifactKey: Guid(16eb8bbae8c3d894293747314bf58cf0) Importer(815301076,1909f56bfc062723c751e8b465ee728b)
Start importing Assets/3D Platformer Assets/Models/Environment/Kenney/blockHexagon.prefab using Guid(16eb8bbae8c3d894293747314bf58cf0) Importer(815301076,1909f56bfc062723c751e8b465ee728b)  -> (artifact id: '00bdf308fc314bf2c1a186c31eae9ece') in 0.023234 seconds 
========================================================================
Received Import Request.
  Time since last request: 0.000033 seconds.
  path: Assets/3D Platformer Assets/Models/Environment/Kenney/barrel.prefab
  artifactKey: Guid(b49a6b73c788917418f5dd543141ab1e) Importer(815301076,1909f56bfc062723c751e8b465ee728b)
Start importing Assets/3D Platformer Assets/Models/Environment/Kenney/barrel.prefab using Guid(b49a6b73c788917418f5dd543141ab1e) Importer(815301076,1909f56bfc062723c751e8b465ee728b)  -> (artifact id: 'f4a12bf32a442652eb55a3821cdbd532') in 0.022162 seconds 
========================================================================
Received Import Request.
  Time since last request: 0.000030 seconds.
  path: Assets/3D Platformer Assets/Models/Environment/Kenney/blockDirtHalf.prefab
  artifactKey: Guid(67529e69eed65e142a42f3f809988a1a) Importer(815301076,1909f56bfc062723c751e8b465ee728b)
Start importing Assets/3D Platformer Assets/Models/Environment/Kenney/blockDirtHalf.prefab using Guid(67529e69eed65e142a42f3f809988a1a) Importer(815301076,1909f56bfc062723c751e8b465ee728b)  -> (artifact id: '8d6cbb55c1f83ace557e90f18edc723f') in 0.029903 seconds 
========================================================================
Received Import Request.
  Time since last request: 0.000023 seconds.
  path: Assets/3D Platformer Assets/Models/Environment/Kenney/blockSlope.prefab
  artifactKey: Guid(9c5c0fca589319d478b76fca7cbbf1a0) Importer(815301076,1909f56bfc062723c751e8b465ee728b)
Start importing Assets/3D Platformer Assets/Models/Environment/Kenney/blockSlope.prefab using Guid(9c5c0fca589319d478b76fca7cbbf1a0) Importer(815301076,1909f56bfc062723c751e8b465ee728b)  -> (artifact id: '9287c45f1a60ed751bc9aa29aa5bf254') in 0.019091 seconds 
========================================================================
Received Import Request.
  Time since last request: 0.000023 seconds.
  path: Assets/3D Platformer Assets/Models/Environment/Kenney/blockSnowCliff.prefab
  artifactKey: Guid(2fc3a378d2190f94d94b674253831a7d) Importer(815301076,1909f56bfc062723c751e8b465ee728b)
Start importing Assets/3D Platformer Assets/Models/Environment/Kenney/blockSnowCliff.prefab using Guid(2fc3a378d2190f94d94b674253831a7d) Importer(815301076,1909f56bfc062723c751e8b465ee728b)  -> (artifact id: '00d9c2f6274c3320b7c278622ada2fb6') in 0.022663 seconds 
========================================================================
Received Import Request.
  Time since last request: 0.000026 seconds.
  path: Assets/3D Platformer Assets/Models/Environment/Quaternius Platformer Pack/Raw/Rope_Short.fbx
  artifactKey: Guid(393a50cd801ca3843b9f65de89167787) Importer(815301076,1909f56bfc062723c751e8b465ee728b)
Start importing Assets/3D Platformer Assets/Models/Environment/Quaternius Platformer Pack/Raw/Rope_Short.fbx using Guid(393a50cd801ca3843b9f65de89167787) Importer(815301076,1909f56bfc062723c751e8b465ee728b)  -> (artifact id: '8e36b90c8809797f321446b42f97061c') in 0.075162 seconds 
========================================================================
Received Import Request.
  Time since last request: 0.000025 seconds.
  path: Assets/3D Platformer Assets/Models/Environment/Quaternius Platformer Pack/Raw/Bomb.fbx
  artifactKey: Guid(9149019a94327114b949f12c090f3fd3) Importer(815301076,1909f56bfc062723c751e8b465ee728b)
Start importing Assets/3D Platformer Assets/Models/Environment/Quaternius Platformer Pack/Raw/Bomb.fbx using Guid(9149019a94327114b949f12c090f3fd3) Importer(815301076,1909f56bfc062723c751e8b465ee728b)  -> (artifact id: 'dff57973f0a20c6cf2c948b931ca45fe') in 0.050458 seconds 
========================================================================
Received Import Request.
  Time since last request: 0.000032 seconds.
  path: Assets/3D Platformer Assets/Models/Environment/Quaternius Platformer Pack/Raw/Platform_TopLeft.fbx
  artifactKey: Guid(2262c9ab1da72084197f22dfa1f49b67) Importer(815301076,1909f56bfc062723c751e8b465ee728b)
Start importing Assets/3D Platformer Assets/Models/Environment/Quaternius Platformer Pack/Raw/Platform_TopLeft.fbx using Guid(2262c9ab1da72084197f22dfa1f49b67) Importer(815301076,1909f56bfc062723c751e8b465ee728b)  -> (artifact id: 'cacdca104b70853eacebfd055d748d2b') in 0.047151 seconds 
========================================================================
Received Import Request.
  Time since last request: 0.000042 seconds.
  path: Assets/3D Platformer Assets/Models/Environment/Quaternius Platformer Pack/Raw/Cloud2.fbx
  artifactKey: Guid(0b570871ad1fd74498d4a1f56671f569) Importer(815301076,1909f56bfc062723c751e8b465ee728b)
Start importing Assets/3D Platformer Assets/Models/Environment/Quaternius Platformer Pack/Raw/Cloud2.fbx using Guid(0b570871ad1fd74498d4a1f56671f569) Importer(815301076,1909f56bfc062723c751e8b465ee728b)  -> (artifact id: '63f608af00a5e14c53b720927e23a5ed') in 0.041143 seconds 
========================================================================
Received Import Request.
  Time since last request: 0.000023 seconds.
  path: Assets/3D Platformer Assets/Models/Environment/Quaternius Platformer Pack/Raw/Crate.fbx
  artifactKey: Guid(a84cb68ecc1ab6b439df41c2724c24c3) Importer(815301076,1909f56bfc062723c751e8b465ee728b)
Start importing Assets/3D Platformer Assets/Models/Environment/Quaternius Platformer Pack/Raw/Crate.fbx using Guid(a84cb68ecc1ab6b439df41c2724c24c3) Importer(815301076,1909f56bfc062723c751e8b465ee728b)  -> (artifact id: '203abd05db1cc037bd29081a4e92e077') in 0.041257 seconds 
========================================================================
Received Import Request.
  Time since last request: 0.000029 seconds.
  path: Assets/3D Platformer Assets/Models/Environment/Quaternius Platformer Pack/Raw/Sign_Left.fbx
  artifactKey: Guid(2ee65f125a1287e4cb4b7134d2c6a895) Importer(815301076,1909f56bfc062723c751e8b465ee728b)
Start importing Assets/3D Platformer Assets/Models/Environment/Quaternius Platformer Pack/Raw/Sign_Left.fbx using Guid(2ee65f125a1287e4cb4b7134d2c6a895) Importer(815301076,1909f56bfc062723c751e8b465ee728b)  -> (artifact id: 'f84e8148150e89bd677621f0cbc220e1') in 0.043173 seconds 
========================================================================
Received Import Request.
  Time since last request: 0.000032 seconds.
  path: Assets/3D Platformer Assets/Models/Environment/Quaternius Platformer Pack/Raw/Rock2.fbx
  artifactKey: Guid(c9f0e9822c7eaa0408ab0bf3f356b40b) Importer(815301076,1909f56bfc062723c751e8b465ee728b)
Start importing Assets/3D Platformer Assets/Models/Environment/Quaternius Platformer Pack/Raw/Rock2.fbx using Guid(c9f0e9822c7eaa0408ab0bf3f356b40b) Importer(815301076,1909f56bfc062723c751e8b465ee728b)  -> (artifact id: '71d2e4da94124c68ad57c52d44bfad84') in 0.043205 seconds 
========================================================================
Received Import Request.
  Time since last request: 0.000040 seconds.
  path: Assets/3D Platformer Assets/Models/Environment/Quaternius Platformer Pack/Raw/Ladder_short.fbx
  artifactKey: Guid(a2636d6fcdf94ad48bfe4723587c7205) Importer(815301076,1909f56bfc062723c751e8b465ee728b)
Start importing Assets/3D Platformer Assets/Models/Environment/Quaternius Platformer Pack/Raw/Ladder_short.fbx using Guid(a2636d6fcdf94ad48bfe4723587c7205) Importer(815301076,1909f56bfc062723c751e8b465ee728b)  -> (artifact id: '1414a1820ab360c4c13ff5715d1b02d3') in 0.039941 seconds 
========================================================================
Received Import Request.
  Time since last request: 0.000040 seconds.
  path: Assets/3D Platformer Assets/Models/Environment/Kenney/blockLarge.prefab
  artifactKey: Guid(29998c412e42d9c4d986f2b81cc35cc4) Importer(815301076,1909f56bfc062723c751e8b465ee728b)
Start importing Assets/3D Platformer Assets/Models/Environment/Kenney/blockLarge.prefab using Guid(29998c412e42d9c4d986f2b81cc35cc4) Importer(815301076,1909f56bfc062723c751e8b465ee728b)  -> (artifact id: 'b0f6878b7e43303fa68ca1f2918e0068') in 0.030972 seconds 
========================================================================
Received Import Request.
  Time since last request: 0.000041 seconds.
  path: Assets/3D Platformer Assets/Models/Environment/Quaternius Platformer Pack/Raw/Platform_BottomMiddle.fbx
  artifactKey: Guid(b9fa3514852f6b8419aa016185fd7c98) Importer(815301076,1909f56bfc062723c751e8b465ee728b)
Start importing Assets/3D Platformer Assets/Models/Environment/Quaternius Platformer Pack/Raw/Platform_BottomMiddle.fbx using Guid(b9fa3514852f6b8419aa016185fd7c98) Importer(815301076,1909f56bfc062723c751e8b465ee728b)  -> (artifact id: 'e24b01cc8ffd25c42d9ca84eb2e678aa') in 0.039737 seconds 
========================================================================
Received Import Request.
  Time since last request: 0.000031 seconds.
  path: Assets/3D Platformer Assets/Models/Environment/Quaternius Platformer Pack/Raw/Platform_TopMiddle.fbx
  artifactKey: Guid(e6f3a542f2ce7a54aa360b122ef2c2df) Importer(815301076,1909f56bfc062723c751e8b465ee728b)
Start importing Assets/3D Platformer Assets/Models/Environment/Quaternius Platformer Pack/Raw/Platform_TopMiddle.fbx using Guid(e6f3a542f2ce7a54aa360b122ef2c2df) Importer(815301076,1909f56bfc062723c751e8b465ee728b)  -> (artifact id: '64f755f6752e47509da08423bcee6c64') in 0.052425 seconds 
========================================================================
Received Import Request.
  Time since last request: 0.000031 seconds.
  path: Assets/3D Platformer Assets/Models/Environment/Quaternius Platformer Pack/Raw/Platform_BottomRight.fbx
  artifactKey: Guid(50bb4e2325c956e499ff0943e4dd369a) Importer(815301076,1909f56bfc062723c751e8b465ee728b)
Start importing Assets/3D Platformer Assets/Models/Environment/Quaternius Platformer Pack/Raw/Platform_BottomRight.fbx using Guid(50bb4e2325c956e499ff0943e4dd369a) Importer(815301076,1909f56bfc062723c751e8b465ee728b)  -> (artifact id: '2df9846d2099ab40a3013a7d2364926e') in 0.041368 seconds 
========================================================================
Received Import Request.
  Time since last request: 0.000028 seconds.
  path: Assets/3D Platformer Assets/Models/Environment/Quaternius Platformer Pack/Raw/Sign_LeftRight.fbx
  artifactKey: Guid(79cb33e447dfdff48afdfb77268d2d35) Importer(815301076,1909f56bfc062723c751e8b465ee728b)
Start importing Assets/3D Platformer Assets/Models/Environment/Quaternius Platformer Pack/Raw/Sign_LeftRight.fbx using Guid(79cb33e447dfdff48afdfb77268d2d35) Importer(815301076,1909f56bfc062723c751e8b465ee728b)  -> (artifact id: '85c0253697e76a96f49e39920fe7337a') in 0.039927 seconds 
========================================================================
Received Import Request.
  Time since last request: 0.000100 seconds.
  path: Assets/3D Platformer Assets/Models/Environment/Kenney/blockSnowEnd.prefab
  artifactKey: Guid(9934858ab52c7a042abb1d62edd42dc7) Importer(815301076,1909f56bfc062723c751e8b465ee728b)
Start importing Assets/3D Platformer Assets/Models/Environment/Kenney/blockSnowEnd.prefab using Guid(9934858ab52c7a042abb1d62edd42dc7) Importer(815301076,1909f56bfc062723c751e8b465ee728b)  -> (artifact id: 'af1e1fe3502aca29c3e993036754228d') in 0.034652 seconds 
========================================================================
Received Import Request.
  Time since last request: 0.000065 seconds.
  path: Assets/3D Platformer Assets/Models/Environment/Quaternius Platformer Pack/Raw/Grass.fbx
  artifactKey: Guid(59b831c50fcea564a843df279447e907) Importer(815301076,1909f56bfc062723c751e8b465ee728b)
Start importing Assets/3D Platformer Assets/Models/Environment/Quaternius Platformer Pack/Raw/Grass.fbx using Guid(59b831c50fcea564a843df279447e907) Importer(815301076,1909f56bfc062723c751e8b465ee728b)  -> (artifact id: '4db3ce09ff8c067ded312a0469157e21') in 0.041598 seconds 
========================================================================
Received Import Request.
  Time since last request: 0.000038 seconds.
  path: Assets/3D Platformer Assets/Models/Environment/Quaternius Platformer Pack/Raw/Flag.fbx
  artifactKey: Guid(16f44479d840d7c40913ed70b8329b62) Importer(815301076,1909f56bfc062723c751e8b465ee728b)
Start importing Assets/3D Platformer Assets/Models/Environment/Quaternius Platformer Pack/Raw/Flag.fbx using Guid(16f44479d840d7c40913ed70b8329b62) Importer(815301076,1909f56bfc062723c751e8b465ee728b)  -> (artifact id: 'f904b209af4d87785704093a1bd4962d') in 0.054254 seconds 
========================================================================
Received Import Request.
  Time since last request: 0.000028 seconds.
  path: Assets/3D Platformer Assets/Models/Environment/Quaternius Platformer Pack/Raw/Cloud3.fbx
  artifactKey: Guid(95780b69efdf8f6469b52ab098e820c3) Importer(815301076,1909f56bfc062723c751e8b465ee728b)
Start importing Assets/3D Platformer Assets/Models/Environment/Quaternius Platformer Pack/Raw/Cloud3.fbx using Guid(95780b69efdf8f6469b52ab098e820c3) Importer(815301076,1909f56bfc062723c751e8b465ee728b)  -> (artifact id: '05affa7fa50d1e353cfe603062a4683d') in 0.046223 seconds 
========================================================================
Received Import Request.
  Time since last request: 0.000059 seconds.
  path: Assets/3D Platformer Assets/Models/Environment/Quaternius Platformer Pack/Raw/Ladder_long.fbx
  artifactKey: Guid(4e120468111ab1141a98a146f151e347) Importer(815301076,1909f56bfc062723c751e8b465ee728b)
Start importing Assets/3D Platformer Assets/Models/Environment/Quaternius Platformer Pack/Raw/Ladder_long.fbx using Guid(4e120468111ab1141a98a146f151e347) Importer(815301076,1909f56bfc062723c751e8b465ee728b)  -> (artifact id: 'fd5432279e3217c1bf22cbcdcded4f9f') in 0.040479 seconds 
========================================================================
Received Import Request.
  Time since last request: 0.000036 seconds.
  path: Assets/3D Platformer Assets/Models/Environment/Quaternius Platformer Pack/Raw/BearTrap_Open.fbx
  artifactKey: Guid(fb2597c04038bac40a481701b43e6534) Importer(815301076,1909f56bfc062723c751e8b465ee728b)
Start importing Assets/3D Platformer Assets/Models/Environment/Quaternius Platformer Pack/Raw/BearTrap_Open.fbx using Guid(fb2597c04038bac40a481701b43e6534) Importer(815301076,1909f56bfc062723c751e8b465ee728b)  -> (artifact id: 'cd0b24cd29165a44176b92c29d54841d') in 0.043484 seconds 
========================================================================
Received Import Request.
  Time since last request: 0.000079 seconds.
  path: Assets/3D Platformer Assets/Models/Environment/Quaternius Platformer Pack/Raw/Rope_Long.fbx
  artifactKey: Guid(f6d046af1ca473a4db6d14134fe4f856) Importer(815301076,1909f56bfc062723c751e8b465ee728b)
Start importing Assets/3D Platformer Assets/Models/Environment/Quaternius Platformer Pack/Raw/Rope_Long.fbx using Guid(f6d046af1ca473a4db6d14134fe4f856) Importer(815301076,1909f56bfc062723c751e8b465ee728b)  -> (artifact id: '1aaa69b59fd24e9bb8d40f1c972c1e34') in 0.046336 seconds 
========================================================================
Received Import Request.
  Time since last request: 0.000029 seconds.
  path: Assets/3D Platformer Assets/Models/Environment/Quaternius Platformer Pack/Raw/Grass1.fbx
  artifactKey: Guid(1adab54825dffab42ba1299d3a900dc5) Importer(815301076,1909f56bfc062723c751e8b465ee728b)
Start importing Assets/3D Platformer Assets/Models/Environment/Quaternius Platformer Pack/Raw/Grass1.fbx using Guid(1adab54825dffab42ba1299d3a900dc5) Importer(815301076,1909f56bfc062723c751e8b465ee728b)  -> (artifact id: 'd1e901144b0abe5637f8ada3cb154c20') in 0.041238 seconds 
========================================================================
Received Import Request.
  Time since last request: 0.000030 seconds.
  path: Assets/3D Platformer Assets/Models/Environment/Kenney/bridgeHalf.prefab
  artifactKey: Guid(de2f37422d4aeda4ab380776c31b7f5b) Importer(815301076,1909f56bfc062723c751e8b465ee728b)
Start importing Assets/3D Platformer Assets/Models/Environment/Kenney/bridgeHalf.prefab using Guid(de2f37422d4aeda4ab380776c31b7f5b) Importer(815301076,1909f56bfc062723c751e8b465ee728b)  -> (artifact id: 'e521b4945791929ce625576162ed1c21') in 0.022934 seconds 
========================================================================
Received Import Request.
  Time since last request: 0.000030 seconds.
  path: Assets/3D Platformer Assets/Models/Environment/Quaternius Platformer Pack/Raw/Rock1.fbx
  artifactKey: Guid(a179a8b0cb02b8044b0f6a45b6d79faa) Importer(815301076,1909f56bfc062723c751e8b465ee728b)
Start importing Assets/3D Platformer Assets/Models/Environment/Quaternius Platformer Pack/Raw/Rock1.fbx using Guid(a179a8b0cb02b8044b0f6a45b6d79faa) Importer(815301076,1909f56bfc062723c751e8b465ee728b)  -> (artifact id: 'ef5181d29e14d5745eb7850134772e1e') in 0.040239 seconds 
========================================================================
Received Import Request.
  Time since last request: 0.000036 seconds.
  path: Assets/3D Platformer Assets/Models/Environment/Kenney/blockQuarter.prefab
  artifactKey: Guid(41bb744304126914f89d10d316f1ab04) Importer(815301076,1909f56bfc062723c751e8b465ee728b)
Start importing Assets/3D Platformer Assets/Models/Environment/Kenney/blockQuarter.prefab using Guid(41bb744304126914f89d10d316f1ab04) Importer(815301076,1909f56bfc062723c751e8b465ee728b)  -> (artifact id: '0fb8f2ddeff17f0a1d3fb206be3432de') in 0.020200 seconds 
========================================================================
Received Prepare
Registering precompiled user dll's ...
Registered in 0.007573 seconds.
Begin MonoManager ReloadAssembly
Symbol file LoadedFromMemory doesn't match image C:\Users\Diana\source\repos\AP2\Herb's Big Adventure\Library\PackageCache\com.unity.visualscripting@1.7.8\Editor\VisualScripting.Core\Dependencies\YamlDotNet\Unity.VisualScripting.YamlDotNet.dll
Symbol file LoadedFromMemory doesn't match image C:\Users\Diana\source\repos\AP2\Herb's Big Adventure\Library\PackageCache\com.unity.visualscripting@1.7.8\Editor\VisualScripting.Core\Dependencies\DotNetZip\Unity.VisualScripting.IonicZip.dll
Native extension for WindowsStandalone target not found
Refreshing native plugins compatible for Editor in 1.24 ms, found 3 plugins.
Preloading 0 native plugins for Editor in 0.00 ms.
Mono: successfully reloaded assembly
- Completed reload, in  1.233 seconds
Domain Reload Profiling:
	ReloadAssembly (1234ms)
		BeginReloadAssembly (134ms)
			ExecutionOrderSort (0ms)
			DisableScriptedObjects (4ms)
			BackupInstance (0ms)
			ReleaseScriptingObjects (0ms)
			CreateAndSetChildDomain (35ms)
		EndReloadAssembly (997ms)
			LoadAssemblies (95ms)
			RebuildTransferFunctionScriptingTraits (0ms)
			SetupTypeCache (237ms)
			ReleaseScriptCaches (1ms)
			RebuildScriptCaches (43ms)
			SetupLoadedEditorAssemblies (569ms)
				LogAssemblyErrors (0ms)
				InitializePlatformSupportModulesInManaged (14ms)
				SetLoadedEditorAssemblies (1ms)
				RefreshPlugins (1ms)
				BeforeProcessingInitializeOnLoad (92ms)
				ProcessInitializeOnLoadAttributes (410ms)
				ProcessInitializeOnLoadMethodAttributes (37ms)
				AfterProcessingInitializeOnLoad (14ms)
				EditorAssembliesLoaded (0ms)
			ExecutionOrderSort2 (0ms)
			AwakeInstancesAfterBackupRestoration (9ms)
Platform modules already initialized, skipping
Refreshing native plugins compatible for Editor in 4.03 ms, found 3 plugins.
Preloading 0 native plugins for Editor in 0.00 ms.
Unloading 4041 Unused Serialized files (Serialized files now loaded: 0)
Unloading 34 unused Assets / (1.7 MB). Loaded Objects now: 4696.
Memory consumption went from 159.8 MB to 158.1 MB.
Total: 6.288000 ms (FindLiveObjects: 0.411400 ms CreateObjectMapping: 0.346100 ms MarkObjects: 4.476400 ms  DeleteObjects: 1.052600 ms)

AssetImportParameters requested are different than current active one (requested -> active):
  custom:video-decoder-ogg-theora: a1e56fd34408186e4bbccfd4996cb3dc -> 
  custom:container-muxer-webm: aa71ff27fc2769a1b78a27578f13a17b -> 
  custom:container-demuxer-webm: 4f35f7cbe854078d1ac9338744f61a02 -> 
  custom:video-encoder-webm-vp8: eb34c28f22e8b96e1ab97ce403110664 -> 
  custom:audio-encoder-webm-vorbis: bf7c407c2cedff20999df2af8eb42d56 -> 
  custom:framework-win-MediaFoundation: 216162199b28c13a410421893ffa2e32 -> 
  custom:container-demuxer-ogg: 62fdf1f143b41e24485cea50d1cbac27 -> 
  custom:video-decoder-webm-vp8: 9c59270c3fd7afecdb556c50c9e8de78 -> 
  custom:audio-decoder-ogg-vorbis: bf7c407c2cedff20999df2af8eb42d56 -> 
========================================================================
Received Import Request.
  Time since last request: 523.422890 seconds.
  path: Assets/Models/Bolt_model.fbx
  artifactKey: Guid(3d652f4834969254f94fc13d4f4e53d9) Importer(815301076,1909f56bfc062723c751e8b465ee728b)
Start importing Assets/Models/Bolt_model.fbx using Guid(3d652f4834969254f94fc13d4f4e53d9) Importer(815301076,1909f56bfc062723c751e8b465ee728b)  -> (artifact id: 'be2835de60d940fdcf442d4b94bcad98') in 0.098231 seconds 
========================================================================
Received Import Request.
  Time since last request: 2.667941 seconds.
  path: Assets/DownloadedAssets/crystals.fbx
  artifactKey: Guid(7c27d22d14c6da14cbac34df9021a114) Importer(815301076,1909f56bfc062723c751e8b465ee728b)
Start importing Assets/DownloadedAssets/crystals.fbx using Guid(7c27d22d14c6da14cbac34df9021a114) Importer(815301076,1909f56bfc062723c751e8b465ee728b)  -> (artifact id: '97464a833cc05bb23034d4ae10b0f496') in 0.542657 seconds 
========================================================================
Received Import Request.
  Time since last request: 1.129093 seconds.
  path: Assets/DownloadedAssets/Spike Robot Cute Series
  artifactKey: Guid(30667789a7b7ba8498d8711552e3693d) Importer(815301076,1909f56bfc062723c751e8b465ee728b)
Start importing Assets/DownloadedAssets/Spike Robot Cute Series using Guid(30667789a7b7ba8498d8711552e3693d) Importer(815301076,1909f56bfc062723c751e8b465ee728b)  -> (artifact id: 'c73af24cb9c6e200fda8f6b1bc0d42c7') in 0.011633 seconds 
========================================================================
Received Import Request.
  Time since last request: 2.732115 seconds.
  path: Assets/DownloadedAssets/Polygonal Robot Hermit
  artifactKey: Guid(615d8dbc1a33c5d45a8b012601bb36ca) Importer(815301076,1909f56bfc062723c751e8b465ee728b)
Start importing Assets/DownloadedAssets/Polygonal Robot Hermit using Guid(615d8dbc1a33c5d45a8b012601bb36ca) Importer(815301076,1909f56bfc062723c751e8b465ee728b)  -> (artifact id: '80e3c5ce20e239029884d585da539248') in 0.008455 seconds 
========================================================================
Received Import Request.
  Time since last request: 3.924893 seconds.
  path: Assets/DownloadedAssets/Polygonal Robot Hermit/Animators
  artifactKey: Guid(13bc24371d0830f40aaf030ffb913d4e) Importer(815301076,1909f56bfc062723c751e8b465ee728b)
Start importing Assets/DownloadedAssets/Polygonal Robot Hermit/Animators using Guid(13bc24371d0830f40aaf030ffb913d4e) Importer(815301076,1909f56bfc062723c751e8b465ee728b)  -> (artifact id: '4efe1b314f8eff117102c22e215f1d46') in 0.011765 seconds 
========================================================================
Received Import Request.
  Time since last request: 1.755854 seconds.
  path: Assets/DownloadedAssets/Polygonal Robot Hermit/Animators/Demo Hermit.controller
  artifactKey: Guid(7116523197e66e14ab4c9bb0da65570b) Importer(815301076,1909f56bfc062723c751e8b465ee728b)
Start importing Assets/DownloadedAssets/Polygonal Robot Hermit/Animators/Demo Hermit.controller using Guid(7116523197e66e14ab4c9bb0da65570b) Importer(815301076,1909f56bfc062723c751e8b465ee728b)  -> (artifact id: '3fa709933fbc7fdbaff646d15d4cf3a1') in 0.035109 seconds 
========================================================================
Received Prepare
Registering precompiled user dll's ...
Registered in 0.006815 seconds.
Begin MonoManager ReloadAssembly
Symbol file LoadedFromMemory doesn't match image C:\Users\Diana\source\repos\AP2\Herb's Big Adventure\Library\PackageCache\com.unity.visualscripting@1.7.8\Editor\VisualScripting.Core\Dependencies\YamlDotNet\Unity.VisualScripting.YamlDotNet.dll
Symbol file LoadedFromMemory doesn't match image C:\Users\Diana\source\repos\AP2\Herb's Big Adventure\Library\PackageCache\com.unity.visualscripting@1.7.8\Editor\VisualScripting.Core\Dependencies\DotNetZip\Unity.VisualScripting.IonicZip.dll
Native extension for WindowsStandalone target not found
Refreshing native plugins compatible for Editor in 1.32 ms, found 3 plugins.
Preloading 0 native plugins for Editor in 0.00 ms.
Mono: successfully reloaded assembly
- Completed reload, in  1.300 seconds
Domain Reload Profiling:
	ReloadAssembly (1301ms)
		BeginReloadAssembly (138ms)
			ExecutionOrderSort (0ms)
			DisableScriptedObjects (4ms)
			BackupInstance (0ms)
			ReleaseScriptingObjects (0ms)
			CreateAndSetChildDomain (39ms)
		EndReloadAssembly (1058ms)
			LoadAssemblies (91ms)
			RebuildTransferFunctionScriptingTraits (0ms)
			SetupTypeCache (249ms)
			ReleaseScriptCaches (2ms)
			RebuildScriptCaches (49ms)
			SetupLoadedEditorAssemblies (577ms)
				LogAssemblyErrors (0ms)
				InitializePlatformSupportModulesInManaged (15ms)
				SetLoadedEditorAssemblies (1ms)
				RefreshPlugins (1ms)
				BeforeProcessingInitializeOnLoad (103ms)
				ProcessInitializeOnLoadAttributes (407ms)
				ProcessInitializeOnLoadMethodAttributes (37ms)
				AfterProcessingInitializeOnLoad (12ms)
				EditorAssembliesLoaded (0ms)
			ExecutionOrderSort2 (0ms)
			AwakeInstancesAfterBackupRestoration (10ms)
Platform modules already initialized, skipping
Refreshing native plugins compatible for Editor in 3.61 ms, found 3 plugins.
Preloading 0 native plugins for Editor in 0.00 ms.
Unloading 4041 Unused Serialized files (Serialized files now loaded: 0)
Unloading 34 unused Assets / (1.7 MB). Loaded Objects now: 4712.
Memory consumption went from 159.9 MB to 158.2 MB.
Total: 6.470000 ms (FindLiveObjects: 0.453700 ms CreateObjectMapping: 0.439900 ms MarkObjects: 4.896600 ms  DeleteObjects: 0.678200 ms)

AssetImportParameters requested are different than current active one (requested -> active):
  custom:video-decoder-ogg-theora: a1e56fd34408186e4bbccfd4996cb3dc -> 
  custom:container-muxer-webm: aa71ff27fc2769a1b78a27578f13a17b -> 
  custom:container-demuxer-webm: 4f35f7cbe854078d1ac9338744f61a02 -> 
  custom:video-encoder-webm-vp8: eb34c28f22e8b96e1ab97ce403110664 -> 
  custom:audio-encoder-webm-vorbis: bf7c407c2cedff20999df2af8eb42d56 -> 
  custom:framework-win-MediaFoundation: 216162199b28c13a410421893ffa2e32 -> 
  custom:container-demuxer-ogg: 62fdf1f143b41e24485cea50d1cbac27 -> 
  custom:video-decoder-webm-vp8: 9c59270c3fd7afecdb556c50c9e8de78 -> 
  custom:audio-decoder-ogg-vorbis: bf7c407c2cedff20999df2af8eb42d56 -> 
========================================================================
Received Import Request.
  Time since last request: 297.452220 seconds.
  path: Assets/DownloadedAssets/Polygonal Robot Hermit/Animators/Polygonal Robot Hermit.controller
  artifactKey: Guid(7cdb5784b8f61314aa533fa0a8c47bd9) Importer(815301076,1909f56bfc062723c751e8b465ee728b)
Start importing Assets/DownloadedAssets/Polygonal Robot Hermit/Animators/Polygonal Robot Hermit.controller using Guid(7cdb5784b8f61314aa533fa0a8c47bd9) Importer(815301076,1909f56bfc062723c751e8b465ee728b)  -> (artifact id: '51447bc646671ed30e9d451ab2082adb') in 0.066541 seconds 
========================================================================
Received Import Request.
  Time since last request: 4.740082 seconds.
  path: Assets/DownloadedAssets/Polygonal Robot Hermit/Animators/Rotate.controller
  artifactKey: Guid(d7e7c77664f581c4eb02a3ba49351ef8) Importer(815301076,1909f56bfc062723c751e8b465ee728b)
Start importing Assets/DownloadedAssets/Polygonal Robot Hermit/Animators/Rotate.controller using Guid(d7e7c77664f581c4eb02a3ba49351ef8) Importer(815301076,1909f56bfc062723c751e8b465ee728b)  -> (artifact id: '79a4d42460b6b3bcc2d7835e890631f0') in 0.013237 seconds 
========================================================================
Received Import Request.
  Time since last request: 64.184042 seconds.
  path: Assets/DownloadedAssets/Polygonal Robot Hermit/Animators/Demo Hermit.controller
  artifactKey: Guid(7116523197e66e14ab4c9bb0da65570b) Importer(815301076,1909f56bfc062723c751e8b465ee728b)
Start importing Assets/DownloadedAssets/Polygonal Robot Hermit/Animators/Demo Hermit.controller using Guid(7116523197e66e14ab4c9bb0da65570b) Importer(815301076,1909f56bfc062723c751e8b465ee728b)  -> (artifact id: '39920b6144d6789b91fa618c8fa1f581') in 0.021850 seconds 
========================================================================
Received Import Request.
  Time since last request: 97.267407 seconds.
  path: Assets/Scripts/EnemyController.cs
  artifactKey: Guid(d78dd450446f66446b71b7a1700ab60d) Importer(815301076,1909f56bfc062723c751e8b465ee728b)
Start importing Assets/Scripts/EnemyController.cs using Guid(d78dd450446f66446b71b7a1700ab60d) Importer(815301076,1909f56bfc062723c751e8b465ee728b)  -> (artifact id: 'c50d2e331aa78ac3eb222399ca9f27e3') in 0.024328 seconds 
========================================================================
Received Import Request.
  Time since last request: 177.680350 seconds.
  path: Assets/Prefabs/crystal 5.prefab
  artifactKey: Guid(635dfa7294135c24fb737abe0c51dba3) Importer(815301076,1909f56bfc062723c751e8b465ee728b)
Start importing Assets/Prefabs/crystal 5.prefab using Guid(635dfa7294135c24fb737abe0c51dba3) Importer(815301076,1909f56bfc062723c751e8b465ee728b)  -> (artifact id: '62a6dc4f87328732dd3acf81441b07b7') in 0.091498 seconds 
========================================================================
Received Import Request.
  Time since last request: 0.000021 seconds.
  path: Assets/Prefabs/SpikeRBT.prefab
  artifactKey: Guid(e1018794473b29042827398b6dbf8a75) Importer(815301076,1909f56bfc062723c751e8b465ee728b)
Start importing Assets/Prefabs/SpikeRBT.prefab using Guid(e1018794473b29042827398b6dbf8a75) Importer(815301076,1909f56bfc062723c751e8b465ee728b)  -> (artifact id: 'c1c4e6021ebb8bb7b89d45f0d912d957') in 0.097750 seconds 
========================================================================
Received Import Request.
  Time since last request: 0.000026 seconds.
  path: Assets/Prefabs/redHermit.prefab
  artifactKey: Guid(c7916eace1fea3b4e98d0414b331583c) Importer(815301076,1909f56bfc062723c751e8b465ee728b)
Start importing Assets/Prefabs/redHermit.prefab using Guid(c7916eace1fea3b4e98d0414b331583c) Importer(815301076,1909f56bfc062723c751e8b465ee728b)  -> (artifact id: 'fa552f91aa1213d517cf7471f2098654') in 0.077402 seconds 
========================================================================
Received Import Request.
  Time since last request: 0.000052 seconds.
  path: Assets/Prefabs/yellowHermit.prefab
  artifactKey: Guid(27d11adc1fb546a40b91cb1c633526de) Importer(815301076,1909f56bfc062723c751e8b465ee728b)
Start importing Assets/Prefabs/yellowHermit.prefab using Guid(27d11adc1fb546a40b91cb1c633526de) Importer(815301076,1909f56bfc062723c751e8b465ee728b)  -> (artifact id: '19738ae4531412d9c0fedd5858193c08') in 0.086775 seconds 
========================================================================
Received Import Request.
  Time since last request: 1.462410 seconds.
  path: Assets/Prefabs/Interactables/Button.prefab
  artifactKey: Guid(126a8ba6780ce234fb12b330886b5427) Importer(815301076,1909f56bfc062723c751e8b465ee728b)
Start importing Assets/Prefabs/Interactables/Button.prefab using Guid(126a8ba6780ce234fb12b330886b5427) Importer(815301076,1909f56bfc062723c751e8b465ee728b)  -> (artifact id: '985a5cf176e7e005b51c71f400e13a4f') in 0.024740 seconds 
========================================================================
Received Import Request.
  Time since last request: 0.000046 seconds.
  path: Assets/Prefabs/Interactables/Coin Pickup 3.prefab
  artifactKey: Guid(dd648e2c08744f347b3688ea39148ed9) Importer(815301076,1909f56bfc062723c751e8b465ee728b)
Start importing Assets/Prefabs/Interactables/Coin Pickup 3.prefab using Guid(dd648e2c08744f347b3688ea39148ed9) Importer(815301076,1909f56bfc062723c751e8b465ee728b)  -> (artifact id: 'bdcb5b380f37d282d9eb376e57849950') in 0.031503 seconds 
========================================================================
Received Import Request.
  Time since last request: 0.000072 seconds.
  path: Assets/Prefabs/Interactables/LevelEnd.prefab
  artifactKey: Guid(f55a0eed02f814f44824e3edb1c41919) Importer(815301076,1909f56bfc062723c751e8b465ee728b)
Start importing Assets/Prefabs/Interactables/LevelEnd.prefab using Guid(f55a0eed02f814f44824e3edb1c41919) Importer(815301076,1909f56bfc062723c751e8b465ee728b)  -> (artifact id: '91bf3c6c7027faa01db788a3d3b9c473') in 0.036277 seconds 
========================================================================
Received Import Request.
  Time since last request: 0.000026 seconds.
  path: Assets/Prefabs/Interactables/HiddenSpikes.prefab
  artifactKey: Guid(bd06bb9cd46ee954fb8be75f7e6f3119) Importer(815301076,1909f56bfc062723c751e8b465ee728b)
Start importing Assets/Prefabs/Interactables/HiddenSpikes.prefab using Guid(bd06bb9cd46ee954fb8be75f7e6f3119) Importer(815301076,1909f56bfc062723c751e8b465ee728b)  -> (artifact id: 'e650df78da78c0a5a00f5454b0d181f6') in 0.038178 seconds 
========================================================================
Received Import Request.
  Time since last request: 0.000197 seconds.
  path: Assets/Prefabs/Interactables/Heart Pickup.prefab
  artifactKey: Guid(97a98913917fdf14d8bed09b3ef0d2ef) Importer(815301076,1909f56bfc062723c751e8b465ee728b)
Start importing Assets/Prefabs/Interactables/Heart Pickup.prefab using Guid(97a98913917fdf14d8bed09b3ef0d2ef) Importer(815301076,1909f56bfc062723c751e8b465ee728b)  -> (artifact id: '33e42a6bc346e89aed54504247a883d9') in 0.036186 seconds 
========================================================================
Received Import Request.
  Time since last request: 0.000048 seconds.
  path: Assets/Prefabs/Interactables/Door.prefab
  artifactKey: Guid(52f07ffce6080374fac3f775f527a17e) Importer(815301076,1909f56bfc062723c751e8b465ee728b)
Start importing Assets/Prefabs/Interactables/Door.prefab using Guid(52f07ffce6080374fac3f775f527a17e) Importer(815301076,1909f56bfc062723c751e8b465ee728b)  -> (artifact id: '06e41de771ea32cb4c482911f8f9ba36') in 0.040622 seconds 
========================================================================
Received Import Request.
  Time since last request: 0.000023 seconds.
  path: Assets/Prefabs/Interactables/Coin 5 Pickup.prefab
  artifactKey: Guid(2ebfb09ff255e81469073af3b4427af4) Importer(815301076,1909f56bfc062723c751e8b465ee728b)
Start importing Assets/Prefabs/Interactables/Coin 5 Pickup.prefab using Guid(2ebfb09ff255e81469073af3b4427af4) Importer(815301076,1909f56bfc062723c751e8b465ee728b)  -> (artifact id: '76ca49eabdd343f0547c3a90e25820e3') in 0.049812 seconds 
========================================================================
Received Import Request.
  Time since last request: 0.000020 seconds.
  path: Assets/Prefabs/Interactables/crystal bunch.prefab
  artifactKey: Guid(ba86177577d0bb247b73d98c822166d9) Importer(815301076,1909f56bfc062723c751e8b465ee728b)
Start importing Assets/Prefabs/Interactables/crystal bunch.prefab using Guid(ba86177577d0bb247b73d98c822166d9) Importer(815301076,1909f56bfc062723c751e8b465ee728b)  -> (artifact id: '8cee7cf51b8438f6e95c0dbf97948172') in 0.027126 seconds 
========================================================================
Received Import Request.
  Time since last request: 7.600505 seconds.
  path: Assets/Prefabs/Collectibles/Bolt_Golden.prefab
  artifactKey: Guid(f4d07c5942abf8e45a08105934980ecd) Importer(815301076,1909f56bfc062723c751e8b465ee728b)
Start importing Assets/Prefabs/Collectibles/Bolt_Golden.prefab using Guid(f4d07c5942abf8e45a08105934980ecd) Importer(815301076,1909f56bfc062723c751e8b465ee728b)  -> (artifact id: '566601dd539b788b2f853626e07545c9') in 0.022650 seconds 
========================================================================
Received Import Request.
  Time since last request: 0.000042 seconds.
  path: Assets/Prefabs/Collectibles/Bolt_normal.prefab
  artifactKey: Guid(e692eb7b8f97c8b4d955115c180d8e08) Importer(815301076,1909f56bfc062723c751e8b465ee728b)
Start importing Assets/Prefabs/Collectibles/Bolt_normal.prefab using Guid(e692eb7b8f97c8b4d955115c180d8e08) Importer(815301076,1909f56bfc062723c751e8b465ee728b)  -> (artifact id: '7cf6ebfc4ce354f9cd8c1889a2da7a79') in 0.027478 seconds 
========================================================================
Received Import Request.
  Time since last request: 2.754730 seconds.
  path: Assets/Materials/Bolts_normal.mat
  artifactKey: Guid(fcbdd7ab0c8f1c84ab74fc030db20a1d) Importer(815301076,1909f56bfc062723c751e8b465ee728b)
Start importing Assets/Materials/Bolts_normal.mat using Guid(fcbdd7ab0c8f1c84ab74fc030db20a1d) Importer(815301076,1909f56bfc062723c751e8b465ee728b)  -> (artifact id: '3de900bf476b37de3c01148166452560') in 0.032349 seconds 
========================================================================
Received Import Request.
  Time since last request: 0.000043 seconds.
  path: Assets/Materials/ChainSawPlatform.mat
  artifactKey: Guid(142c65558b6388b489bc65db6e3aa4c1) Importer(815301076,1909f56bfc062723c751e8b465ee728b)
Start importing Assets/Materials/ChainSawPlatform.mat using Guid(142c65558b6388b489bc65db6e3aa4c1) Importer(815301076,1909f56bfc062723c751e8b465ee728b)  -> (artifact id: '7d3716966f42b6e6a9d1f80f0d770c96') in 0.030395 seconds 
========================================================================
Received Import Request.
  Time since last request: 1.491202 seconds.
  path: Assets/Gizmos/NavMeshModifierVolume Icon.png
  artifactKey: Guid(cc7b9475dbddf4f9088d327d6e10ab77) Importer(815301076,1909f56bfc062723c751e8b465ee728b)
Start importing Assets/Gizmos/NavMeshModifierVolume Icon.png using Guid(cc7b9475dbddf4f9088d327d6e10ab77) Importer(815301076,1909f56bfc062723c751e8b465ee728b)  -> (artifact id: 'c395c608924eddf24fe6ecd7644750b3') in 0.043880 seconds 
========================================================================
Received Import Request.
  Time since last request: 7.046138 seconds.
  path: Assets/DownloadedAssets/Polygonal Robot Hermit/FBX/Polygonal Robot Hermit.FBX
  artifactKey: Guid(d409fd4f2707eb740a5fe96636cbf9bb) Importer(815301076,1909f56bfc062723c751e8b465ee728b)
Start importing Assets/DownloadedAssets/Polygonal Robot Hermit/FBX/Polygonal Robot Hermit.FBX using Guid(d409fd4f2707eb740a5fe96636cbf9bb) Importer(815301076,1909f56bfc062723c751e8b465ee728b)  -> (artifact id: '6ca07d764fc5b66a9a3de3918d0bbe49') in 0.089422 seconds 
========================================================================
Received Import Request.
  Time since last request: 0.000027 seconds.
  path: Assets/DownloadedAssets/Polygonal Robot Hermit/FBX/Polygonal Robot Hermit@Jump W Root.FBX
  artifactKey: Guid(9b1e70f69758a9440b63dbe8d14c0955) Importer(815301076,1909f56bfc062723c751e8b465ee728b)
Start importing Assets/DownloadedAssets/Polygonal Robot Hermit/FBX/Polygonal Robot Hermit@Jump W Root.FBX using Guid(9b1e70f69758a9440b63dbe8d14c0955) Importer(815301076,1909f56bfc062723c751e8b465ee728b)  -> (artifact id: '8b314db1d1d21556bb97c4ea84fb5705') in 0.097660 seconds 
========================================================================
Received Import Request.
  Time since last request: 0.000060 seconds.
  path: Assets/DownloadedAssets/Polygonal Robot Hermit/FBX/Polygonal Robot Hermit@Walk Backward WO Root.FBX
  artifactKey: Guid(153da4735cda56d4d9f3099fcbf0e095) Importer(815301076,1909f56bfc062723c751e8b465ee728b)
Start importing Assets/DownloadedAssets/Polygonal Robot Hermit/FBX/Polygonal Robot Hermit@Walk Backward WO Root.FBX using Guid(153da4735cda56d4d9f3099fcbf0e095) Importer(815301076,1909f56bfc062723c751e8b465ee728b)  -> (artifact id: '8c080adb36a35f0fed9b11538f108d4a') in 0.095686 seconds 
========================================================================
Received Import Request.
  Time since last request: 0.000057 seconds.
  path: Assets/DownloadedAssets/Polygonal Robot Hermit/FBX/Polygonal Robot Hermit@Walk Forward WO Root.FBX
  artifactKey: Guid(3e38198b0f69df744b42359cca576018) Importer(815301076,1909f56bfc062723c751e8b465ee728b)
Start importing Assets/DownloadedAssets/Polygonal Robot Hermit/FBX/Polygonal Robot Hermit@Walk Forward WO Root.FBX using Guid(3e38198b0f69df744b42359cca576018) Importer(815301076,1909f56bfc062723c751e8b465ee728b)  -> (artifact id: 'b8343f5a8dded9e6b80e88b49ef879dd') in 0.100173 seconds 
========================================================================
Received Import Request.
  Time since last request: 0.000026 seconds.
  path: Assets/DownloadedAssets/Polygonal Robot Hermit/FBX/Polygonal Robot Hermit@Walk Backward W Root.FBX
  artifactKey: Guid(348a8de795b03844688770165500fa7b) Importer(815301076,1909f56bfc062723c751e8b465ee728b)
Start importing Assets/DownloadedAssets/Polygonal Robot Hermit/FBX/Polygonal Robot Hermit@Walk Backward W Root.FBX using Guid(348a8de795b03844688770165500fa7b) Importer(815301076,1909f56bfc062723c751e8b465ee728b)  -> (artifact id: 'b8192df04cc2e18679fc5668a61232f8') in 0.099919 seconds 
========================================================================
Received Import Request.
  Time since last request: 0.000039 seconds.
  path: Assets/DownloadedAssets/Polygonal Robot Hermit/FBX/Polygonal Robot Hermit@Defend To Idle.FBX
  artifactKey: Guid(b93894026dad3004e9c462035437cb1d) Importer(815301076,1909f56bfc062723c751e8b465ee728b)
Start importing Assets/DownloadedAssets/Polygonal Robot Hermit/FBX/Polygonal Robot Hermit@Defend To Idle.FBX using Guid(b93894026dad3004e9c462035437cb1d) Importer(815301076,1909f56bfc062723c751e8b465ee728b)  -> (artifact id: 'dc9300395f56db1f6c3002eb2ac4b6c0') in 0.105044 seconds 
========================================================================
Received Import Request.
  Time since last request: 0.000043 seconds.
  path: Assets/DownloadedAssets/Polygonal Robot Hermit/FBX/Polygonal Robot Hermit@Strafe Left W Root.FBX
  artifactKey: Guid(ec5ae09cb8c217846bf7e93f83a8d31b) Importer(815301076,1909f56bfc062723c751e8b465ee728b)
Start importing Assets/DownloadedAssets/Polygonal Robot Hermit/FBX/Polygonal Robot Hermit@Strafe Left W Root.FBX using Guid(ec5ae09cb8c217846bf7e93f83a8d31b) Importer(815301076,1909f56bfc062723c751e8b465ee728b)  -> (artifact id: 'ea7bd914c1ccb2d9aad208bd07391198') in 0.097879 seconds 
========================================================================
Received Import Request.
  Time since last request: 0.000026 seconds.
  path: Assets/DownloadedAssets/Polygonal Robot Hermit/FBX/Polygonal Robot Hermit@Strafe Right WO Root.FBX
  artifactKey: Guid(f16d4d5ace9ea714fa12fa50ebb01ce8) Importer(815301076,1909f56bfc062723c751e8b465ee728b)
Start importing Assets/DownloadedAssets/Polygonal Robot Hermit/FBX/Polygonal Robot Hermit@Strafe Right WO Root.FBX using Guid(f16d4d5ace9ea714fa12fa50ebb01ce8) Importer(815301076,1909f56bfc062723c751e8b465ee728b)  -> (artifact id: '30eb925b4b5995e9fbbb591a2a45cf94') in 0.105608 seconds 
========================================================================
Received Import Request.
  Time since last request: 0.000156 seconds.
  path: Assets/DownloadedAssets/Polygonal Robot Hermit/FBX/Polygonal Robot Hermit@Turn Left.FBX
  artifactKey: Guid(8a284f14d65988d428f0061deaf4197f) Importer(815301076,1909f56bfc062723c751e8b465ee728b)
Start importing Assets/DownloadedAssets/Polygonal Robot Hermit/FBX/Polygonal Robot Hermit@Turn Left.FBX using Guid(8a284f14d65988d428f0061deaf4197f) Importer(815301076,1909f56bfc062723c751e8b465ee728b)  -> (artifact id: '7e0695efdaca1da89218e554344656b8') in 0.089928 seconds 
========================================================================
Received Import Request.
  Time since last request: 2.185603 seconds.
  path: Assets/DownloadedAssets/Materials/Edges.mat
  artifactKey: Guid(57c00960fd9e01545b39137650b67d0d) Importer(815301076,1909f56bfc062723c751e8b465ee728b)
Start importing Assets/DownloadedAssets/Materials/Edges.mat using Guid(57c00960fd9e01545b39137650b67d0d) Importer(815301076,1909f56bfc062723c751e8b465ee728b)  -> (artifact id: '1f84f47b3443bd9761a7b9fba6aa4199') in 0.020295 seconds 
========================================================================
Received Import Request.
  Time since last request: 3.334954 seconds.
  path: Assets/DownloadedAssets/Kenney/Icons/scrollHorizontal.png
  artifactKey: Guid(79373c47dc7b92e4692c5971d117df6d) Importer(815301076,1909f56bfc062723c751e8b465ee728b)
Start importing Assets/DownloadedAssets/Kenney/Icons/scrollHorizontal.png using Guid(79373c47dc7b92e4692c5971d117df6d) Importer(815301076,1909f56bfc062723c751e8b465ee728b)  -> (artifact id: '29df60153bf55ed99510a983256715e5') in 0.029614 seconds 
========================================================================
Received Import Request.
  Time since last request: 12.805325 seconds.
  path: Assets/3D Platformer Assets/Models/Enemies/Dragon.prefab
  artifactKey: Guid(39589e10fca03a44aaae914a9d649445) Importer(815301076,1909f56bfc062723c751e8b465ee728b)
Start importing Assets/3D Platformer Assets/Models/Enemies/Dragon.prefab using Guid(39589e10fca03a44aaae914a9d649445) Importer(815301076,1909f56bfc062723c751e8b465ee728b)  -> (artifact id: '61fc123442c7db9d2a3289b6fc63410c') in 0.035737 seconds 
========================================================================
Received Import Request.
  Time since last request: 8.076060 seconds.
  path: Assets/3D Platformer Assets/Models/Environment/Kenney/fenceLowCornerCurved.prefab
  artifactKey: Guid(0b4fff1f1eb081442b2505eb885ca970) Importer(815301076,1909f56bfc062723c751e8b465ee728b)
Start importing Assets/3D Platformer Assets/Models/Environment/Kenney/fenceLowCornerCurved.prefab using Guid(0b4fff1f1eb081442b2505eb885ca970) Importer(815301076,1909f56bfc062723c751e8b465ee728b)  -> (artifact id: 'a8529c8d4a25a209dac8e91e30935f0d') in 0.026446 seconds 
========================================================================
Received Import Request.
  Time since last request: 0.000055 seconds.
  path: Assets/3D Platformer Assets/Models/Environment/Kenney/ladderLong.prefab
  artifactKey: Guid(18dfc74b007dc0541a44b0487e2e600e) Importer(815301076,1909f56bfc062723c751e8b465ee728b)
Start importing Assets/3D Platformer Assets/Models/Environment/Kenney/ladderLong.prefab using Guid(18dfc74b007dc0541a44b0487e2e600e) Importer(815301076,1909f56bfc062723c751e8b465ee728b)  -> (artifact id: '0b79263c95f54988b08984c2a4a97a07') in 0.032108 seconds 
========================================================================
Received Import Request.
  Time since last request: 0.000027 seconds.
  path: Assets/3D Platformer Assets/Models/Environment/Kenney/hedge.prefab
  artifactKey: Guid(b3a158924bea6fe4180e9ea725e9dd5c) Importer(815301076,1909f56bfc062723c751e8b465ee728b)
Start importing Assets/3D Platformer Assets/Models/Environment/Kenney/hedge.prefab using Guid(b3a158924bea6fe4180e9ea725e9dd5c) Importer(815301076,1909f56bfc062723c751e8b465ee728b)  -> (artifact id: '8d826eb68a318712f67689635cbbce74') in 0.030667 seconds 
========================================================================
Received Import Request.
  Time since last request: 0.647903 seconds.
  path: Assets/3D Platformer Assets/Models/Environment/Kenney/tree.prefab
  artifactKey: Guid(2d0dca4bdcfce1a46963407cef69deb8) Importer(815301076,1909f56bfc062723c751e8b465ee728b)
Start importing Assets/3D Platformer Assets/Models/Environment/Kenney/tree.prefab using Guid(2d0dca4bdcfce1a46963407cef69deb8) Importer(815301076,1909f56bfc062723c751e8b465ee728b)  -> (artifact id: '720cc9284c23ca76edbe3488f88d60aa') in 0.021861 seconds 
========================================================================
Received Prepare
Registering precompiled user dll's ...
Registered in 0.007047 seconds.
Begin MonoManager ReloadAssembly
Symbol file LoadedFromMemory doesn't match image C:\Users\Diana\source\repos\AP2\Herb's Big Adventure\Library\PackageCache\com.unity.visualscripting@1.7.8\Editor\VisualScripting.Core\Dependencies\YamlDotNet\Unity.VisualScripting.YamlDotNet.dll
Symbol file LoadedFromMemory doesn't match image C:\Users\Diana\source\repos\AP2\Herb's Big Adventure\Library\PackageCache\com.unity.visualscripting@1.7.8\Editor\VisualScripting.Core\Dependencies\DotNetZip\Unity.VisualScripting.IonicZip.dll
Native extension for WindowsStandalone target not found
Refreshing native plugins compatible for Editor in 0.81 ms, found 3 plugins.
Preloading 0 native plugins for Editor in 0.00 ms.
Mono: successfully reloaded assembly
- Completed reload, in  1.310 seconds
Domain Reload Profiling:
	ReloadAssembly (1311ms)
		BeginReloadAssembly (143ms)
			ExecutionOrderSort (0ms)
			DisableScriptedObjects (5ms)
			BackupInstance (0ms)
			ReleaseScriptingObjects (0ms)
			CreateAndSetChildDomain (37ms)
		EndReloadAssembly (1057ms)
			LoadAssemblies (115ms)
			RebuildTransferFunctionScriptingTraits (0ms)
			SetupTypeCache (274ms)
			ReleaseScriptCaches (1ms)
			RebuildScriptCaches (45ms)
			SetupLoadedEditorAssemblies (568ms)
				LogAssemblyErrors (0ms)
				InitializePlatformSupportModulesInManaged (12ms)
				SetLoadedEditorAssemblies (0ms)
				RefreshPlugins (1ms)
				BeforeProcessingInitializeOnLoad (88ms)
				ProcessInitializeOnLoadAttributes (415ms)
				ProcessInitializeOnLoadMethodAttributes (38ms)
				AfterProcessingInitializeOnLoad (14ms)
				EditorAssembliesLoaded (1ms)
			ExecutionOrderSort2 (0ms)
			AwakeInstancesAfterBackupRestoration (10ms)
Platform modules already initialized, skipping
Refreshing native plugins compatible for Editor in 4.98 ms, found 3 plugins.
Preloading 0 native plugins for Editor in 0.00 ms.
Unloading 4041 Unused Serialized files (Serialized files now loaded: 0)
Unloading 36 unused Assets / (1.7 MB). Loaded Objects now: 4731.
Memory consumption went from 172.8 MB to 171.1 MB.
Total: 8.112800 ms (FindLiveObjects: 0.400600 ms CreateObjectMapping: 0.409500 ms MarkObjects: 6.491900 ms  DeleteObjects: 0.809700 ms)

AssetImportParameters requested are different than current active one (requested -> active):
  custom:video-decoder-ogg-theora: a1e56fd34408186e4bbccfd4996cb3dc -> 
  custom:container-muxer-webm: aa71ff27fc2769a1b78a27578f13a17b -> 
  custom:container-demuxer-webm: 4f35f7cbe854078d1ac9338744f61a02 -> 
  custom:video-encoder-webm-vp8: eb34c28f22e8b96e1ab97ce403110664 -> 
  custom:audio-encoder-webm-vorbis: bf7c407c2cedff20999df2af8eb42d56 -> 
  custom:framework-win-MediaFoundation: 216162199b28c13a410421893ffa2e32 -> 
  custom:container-demuxer-ogg: 62fdf1f143b41e24485cea50d1cbac27 -> 
  custom:video-decoder-webm-vp8: 9c59270c3fd7afecdb556c50c9e8de78 -> 
  custom:audio-decoder-ogg-vorbis: bf7c407c2cedff20999df2af8eb42d56 -> 
Editor requested this worker to shutdown with reason: Scaling down because of idle timeout
AssetImportWorker is now disconnected from the server
Process exiting
Exiting without the bug reporter. Application will terminate with return code 0