Using pre-set license
Built from '2021.3/staging' branch; Version is '2021.3.11f1 (0a5ca18544bf) revision 679073'; Using compiler version '192829333'; Build Type 'Release'
OS: 'Windows 10  (10.0.19045) 64bit Core' Language: 'en' Physical Memory: 16225 MB
BatchMode: 1, IsHumanControllingUs: 0, StartBugReporterOnCrash: 0, Is64bit: 1, IsPro: 1

COMMAND LINE ARGUMENTS:
C:\Program Files\Unity\Hub\Editor\2021.3.11f1\Editor\Unity.exe
-adb2
-batchMode
-noUpm
-name
AssetImportWorker2
-projectPath
C:/Users/Diana/source/repos/AP2/Herb's Big Adventure
-logFile
Logs/AssetImportWorker2.log
-srvPort
49211
Successfully changed project path to: C:/Users/Diana/source/repos/AP2/Herb's Big Adventure
C:/Users/Diana/source/repos/AP2/Herb's Big Adventure
[UnityMemory] Configuration Parameters - Can be set up in boot.config
    "memorysetup-bucket-allocator-granularity=16"
    "memorysetup-bucket-allocator-bucket-count=8"
    "memorysetup-bucket-allocator-block-size=33554432"
    "memorysetup-bucket-allocator-block-count=8"
    "memorysetup-main-allocator-block-size=16777216"
    "memorysetup-thread-allocator-block-size=16777216"
    "memorysetup-gfx-main-allocator-block-size=16777216"
    "memorysetup-gfx-thread-allocator-block-size=16777216"
    "memorysetup-cache-allocator-block-size=4194304"
    "memorysetup-typetree-allocator-block-size=2097152"
    "memorysetup-profiler-bucket-allocator-granularity=16"
    "memorysetup-profiler-bucket-allocator-bucket-count=8"
    "memorysetup-profiler-bucket-allocator-block-size=33554432"
    "memorysetup-profiler-bucket-allocator-block-count=8"
    "memorysetup-profiler-allocator-block-size=16777216"
    "memorysetup-profiler-editor-allocator-block-size=1048576"
    "memorysetup-temp-allocator-size-main=16777216"
    "memorysetup-job-temp-allocator-block-size=2097152"
    "memorysetup-job-temp-allocator-block-size-background=1048576"
    "memorysetup-job-temp-allocator-reduction-small-platforms=262144"
    "memorysetup-temp-allocator-size-background-worker=32768"
    "memorysetup-temp-allocator-size-job-worker=262144"
    "memorysetup-temp-allocator-size-preload-manager=33554432"
    "memorysetup-temp-allocator-size-nav-mesh-worker=65536"
    "memorysetup-temp-allocator-size-audio-worker=65536"
    "memorysetup-temp-allocator-size-cloud-worker=32768"
    "memorysetup-temp-allocator-size-gi-baking-worker=262144"
    "memorysetup-temp-allocator-size-gfx=262144"
Refreshing native plugins compatible for Editor in 113.33 ms, found 3 plugins.
Preloading 0 native plugins for Editor in 0.00 ms.
Initialize engine version: 2021.3.11f1 (0a5ca18544bf)
[Subsystems] Discovering subsystems at path C:/Program Files/Unity/Hub/Editor/2021.3.11f1/Editor/Data/Resources/UnitySubsystems
[Subsystems] Discovering subsystems at path C:/Users/Diana/source/repos/AP2/Herb's Big Adventure/Assets
GfxDevice: creating device client; threaded=0; jobified=0
Direct3D:
    Version:  Direct3D 11.0 [level 11.1]
    Renderer: NVIDIA GeForce GTX 1660 Ti (ID=0x2191)
    Vendor:   NVIDIA
    VRAM:     5979 MB
    Driver:   31.0.15.2849
Initialize mono
Mono path[0] = 'C:/Program Files/Unity/Hub/Editor/2021.3.11f1/Editor/Data/Managed'
Mono path[1] = 'C:/Program Files/Unity/Hub/Editor/2021.3.11f1/Editor/Data/MonoBleedingEdge/lib/mono/unityjit-win32'
Mono config path = 'C:/Program Files/Unity/Hub/Editor/2021.3.11f1/Editor/Data/MonoBleedingEdge/etc'
Using monoOptions --debugger-agent=transport=dt_socket,embedding=1,server=y,suspend=n,address=127.0.0.1:56228
Begin MonoManager ReloadAssembly
Registering precompiled unity dll's ...
Register platform support module: C:/Program Files/Unity/Hub/Editor/2021.3.11f1/Editor/Data/PlaybackEngines/WindowsStandaloneSupport/UnityEditor.WindowsStandalone.Extensions.dll
Registered in 0.008292 seconds.
Native extension for WindowsStandalone target not found
Refreshing native plugins compatible for Editor in 90.18 ms, found 3 plugins.
Preloading 0 native plugins for Editor in 0.00 ms.
Mono: successfully reloaded assembly
- Completed reload, in  0.676 seconds
Domain Reload Profiling:
	ReloadAssembly (677ms)
		BeginReloadAssembly (76ms)
			ExecutionOrderSort (0ms)
			DisableScriptedObjects (0ms)
			BackupInstance (0ms)
			ReleaseScriptingObjects (0ms)
			CreateAndSetChildDomain (1ms)
		EndReloadAssembly (479ms)
			LoadAssemblies (74ms)
			RebuildTransferFunctionScriptingTraits (0ms)
			SetupTypeCache (105ms)
			ReleaseScriptCaches (0ms)
			RebuildScriptCaches (31ms)
			SetupLoadedEditorAssemblies (289ms)
				LogAssemblyErrors (0ms)
				InitializePlatformSupportModulesInManaged (9ms)
				SetLoadedEditorAssemblies (0ms)
				RefreshPlugins (90ms)
				BeforeProcessingInitializeOnLoad (1ms)
				ProcessInitializeOnLoadAttributes (144ms)
				ProcessInitializeOnLoadMethodAttributes (45ms)
				AfterProcessingInitializeOnLoad (0ms)
				EditorAssembliesLoaded (0ms)
			ExecutionOrderSort2 (0ms)
			AwakeInstancesAfterBackupRestoration (0ms)
Platform modules already initialized, skipping
Registering precompiled user dll's ...
Registered in 0.007436 seconds.
Begin MonoManager ReloadAssembly
Symbol file LoadedFromMemory doesn't match image C:\Users\Diana\source\repos\AP2\Herb's Big Adventure\Library\PackageCache\com.unity.visualscripting@1.7.8\Editor\VisualScripting.Core\Dependencies\YamlDotNet\Unity.VisualScripting.YamlDotNet.dll
Symbol file LoadedFromMemory doesn't match image C:\Users\Diana\source\repos\AP2\Herb's Big Adventure\Library\PackageCache\com.unity.visualscripting@1.7.8\Editor\VisualScripting.Core\Dependencies\DotNetZip\Unity.VisualScripting.IonicZip.dll
Native extension for WindowsStandalone target not found
Refreshing native plugins compatible for Editor in 87.97 ms, found 3 plugins.
Preloading 0 native plugins for Editor in 0.00 ms.
Mono: successfully reloaded assembly
- Completed reload, in  1.190 seconds
Domain Reload Profiling:
	ReloadAssembly (1191ms)
		BeginReloadAssembly (114ms)
			ExecutionOrderSort (0ms)
			DisableScriptedObjects (5ms)
			BackupInstance (0ms)
			ReleaseScriptingObjects (0ms)
			CreateAndSetChildDomain (18ms)
		EndReloadAssembly (961ms)
			LoadAssemblies (92ms)
			RebuildTransferFunctionScriptingTraits (0ms)
			SetupTypeCache (233ms)
			ReleaseScriptCaches (1ms)
			RebuildScriptCaches (63ms)
			SetupLoadedEditorAssemblies (532ms)
				LogAssemblyErrors (0ms)
				InitializePlatformSupportModulesInManaged (5ms)
				SetLoadedEditorAssemblies (0ms)
				RefreshPlugins (88ms)
				BeforeProcessingInitializeOnLoad (91ms)
				ProcessInitializeOnLoadAttributes (315ms)
				ProcessInitializeOnLoadMethodAttributes (23ms)
				AfterProcessingInitializeOnLoad (10ms)
				EditorAssembliesLoaded (0ms)
			ExecutionOrderSort2 (0ms)
			AwakeInstancesAfterBackupRestoration (6ms)
Platform modules already initialized, skipping
========================================================================
Worker process is ready to serve import requests
Launched and connected shader compiler UnityShaderCompiler.exe after 0.06 seconds
Refreshing native plugins compatible for Editor in 0.92 ms, found 3 plugins.
Preloading 0 native plugins for Editor in 0.00 ms.
Unloading 4102 Unused Serialized files (Serialized files now loaded: 0)
Unloading 55 unused Assets / (1.7 MB). Loaded Objects now: 4558.
Memory consumption went from 160.9 MB to 159.1 MB.
Total: 3.932600 ms (FindLiveObjects: 0.329000 ms CreateObjectMapping: 0.503300 ms MarkObjects: 2.659300 ms  DeleteObjects: 0.440100 ms)

AssetImportParameters requested are different than current active one (requested -> active):
  custom:video-decoder-ogg-theora: a1e56fd34408186e4bbccfd4996cb3dc -> 
  custom:container-muxer-webm: aa71ff27fc2769a1b78a27578f13a17b -> 
  custom:container-demuxer-webm: 4f35f7cbe854078d1ac9338744f61a02 -> 
  custom:video-encoder-webm-vp8: eb34c28f22e8b96e1ab97ce403110664 -> 
  custom:audio-encoder-webm-vorbis: bf7c407c2cedff20999df2af8eb42d56 -> 
  custom:framework-win-MediaFoundation: 216162199b28c13a410421893ffa2e32 -> 
  custom:container-demuxer-ogg: 62fdf1f143b41e24485cea50d1cbac27 -> 
  custom:video-decoder-webm-vp8: 9c59270c3fd7afecdb556c50c9e8de78 -> 
  custom:audio-decoder-ogg-vorbis: bf7c407c2cedff20999df2af8eb42d56 -> 
========================================================================
Received Prepare
Registering precompiled user dll's ...
Registered in 0.007438 seconds.
Begin MonoManager ReloadAssembly
Symbol file LoadedFromMemory doesn't match image C:\Users\Diana\source\repos\AP2\Herb's Big Adventure\Library\PackageCache\com.unity.visualscripting@1.7.8\Editor\VisualScripting.Core\Dependencies\YamlDotNet\Unity.VisualScripting.YamlDotNet.dll
Symbol file LoadedFromMemory doesn't match image C:\Users\Diana\source\repos\AP2\Herb's Big Adventure\Library\PackageCache\com.unity.visualscripting@1.7.8\Editor\VisualScripting.Core\Dependencies\DotNetZip\Unity.VisualScripting.IonicZip.dll
Native extension for WindowsStandalone target not found
Refreshing native plugins compatible for Editor in 0.78 ms, found 3 plugins.
Preloading 0 native plugins for Editor in 0.00 ms.
Mono: successfully reloaded assembly
- Completed reload, in  1.117 seconds
Domain Reload Profiling:
	ReloadAssembly (1118ms)
		BeginReloadAssembly (135ms)
			ExecutionOrderSort (0ms)
			DisableScriptedObjects (5ms)
			BackupInstance (0ms)
			ReleaseScriptingObjects (0ms)
			CreateAndSetChildDomain (35ms)
		EndReloadAssembly (878ms)
			LoadAssemblies (96ms)
			RebuildTransferFunctionScriptingTraits (0ms)
			SetupTypeCache (272ms)
			ReleaseScriptCaches (1ms)
			RebuildScriptCaches (45ms)
			SetupLoadedEditorAssemblies (417ms)
				LogAssemblyErrors (0ms)
				InitializePlatformSupportModulesInManaged (15ms)
				SetLoadedEditorAssemblies (0ms)
				RefreshPlugins (1ms)
				BeforeProcessingInitializeOnLoad (73ms)
				ProcessInitializeOnLoadAttributes (291ms)
				ProcessInitializeOnLoadMethodAttributes (26ms)
				AfterProcessingInitializeOnLoad (11ms)
				EditorAssembliesLoaded (0ms)
			ExecutionOrderSort2 (0ms)
			AwakeInstancesAfterBackupRestoration (7ms)
Platform modules already initialized, skipping
Refreshing native plugins compatible for Editor in 2.56 ms, found 3 plugins.
Preloading 0 native plugins for Editor in 0.00 ms.
Unloading 4041 Unused Serialized files (Serialized files now loaded: 0)
Unloading 34 unused Assets / (1.7 MB). Loaded Objects now: 4573.
Memory consumption went from 154.8 MB to 153.1 MB.
Total: 3.447700 ms (FindLiveObjects: 0.294700 ms CreateObjectMapping: 0.244200 ms MarkObjects: 2.516200 ms  DeleteObjects: 0.391700 ms)

AssetImportParameters requested are different than current active one (requested -> active):
  custom:video-decoder-ogg-theora: a1e56fd34408186e4bbccfd4996cb3dc -> 
  custom:container-muxer-webm: aa71ff27fc2769a1b78a27578f13a17b -> 
  custom:container-demuxer-webm: 4f35f7cbe854078d1ac9338744f61a02 -> 
  custom:video-encoder-webm-vp8: eb34c28f22e8b96e1ab97ce403110664 -> 
  custom:audio-encoder-webm-vorbis: bf7c407c2cedff20999df2af8eb42d56 -> 
  custom:framework-win-MediaFoundation: 216162199b28c13a410421893ffa2e32 -> 
  custom:container-demuxer-ogg: 62fdf1f143b41e24485cea50d1cbac27 -> 
  custom:video-decoder-webm-vp8: 9c59270c3fd7afecdb556c50c9e8de78 -> 
  custom:audio-decoder-ogg-vorbis: bf7c407c2cedff20999df2af8eb42d56 -> 
========================================================================
Received Prepare
Registering precompiled user dll's ...
Registered in 0.006998 seconds.
Begin MonoManager ReloadAssembly
Symbol file LoadedFromMemory doesn't match image C:\Users\Diana\source\repos\AP2\Herb's Big Adventure\Library\PackageCache\com.unity.visualscripting@1.7.8\Editor\VisualScripting.Core\Dependencies\YamlDotNet\Unity.VisualScripting.YamlDotNet.dll
Symbol file LoadedFromMemory doesn't match image C:\Users\Diana\source\repos\AP2\Herb's Big Adventure\Library\PackageCache\com.unity.visualscripting@1.7.8\Editor\VisualScripting.Core\Dependencies\DotNetZip\Unity.VisualScripting.IonicZip.dll
Native extension for WindowsStandalone target not found
Refreshing native plugins compatible for Editor in 2.10 ms, found 3 plugins.
Preloading 0 native plugins for Editor in 0.00 ms.
Mono: successfully reloaded assembly
- Completed reload, in  1.368 seconds
Domain Reload Profiling:
	ReloadAssembly (1369ms)
		BeginReloadAssembly (144ms)
			ExecutionOrderSort (0ms)
			DisableScriptedObjects (6ms)
			BackupInstance (0ms)
			ReleaseScriptingObjects (0ms)
			CreateAndSetChildDomain (38ms)
		EndReloadAssembly (1102ms)
			LoadAssemblies (102ms)
			RebuildTransferFunctionScriptingTraits (0ms)
			SetupTypeCache (267ms)
			ReleaseScriptCaches (2ms)
			RebuildScriptCaches (55ms)
			SetupLoadedEditorAssemblies (613ms)
				LogAssemblyErrors (0ms)
				InitializePlatformSupportModulesInManaged (19ms)
				SetLoadedEditorAssemblies (1ms)
				RefreshPlugins (2ms)
				BeforeProcessingInitializeOnLoad (97ms)
				ProcessInitializeOnLoadAttributes (437ms)
				ProcessInitializeOnLoadMethodAttributes (43ms)
				AfterProcessingInitializeOnLoad (14ms)
				EditorAssembliesLoaded (0ms)
			ExecutionOrderSort2 (0ms)
			AwakeInstancesAfterBackupRestoration (11ms)
Platform modules already initialized, skipping
Refreshing native plugins compatible for Editor in 5.09 ms, found 3 plugins.
Preloading 0 native plugins for Editor in 0.00 ms.
Unloading 4041 Unused Serialized files (Serialized files now loaded: 0)
Unloading 34 unused Assets / (1.7 MB). Loaded Objects now: 4588.
Memory consumption went from 154.9 MB to 153.2 MB.
Total: 6.807800 ms (FindLiveObjects: 0.678100 ms CreateObjectMapping: 1.007200 ms MarkObjects: 4.579500 ms  DeleteObjects: 0.541200 ms)

AssetImportParameters requested are different than current active one (requested -> active):
  custom:video-decoder-ogg-theora: a1e56fd34408186e4bbccfd4996cb3dc -> 
  custom:container-muxer-webm: aa71ff27fc2769a1b78a27578f13a17b -> 
  custom:container-demuxer-webm: 4f35f7cbe854078d1ac9338744f61a02 -> 
  custom:video-encoder-webm-vp8: eb34c28f22e8b96e1ab97ce403110664 -> 
  custom:audio-encoder-webm-vorbis: bf7c407c2cedff20999df2af8eb42d56 -> 
  custom:framework-win-MediaFoundation: 216162199b28c13a410421893ffa2e32 -> 
  custom:container-demuxer-ogg: 62fdf1f143b41e24485cea50d1cbac27 -> 
  custom:video-decoder-webm-vp8: 9c59270c3fd7afecdb556c50c9e8de78 -> 
  custom:audio-decoder-ogg-vorbis: bf7c407c2cedff20999df2af8eb42d56 -> 
========================================================================
Received Prepare
Registering precompiled user dll's ...
Registered in 0.006721 seconds.
Begin MonoManager ReloadAssembly
Symbol file LoadedFromMemory doesn't match image C:\Users\Diana\source\repos\AP2\Herb's Big Adventure\Library\PackageCache\com.unity.visualscripting@1.7.8\Editor\VisualScripting.Core\Dependencies\YamlDotNet\Unity.VisualScripting.YamlDotNet.dll
Symbol file LoadedFromMemory doesn't match image C:\Users\Diana\source\repos\AP2\Herb's Big Adventure\Library\PackageCache\com.unity.visualscripting@1.7.8\Editor\VisualScripting.Core\Dependencies\DotNetZip\Unity.VisualScripting.IonicZip.dll
Native extension for WindowsStandalone target not found
Refreshing native plugins compatible for Editor in 2.72 ms, found 3 plugins.
Preloading 0 native plugins for Editor in 0.00 ms.
Mono: successfully reloaded assembly
- Completed reload, in  1.594 seconds
Domain Reload Profiling:
	ReloadAssembly (1595ms)
		BeginReloadAssembly (134ms)
			ExecutionOrderSort (0ms)
			DisableScriptedObjects (5ms)
			BackupInstance (0ms)
			ReleaseScriptingObjects (0ms)
			CreateAndSetChildDomain (35ms)
		EndReloadAssembly (1357ms)
			LoadAssemblies (103ms)
			RebuildTransferFunctionScriptingTraits (0ms)
			SetupTypeCache (364ms)
			ReleaseScriptCaches (2ms)
			RebuildScriptCaches (90ms)
			SetupLoadedEditorAssemblies (690ms)
				LogAssemblyErrors (0ms)
				InitializePlatformSupportModulesInManaged (20ms)
				SetLoadedEditorAssemblies (1ms)
				RefreshPlugins (3ms)
				BeforeProcessingInitializeOnLoad (114ms)
				ProcessInitializeOnLoadAttributes (489ms)
				ProcessInitializeOnLoadMethodAttributes (47ms)
				AfterProcessingInitializeOnLoad (17ms)
				EditorAssembliesLoaded (0ms)
			ExecutionOrderSort2 (0ms)
			AwakeInstancesAfterBackupRestoration (10ms)
Platform modules already initialized, skipping
Refreshing native plugins compatible for Editor in 5.64 ms, found 3 plugins.
Preloading 0 native plugins for Editor in 0.00 ms.
Unloading 4041 Unused Serialized files (Serialized files now loaded: 0)
Unloading 34 unused Assets / (1.7 MB). Loaded Objects now: 4603.
Memory consumption went from 154.8 MB to 153.2 MB.
Total: 9.915500 ms (FindLiveObjects: 1.211700 ms CreateObjectMapping: 1.486200 ms MarkObjects: 6.197900 ms  DeleteObjects: 1.018400 ms)

AssetImportParameters requested are different than current active one (requested -> active):
  custom:video-decoder-ogg-theora: a1e56fd34408186e4bbccfd4996cb3dc -> 
  custom:container-muxer-webm: aa71ff27fc2769a1b78a27578f13a17b -> 
  custom:container-demuxer-webm: 4f35f7cbe854078d1ac9338744f61a02 -> 
  custom:video-encoder-webm-vp8: eb34c28f22e8b96e1ab97ce403110664 -> 
  custom:audio-encoder-webm-vorbis: bf7c407c2cedff20999df2af8eb42d56 -> 
  custom:framework-win-MediaFoundation: 216162199b28c13a410421893ffa2e32 -> 
  custom:container-demuxer-ogg: 62fdf1f143b41e24485cea50d1cbac27 -> 
  custom:video-decoder-webm-vp8: 9c59270c3fd7afecdb556c50c9e8de78 -> 
  custom:audio-decoder-ogg-vorbis: bf7c407c2cedff20999df2af8eb42d56 -> 
========================================================================
Received Prepare
Registering precompiled user dll's ...
Registered in 0.007973 seconds.
Begin MonoManager ReloadAssembly
Symbol file LoadedFromMemory doesn't match image C:\Users\Diana\source\repos\AP2\Herb's Big Adventure\Library\PackageCache\com.unity.visualscripting@1.7.8\Editor\VisualScripting.Core\Dependencies\YamlDotNet\Unity.VisualScripting.YamlDotNet.dll
Symbol file LoadedFromMemory doesn't match image C:\Users\Diana\source\repos\AP2\Herb's Big Adventure\Library\PackageCache\com.unity.visualscripting@1.7.8\Editor\VisualScripting.Core\Dependencies\DotNetZip\Unity.VisualScripting.IonicZip.dll
Native extension for WindowsStandalone target not found
Refreshing native plugins compatible for Editor in 0.80 ms, found 3 plugins.
Preloading 0 native plugins for Editor in 0.00 ms.
Mono: successfully reloaded assembly
- Completed reload, in  1.111 seconds
Domain Reload Profiling:
	ReloadAssembly (1112ms)
		BeginReloadAssembly (134ms)
			ExecutionOrderSort (0ms)
			DisableScriptedObjects (4ms)
			BackupInstance (0ms)
			ReleaseScriptingObjects (0ms)
			CreateAndSetChildDomain (35ms)
		EndReloadAssembly (872ms)
			LoadAssemblies (95ms)
			RebuildTransferFunctionScriptingTraits (0ms)
			SetupTypeCache (268ms)
			ReleaseScriptCaches (2ms)
			RebuildScriptCaches (44ms)
			SetupLoadedEditorAssemblies (420ms)
				LogAssemblyErrors (0ms)
				InitializePlatformSupportModulesInManaged (13ms)
				SetLoadedEditorAssemblies (0ms)
				RefreshPlugins (1ms)
				BeforeProcessingInitializeOnLoad (70ms)
				ProcessInitializeOnLoadAttributes (298ms)
				ProcessInitializeOnLoadMethodAttributes (28ms)
				AfterProcessingInitializeOnLoad (10ms)
				EditorAssembliesLoaded (0ms)
			ExecutionOrderSort2 (0ms)
			AwakeInstancesAfterBackupRestoration (7ms)
Platform modules already initialized, skipping
Refreshing native plugins compatible for Editor in 2.38 ms, found 3 plugins.
Preloading 0 native plugins for Editor in 0.00 ms.
Unloading 4041 Unused Serialized files (Serialized files now loaded: 0)
Unloading 34 unused Assets / (1.7 MB). Loaded Objects now: 4618.
Memory consumption went from 154.9 MB to 153.2 MB.
Total: 3.394800 ms (FindLiveObjects: 0.309900 ms CreateObjectMapping: 0.214000 ms MarkObjects: 2.471600 ms  DeleteObjects: 0.398500 ms)

AssetImportParameters requested are different than current active one (requested -> active):
  custom:video-decoder-ogg-theora: a1e56fd34408186e4bbccfd4996cb3dc -> 
  custom:container-muxer-webm: aa71ff27fc2769a1b78a27578f13a17b -> 
  custom:container-demuxer-webm: 4f35f7cbe854078d1ac9338744f61a02 -> 
  custom:video-encoder-webm-vp8: eb34c28f22e8b96e1ab97ce403110664 -> 
  custom:audio-encoder-webm-vorbis: bf7c407c2cedff20999df2af8eb42d56 -> 
  custom:framework-win-MediaFoundation: 216162199b28c13a410421893ffa2e32 -> 
  custom:container-demuxer-ogg: 62fdf1f143b41e24485cea50d1cbac27 -> 
  custom:video-decoder-webm-vp8: 9c59270c3fd7afecdb556c50c9e8de78 -> 
  custom:audio-decoder-ogg-vorbis: bf7c407c2cedff20999df2af8eb42d56 -> 
========================================================================
Received Prepare
Registering precompiled user dll's ...
Registered in 0.007208 seconds.
Begin MonoManager ReloadAssembly
Symbol file LoadedFromMemory doesn't match image C:\Users\Diana\source\repos\AP2\Herb's Big Adventure\Library\PackageCache\com.unity.visualscripting@1.7.8\Editor\VisualScripting.Core\Dependencies\YamlDotNet\Unity.VisualScripting.YamlDotNet.dll
Symbol file LoadedFromMemory doesn't match image C:\Users\Diana\source\repos\AP2\Herb's Big Adventure\Library\PackageCache\com.unity.visualscripting@1.7.8\Editor\VisualScripting.Core\Dependencies\DotNetZip\Unity.VisualScripting.IonicZip.dll
Native extension for WindowsStandalone target not found
Refreshing native plugins compatible for Editor in 1.83 ms, found 3 plugins.
Preloading 0 native plugins for Editor in 0.00 ms.
Mono: successfully reloaded assembly
- Completed reload, in  1.300 seconds
Domain Reload Profiling:
	ReloadAssembly (1301ms)
		BeginReloadAssembly (138ms)
			ExecutionOrderSort (0ms)
			DisableScriptedObjects (6ms)
			BackupInstance (0ms)
			ReleaseScriptingObjects (0ms)
			CreateAndSetChildDomain (39ms)
		EndReloadAssembly (1057ms)
			LoadAssemblies (91ms)
			RebuildTransferFunctionScriptingTraits (0ms)
			SetupTypeCache (250ms)
			ReleaseScriptCaches (2ms)
			RebuildScriptCaches (60ms)
			SetupLoadedEditorAssemblies (577ms)
				LogAssemblyErrors (0ms)
				InitializePlatformSupportModulesInManaged (21ms)
				SetLoadedEditorAssemblies (1ms)
				RefreshPlugins (2ms)
				BeforeProcessingInitializeOnLoad (96ms)
				ProcessInitializeOnLoadAttributes (404ms)
				ProcessInitializeOnLoadMethodAttributes (37ms)
				AfterProcessingInitializeOnLoad (14ms)
				EditorAssembliesLoaded (0ms)
			ExecutionOrderSort2 (0ms)
			AwakeInstancesAfterBackupRestoration (9ms)
Platform modules already initialized, skipping
Refreshing native plugins compatible for Editor in 4.22 ms, found 3 plugins.
Preloading 0 native plugins for Editor in 0.00 ms.
Unloading 4041 Unused Serialized files (Serialized files now loaded: 0)
Unloading 34 unused Assets / (1.7 MB). Loaded Objects now: 4633.
Memory consumption went from 154.9 MB to 153.2 MB.
Total: 4.493700 ms (FindLiveObjects: 0.342100 ms CreateObjectMapping: 0.430400 ms MarkObjects: 3.104400 ms  DeleteObjects: 0.615600 ms)

AssetImportParameters requested are different than current active one (requested -> active):
  custom:video-decoder-ogg-theora: a1e56fd34408186e4bbccfd4996cb3dc -> 
  custom:container-muxer-webm: aa71ff27fc2769a1b78a27578f13a17b -> 
  custom:container-demuxer-webm: 4f35f7cbe854078d1ac9338744f61a02 -> 
  custom:video-encoder-webm-vp8: eb34c28f22e8b96e1ab97ce403110664 -> 
  custom:audio-encoder-webm-vorbis: bf7c407c2cedff20999df2af8eb42d56 -> 
  custom:framework-win-MediaFoundation: 216162199b28c13a410421893ffa2e32 -> 
  custom:container-demuxer-ogg: 62fdf1f143b41e24485cea50d1cbac27 -> 
  custom:video-decoder-webm-vp8: 9c59270c3fd7afecdb556c50c9e8de78 -> 
  custom:audio-decoder-ogg-vorbis: bf7c407c2cedff20999df2af8eb42d56 -> 
========================================================================
Received Import Request.
  Time since last request: 14914.957105 seconds.
  path: Assets/3D Platformer Assets/Fonts/Bungee-Regular.ttf
  artifactKey: Guid(e017dca040e904844afe1f1d666c4085) Importer(815301076,1909f56bfc062723c751e8b465ee728b)
Start importing Assets/3D Platformer Assets/Fonts/Bungee-Regular.ttf using Guid(e017dca040e904844afe1f1d666c4085) Importer(815301076,1909f56bfc062723c751e8b465ee728b)  -> (artifact id: 'dad286859770d368e051a9ab508052a7') in 0.167201 seconds 
========================================================================
Received Import Request.
  Time since last request: 1.777607 seconds.
  path: Assets/3D Platformer Assets/Materials/Boss_Glow.mat
  artifactKey: Guid(bb846039549dd374485f4ccbede2ad8f) Importer(815301076,1909f56bfc062723c751e8b465ee728b)
Start importing Assets/3D Platformer Assets/Materials/Boss_Glow.mat using Guid(bb846039549dd374485f4ccbede2ad8f) Importer(815301076,1909f56bfc062723c751e8b465ee728b)  -> (artifact id: '9d3d598887fa8db616fc7d419491ea8e') in 0.045360 seconds 
========================================================================
Received Import Request.
  Time since last request: 0.000020 seconds.
  path: Assets/3D Platformer Assets/Materials/Grass.mat
  artifactKey: Guid(c773c005d4fd82042965d4ac1d4e4395) Importer(815301076,1909f56bfc062723c751e8b465ee728b)
Start importing Assets/3D Platformer Assets/Materials/Grass.mat using Guid(c773c005d4fd82042965d4ac1d4e4395) Importer(815301076,1909f56bfc062723c751e8b465ee728b)  -> (artifact id: 'a4c321e96966cd44a07e5b6daf6faaef') in 0.020488 seconds 
========================================================================
Received Import Request.
  Time since last request: 0.000031 seconds.
  path: Assets/3D Platformer Assets/Materials/Player_Eye.mat
  artifactKey: Guid(b5b7ddc9f1f045949bdbf89544c02021) Importer(815301076,1909f56bfc062723c751e8b465ee728b)
Start importing Assets/3D Platformer Assets/Materials/Player_Eye.mat using Guid(b5b7ddc9f1f045949bdbf89544c02021) Importer(815301076,1909f56bfc062723c751e8b465ee728b)  -> (artifact id: '0c1fa3cd1d1af8831f6f1d96bb3eb3fa') in 0.024995 seconds 
========================================================================
Received Import Request.
  Time since last request: 0.000048 seconds.
  path: Assets/3D Platformer Assets/Materials/CP_Light Off.mat
  artifactKey: Guid(caef6e72a31421d409c93e4c73eead58) Importer(815301076,1909f56bfc062723c751e8b465ee728b)
Start importing Assets/3D Platformer Assets/Materials/CP_Light Off.mat using Guid(caef6e72a31421d409c93e4c73eead58) Importer(815301076,1909f56bfc062723c751e8b465ee728b)  -> (artifact id: 'a40462936faa18c84c640a25d4a1a3f3') in 0.021867 seconds 
========================================================================
Received Import Request.
  Time since last request: 0.000025 seconds.
  path: Assets/3D Platformer Assets/Materials/GroundCold.mat
  artifactKey: Guid(dc88aa145e09a594c9a43bcc36f546ea) Importer(815301076,1909f56bfc062723c751e8b465ee728b)
Start importing Assets/3D Platformer Assets/Materials/GroundCold.mat using Guid(dc88aa145e09a594c9a43bcc36f546ea) Importer(815301076,1909f56bfc062723c751e8b465ee728b)  -> (artifact id: 'df9066722970c4c7e1291562cebfa67a') in 0.026665 seconds 
========================================================================
Received Import Request.
  Time since last request: 0.000051 seconds.
  path: Assets/3D Platformer Assets/Materials/White.mat
  artifactKey: Guid(6c6360a1d55a18041a5190447e93570c) Importer(815301076,1909f56bfc062723c751e8b465ee728b)
Start importing Assets/3D Platformer Assets/Materials/White.mat using Guid(6c6360a1d55a18041a5190447e93570c) Importer(815301076,1909f56bfc062723c751e8b465ee728b)  -> (artifact id: '0016f3bb1862d35b22e44626523fc043') in 0.023735 seconds 
========================================================================
Received Import Request.
  Time since last request: 0.000034 seconds.
  path: Assets/3D Platformer Assets/Materials/CP_Metal.mat
  artifactKey: Guid(e5f5a10a798c4444fb11b1227fbf58ad) Importer(815301076,1909f56bfc062723c751e8b465ee728b)
Start importing Assets/3D Platformer Assets/Materials/CP_Metal.mat using Guid(e5f5a10a798c4444fb11b1227fbf58ad) Importer(815301076,1909f56bfc062723c751e8b465ee728b)  -> (artifact id: '12fe9fa657049a1b41a9b9de35db9e9b') in 0.024643 seconds 
========================================================================
Received Import Request.
  Time since last request: 0.000033 seconds.
  path: Assets/3D Platformer Assets/Materials/Player_Black.mat
  artifactKey: Guid(397c413362fc7364da7e06ede14aa944) Importer(815301076,1909f56bfc062723c751e8b465ee728b)
Start importing Assets/3D Platformer Assets/Materials/Player_Black.mat using Guid(397c413362fc7364da7e06ede14aa944) Importer(815301076,1909f56bfc062723c751e8b465ee728b)  -> (artifact id: '9914a9fcfca3d8b73f511ed59a5a9e68') in 0.023335 seconds 
========================================================================
Received Import Request.
  Time since last request: 0.000035 seconds.
  path: Assets/3D Platformer Assets/Materials/GreenPipe.mat
  artifactKey: Guid(bd3955724513dfc4b88c3d0ef695b1ff) Importer(815301076,1909f56bfc062723c751e8b465ee728b)
Start importing Assets/3D Platformer Assets/Materials/GreenPipe.mat using Guid(bd3955724513dfc4b88c3d0ef695b1ff) Importer(815301076,1909f56bfc062723c751e8b465ee728b)  -> (artifact id: 'a43d58a8c557a9c4c5f1415f3c5a94c0') in 0.028675 seconds 
========================================================================
Received Import Request.
  Time since last request: 0.000085 seconds.
  path: Assets/3D Platformer Assets/Materials/Boss_Secondary.mat
  artifactKey: Guid(4c418feed99a9ec45ae8c56305184f95) Importer(815301076,1909f56bfc062723c751e8b465ee728b)
Start importing Assets/3D Platformer Assets/Materials/Boss_Secondary.mat using Guid(4c418feed99a9ec45ae8c56305184f95) Importer(815301076,1909f56bfc062723c751e8b465ee728b)  -> (artifact id: 'a6ad7132952260d404a98dbfcf73a0de') in 0.030912 seconds 
========================================================================
Received Import Request.
  Time since last request: 0.000057 seconds.
  path: Assets/3D Platformer Assets/Materials/metal.mat
  artifactKey: Guid(67e0751a486618c448c6a2c9aa6da18f) Importer(815301076,1909f56bfc062723c751e8b465ee728b)
Start importing Assets/3D Platformer Assets/Materials/metal.mat using Guid(67e0751a486618c448c6a2c9aa6da18f) Importer(815301076,1909f56bfc062723c751e8b465ee728b)  -> (artifact id: '8b70da7b05e70cb21732daa76ad900e2') in 0.021999 seconds 
========================================================================
Received Import Request.
  Time since last request: 0.000033 seconds.
  path: Assets/3D Platformer Assets/Materials/Boss_Metal.mat
  artifactKey: Guid(256d9415726f7b047a99833695cbe396) Importer(815301076,1909f56bfc062723c751e8b465ee728b)
Start importing Assets/3D Platformer Assets/Materials/Boss_Metal.mat using Guid(256d9415726f7b047a99833695cbe396) Importer(815301076,1909f56bfc062723c751e8b465ee728b)  -> (artifact id: '25379af2f9e57ceec97d4f7f44649af6') in 0.033788 seconds 
========================================================================
Received Import Request.
  Time since last request: 0.000029 seconds.
  path: Assets/3D Platformer Assets/Materials/heart pickup.mat
  artifactKey: Guid(15b3bdb2f414d5b488ab5e1f2eb4a521) Importer(815301076,1909f56bfc062723c751e8b465ee728b)
Start importing Assets/3D Platformer Assets/Materials/heart pickup.mat using Guid(15b3bdb2f414d5b488ab5e1f2eb4a521) Importer(815301076,1909f56bfc062723c751e8b465ee728b)  -> (artifact id: 'c37989ab39ec1cf41828d5d4416541d6') in 0.022817 seconds 
========================================================================
Received Import Request.
  Time since last request: 0.000034 seconds.
  path: Assets/3D Platformer Assets/Materials/Red.mat
  artifactKey: Guid(7aeaef2289d1f57408bfc8e4dfbc52e8) Importer(815301076,1909f56bfc062723c751e8b465ee728b)
Start importing Assets/3D Platformer Assets/Materials/Red.mat using Guid(7aeaef2289d1f57408bfc8e4dfbc52e8) Importer(815301076,1909f56bfc062723c751e8b465ee728b)  -> (artifact id: 'e018cf7b4246dea5917679b0b3924149') in 0.021278 seconds 
========================================================================
Received Import Request.
  Time since last request: 0.000019 seconds.
  path: Assets/3D Platformer Assets/Materials/MapPoint_Center_Active.mat
  artifactKey: Guid(5e3aee5074e6c9842811e32fe83061fe) Importer(815301076,1909f56bfc062723c751e8b465ee728b)
Start importing Assets/3D Platformer Assets/Materials/MapPoint_Center_Active.mat using Guid(5e3aee5074e6c9842811e32fe83061fe) Importer(815301076,1909f56bfc062723c751e8b465ee728b)  -> (artifact id: 'ac0ba0d3c3410428dfe9f8dab6a3aaa1') in 0.028913 seconds 
========================================================================
Received Import Request.
  Time since last request: 0.000037 seconds.
  path: Assets/3D Platformer Assets/Materials/Player_Main.mat
  artifactKey: Guid(06e885128aa1a59489bc7cf05f756eb9) Importer(815301076,1909f56bfc062723c751e8b465ee728b)
Start importing Assets/3D Platformer Assets/Materials/Player_Main.mat using Guid(06e885128aa1a59489bc7cf05f756eb9) Importer(815301076,1909f56bfc062723c751e8b465ee728b)  -> (artifact id: 'e5ec0328d68fc53d7d31ad02eb9b3058') in 0.028566 seconds 
========================================================================
Received Import Request.
  Time since last request: 1.532549 seconds.
  path: Assets/3D Platformer Assets/Models/Environment/Kenney/arrow.prefab
  artifactKey: Guid(1cfcbaa06fc994b47aad08506f941782) Importer(815301076,1909f56bfc062723c751e8b465ee728b)
Start importing Assets/3D Platformer Assets/Models/Environment/Kenney/arrow.prefab using Guid(1cfcbaa06fc994b47aad08506f941782) Importer(815301076,1909f56bfc062723c751e8b465ee728b)  -> (artifact id: 'c61b5e307265b7cae91574f7b498910f') in 0.038124 seconds 
========================================================================
Received Import Request.
  Time since last request: 0.000020 seconds.
  path: Assets/3D Platformer Assets/Models/Environment/Kenney/blockHalf.prefab
  artifactKey: Guid(eee8a9539d0ab71418c5a4744767f47b) Importer(815301076,1909f56bfc062723c751e8b465ee728b)
Start importing Assets/3D Platformer Assets/Models/Environment/Kenney/blockHalf.prefab using Guid(eee8a9539d0ab71418c5a4744767f47b) Importer(815301076,1909f56bfc062723c751e8b465ee728b)  -> (artifact id: '3b191b0998d46a8c161117ec98f392da') in 0.015610 seconds 
========================================================================
Received Import Request.
  Time since last request: 0.000022 seconds.
  path: Assets/3D Platformer Assets/Models/Environment/Kenney/blockHexagonLow.prefab
  artifactKey: Guid(04e5ddfc6df98d64f86c524351304cb6) Importer(815301076,1909f56bfc062723c751e8b465ee728b)
Start importing Assets/3D Platformer Assets/Models/Environment/Kenney/blockHexagonLow.prefab using Guid(04e5ddfc6df98d64f86c524351304cb6) Importer(815301076,1909f56bfc062723c751e8b465ee728b)  -> (artifact id: '462c0d9e394160d8e5dcb50d50c6f5c3') in 0.016769 seconds 
========================================================================
Received Import Request.
  Time since last request: 0.000028 seconds.
  path: Assets/3D Platformer Assets/Models/Environment/Kenney/blockSnowLarge.prefab
  artifactKey: Guid(62c539c9f643c584bbce1b1f98037be8) Importer(815301076,1909f56bfc062723c751e8b465ee728b)
Start importing Assets/3D Platformer Assets/Models/Environment/Kenney/blockSnowLarge.prefab using Guid(62c539c9f643c584bbce1b1f98037be8) Importer(815301076,1909f56bfc062723c751e8b465ee728b)  -> (artifact id: '169fdd41e2a10f7efcbe88565cfa3a8e') in 0.021559 seconds 
========================================================================
Received Import Request.
  Time since last request: 0.000028 seconds.
  path: Assets/3D Platformer Assets/Models/Environment/Kenney/bridgeRamp.prefab
  artifactKey: Guid(d3e92ed547a880344a60ca580d6e9738) Importer(815301076,1909f56bfc062723c751e8b465ee728b)
Start importing Assets/3D Platformer Assets/Models/Environment/Kenney/bridgeRamp.prefab using Guid(d3e92ed547a880344a60ca580d6e9738) Importer(815301076,1909f56bfc062723c751e8b465ee728b)  -> (artifact id: 'c0df64309aad75badb191688daf60be4') in 0.018828 seconds 
========================================================================
Received Import Request.
  Time since last request: 0.000042 seconds.
  path: Assets/3D Platformer Assets/Models/Environment/Kenney/fence.prefab
  artifactKey: Guid(be1ab81ae49f74347b046060c00357b4) Importer(815301076,1909f56bfc062723c751e8b465ee728b)
Start importing Assets/3D Platformer Assets/Models/Environment/Kenney/fence.prefab using Guid(be1ab81ae49f74347b046060c00357b4) Importer(815301076,1909f56bfc062723c751e8b465ee728b)  -> (artifact id: '6ca01431f696253fdb6ed350d966aac2') in 0.021683 seconds 
========================================================================
Received Import Request.
  Time since last request: 0.000024 seconds.
  path: Assets/3D Platformer Assets/Models/Environment/Kenney/blockSnowSlope.prefab
  artifactKey: Guid(fd43dca61e6ce9640a6f79e8e60e0616) Importer(815301076,1909f56bfc062723c751e8b465ee728b)
Start importing Assets/3D Platformer Assets/Models/Environment/Kenney/blockSnowSlope.prefab using Guid(fd43dca61e6ce9640a6f79e8e60e0616) Importer(815301076,1909f56bfc062723c751e8b465ee728b)  -> (artifact id: '5f54636ee9270540f5e63c427e6ec34f') in 0.029896 seconds 
========================================================================
Received Import Request.
  Time since last request: 0.000036 seconds.
  path: Assets/3D Platformer Assets/Models/Environment/Kenney/bridge.prefab
  artifactKey: Guid(abfb5437472eb414183f94d333b50d0d) Importer(815301076,1909f56bfc062723c751e8b465ee728b)
Start importing Assets/3D Platformer Assets/Models/Environment/Kenney/bridge.prefab using Guid(abfb5437472eb414183f94d333b50d0d) Importer(815301076,1909f56bfc062723c751e8b465ee728b)  -> (artifact id: 'f1e52e927a117def3fc42376ed3a1e01') in 0.030358 seconds 
========================================================================
Received Import Request.
  Time since last request: 0.000038 seconds.
  path: Assets/3D Platformer Assets/Models/Environment/Kenney/blockCornerSmall.prefab
  artifactKey: Guid(afa2c2dcb3f841241a607dece8698259) Importer(815301076,1909f56bfc062723c751e8b465ee728b)
Start importing Assets/3D Platformer Assets/Models/Environment/Kenney/blockCornerSmall.prefab using Guid(afa2c2dcb3f841241a607dece8698259) Importer(815301076,1909f56bfc062723c751e8b465ee728b)  -> (artifact id: '8b1e9d8c55b7baadd22f50b6f7d86c9e') in 0.028549 seconds 
========================================================================
Received Import Request.
  Time since last request: 0.000035 seconds.
  path: Assets/3D Platformer Assets/Models/Environment/Kenney/blockSnowSlopeHalf.prefab
  artifactKey: Guid(f5968b6965c9c104face6ffaec3e909c) Importer(815301076,1909f56bfc062723c751e8b465ee728b)
Start importing Assets/3D Platformer Assets/Models/Environment/Kenney/blockSnowSlopeHalf.prefab using Guid(f5968b6965c9c104face6ffaec3e909c) Importer(815301076,1909f56bfc062723c751e8b465ee728b)  -> (artifact id: '8a55ef0e1da0b8781f56b7c745364a19') in 0.030450 seconds 
========================================================================
Received Import Request.
  Time since last request: 0.000032 seconds.
  path: Assets/3D Platformer Assets/Models/Environment/Kenney/blockSnow.prefab
  artifactKey: Guid(375387b301e61ac4fa73d5ea8e382d27) Importer(815301076,1909f56bfc062723c751e8b465ee728b)
Start importing Assets/3D Platformer Assets/Models/Environment/Kenney/blockSnow.prefab using Guid(375387b301e61ac4fa73d5ea8e382d27) Importer(815301076,1909f56bfc062723c751e8b465ee728b)  -> (artifact id: '68d7911895d3688c09641030ee85e494') in 0.027439 seconds 
========================================================================
Received Import Request.
  Time since last request: 0.000026 seconds.
  path: Assets/3D Platformer Assets/Models/Environment/Kenney/fenceLowBroken.prefab
  artifactKey: Guid(4ceaba8ed7b192e4fb286fb3d8811458) Importer(815301076,1909f56bfc062723c751e8b465ee728b)
Start importing Assets/3D Platformer Assets/Models/Environment/Kenney/fenceLowBroken.prefab using Guid(4ceaba8ed7b192e4fb286fb3d8811458) Importer(815301076,1909f56bfc062723c751e8b465ee728b)  -> (artifact id: 'af862b81c7f6d464d3485d2102ee76af') in 0.024885 seconds 
========================================================================
Received Import Request.
  Time since last request: 0.000034 seconds.
  path: Assets/3D Platformer Assets/Models/Environment/Kenney/fenceBroken.prefab
  artifactKey: Guid(165d307c5d4c8794ab6a133dde96bceb) Importer(815301076,1909f56bfc062723c751e8b465ee728b)
Start importing Assets/3D Platformer Assets/Models/Environment/Kenney/fenceBroken.prefab using Guid(165d307c5d4c8794ab6a133dde96bceb) Importer(815301076,1909f56bfc062723c751e8b465ee728b)  -> (artifact id: 'd0132a4fd486ea8791d32b720ba069a3') in 0.019511 seconds 
========================================================================
Received Import Request.
  Time since last request: 0.000028 seconds.
  path: Assets/3D Platformer Assets/Models/Environment/Kenney/blockLevel.prefab
  artifactKey: Guid(262de42b4bbe295468e85446b893202f) Importer(815301076,1909f56bfc062723c751e8b465ee728b)
Start importing Assets/3D Platformer Assets/Models/Environment/Kenney/blockLevel.prefab using Guid(262de42b4bbe295468e85446b893202f) Importer(815301076,1909f56bfc062723c751e8b465ee728b)  -> (artifact id: '0305c5a2aa9d1c1ad9783b6acd2d0307') in 0.025040 seconds 
========================================================================
Received Import Request.
  Time since last request: 0.000020 seconds.
  path: Assets/3D Platformer Assets/Models/Environment/Kenney/blockSnowCliffCorner.prefab
  artifactKey: Guid(5927f662a165def47a0e179408677647) Importer(815301076,1909f56bfc062723c751e8b465ee728b)
Start importing Assets/3D Platformer Assets/Models/Environment/Kenney/blockSnowCliffCorner.prefab using Guid(5927f662a165def47a0e179408677647) Importer(815301076,1909f56bfc062723c751e8b465ee728b)  -> (artifact id: '50f1a77d1476302071c927c6157b44a4') in 0.027785 seconds 
========================================================================
Received Import Request.
  Time since last request: 0.000048 seconds.
  path: Assets/3D Platformer Assets/Models/Environment/Kenney/blockEnd.prefab
  artifactKey: Guid(502ea3ef7ad94a8448844b8757bf2c9b) Importer(815301076,1909f56bfc062723c751e8b465ee728b)
Start importing Assets/3D Platformer Assets/Models/Environment/Kenney/blockEnd.prefab using Guid(502ea3ef7ad94a8448844b8757bf2c9b) Importer(815301076,1909f56bfc062723c751e8b465ee728b)  -> (artifact id: 'c8df9d315f1d8695a4ff5c5595ddf208') in 0.023707 seconds 
========================================================================
Received Import Request.
  Time since last request: 0.000038 seconds.
  path: Assets/3D Platformer Assets/Models/Environment/Kenney/blockCliffCorner.prefab
  artifactKey: Guid(9ac51a42adc0afb41b23a9787532cacb) Importer(815301076,1909f56bfc062723c751e8b465ee728b)
Start importing Assets/3D Platformer Assets/Models/Environment/Kenney/blockCliffCorner.prefab using Guid(9ac51a42adc0afb41b23a9787532cacb) Importer(815301076,1909f56bfc062723c751e8b465ee728b)  -> (artifact id: '26987761b3a777c1edc35764ca2accfe') in 0.032821 seconds 
========================================================================
Received Import Request.
  Time since last request: 0.000104 seconds.
  path: Assets/3D Platformer Assets/Models/Environment/Kenney/blockSnowQuarter.prefab
  artifactKey: Guid(3e7128b6538712b4bbcccb5848f21032) Importer(815301076,1909f56bfc062723c751e8b465ee728b)
Start importing Assets/3D Platformer Assets/Models/Environment/Kenney/blockSnowQuarter.prefab using Guid(3e7128b6538712b4bbcccb5848f21032) Importer(815301076,1909f56bfc062723c751e8b465ee728b)  -> (artifact id: '50242af04d3db4198fd36ff31f075baf') in 0.027174 seconds 
========================================================================
Received Import Request.
  Time since last request: 0.000078 seconds.
  path: Assets/3D Platformer Assets/Models/Environment/Quaternius Platformer Pack/Raw/Key.fbx
  artifactKey: Guid(42c1b00c389657444a5c6ce8bd05c14f) Importer(815301076,1909f56bfc062723c751e8b465ee728b)
Start importing Assets/3D Platformer Assets/Models/Environment/Quaternius Platformer Pack/Raw/Key.fbx using Guid(42c1b00c389657444a5c6ce8bd05c14f) Importer(815301076,1909f56bfc062723c751e8b465ee728b)  -> (artifact id: '97175b1bbd76aca91057695f4f17d883') in 0.102020 seconds 
========================================================================
Received Import Request.
  Time since last request: 0.000029 seconds.
  path: Assets/3D Platformer Assets/Models/Environment/Quaternius Platformer Pack/Raw/Cloud4.fbx
  artifactKey: Guid(9156b6bd2fce19741bedce363f47243d) Importer(815301076,1909f56bfc062723c751e8b465ee728b)
Start importing Assets/3D Platformer Assets/Models/Environment/Quaternius Platformer Pack/Raw/Cloud4.fbx using Guid(9156b6bd2fce19741bedce363f47243d) Importer(815301076,1909f56bfc062723c751e8b465ee728b)  -> (artifact id: 'a5c36a1d37d274f8794886b9d769ff34') in 0.042021 seconds 
========================================================================
Received Import Request.
  Time since last request: 0.000022 seconds.
  path: Assets/3D Platformer Assets/Models/Environment/Quaternius Platformer Pack/Raw/Grass2.fbx
  artifactKey: Guid(9ca205d627446154a820a32289dc5b11) Importer(815301076,1909f56bfc062723c751e8b465ee728b)
Start importing Assets/3D Platformer Assets/Models/Environment/Quaternius Platformer Pack/Raw/Grass2.fbx using Guid(9ca205d627446154a820a32289dc5b11) Importer(815301076,1909f56bfc062723c751e8b465ee728b)  -> (artifact id: '97052d35842d9708f6c4322a7ffbb2c1') in 0.039319 seconds 
========================================================================
Received Import Request.
  Time since last request: 0.000027 seconds.
  path: Assets/3D Platformer Assets/Models/Environment/Quaternius Platformer Pack/Raw/MovingPlatform_Long.fbx
  artifactKey: Guid(c7560add9b296814db01af7a363d2bdf) Importer(815301076,1909f56bfc062723c751e8b465ee728b)
Start importing Assets/3D Platformer Assets/Models/Environment/Quaternius Platformer Pack/Raw/MovingPlatform_Long.fbx using Guid(c7560add9b296814db01af7a363d2bdf) Importer(815301076,1909f56bfc062723c751e8b465ee728b)  -> (artifact id: '19eafc8b03e6a0ba564e07ad7f30626b') in 0.048419 seconds 
========================================================================
Received Import Request.
  Time since last request: 0.000089 seconds.
  path: Assets/3D Platformer Assets/Models/Environment/Quaternius Platformer Pack/Raw/Rock4.fbx
  artifactKey: Guid(609c3193f0a19e448bff9d4a813c5c2d) Importer(815301076,1909f56bfc062723c751e8b465ee728b)
Start importing Assets/3D Platformer Assets/Models/Environment/Quaternius Platformer Pack/Raw/Rock4.fbx using Guid(609c3193f0a19e448bff9d4a813c5c2d) Importer(815301076,1909f56bfc062723c751e8b465ee728b)  -> (artifact id: 'ad10893d685e3e81e10bd449dab8f540') in 0.041025 seconds 
========================================================================
Received Import Request.
  Time since last request: 0.000029 seconds.
  path: Assets/3D Platformer Assets/Models/Environment/Quaternius Platformer Pack/Raw/Sign_Right.fbx
  artifactKey: Guid(6f170af3ad578814b9fcd1a8f2d057ed) Importer(815301076,1909f56bfc062723c751e8b465ee728b)
Start importing Assets/3D Platformer Assets/Models/Environment/Quaternius Platformer Pack/Raw/Sign_Right.fbx using Guid(6f170af3ad578814b9fcd1a8f2d057ed) Importer(815301076,1909f56bfc062723c751e8b465ee728b)  -> (artifact id: '5377c53b237c4efc4889c2cccc816400') in 0.042562 seconds 
========================================================================
Received Import Request.
  Time since last request: 0.000037 seconds.
  path: Assets/3D Platformer Assets/Models/Environment/Quaternius Platformer Pack/Raw/Platform_TopRight.fbx
  artifactKey: Guid(18c47605487c3034b87ab600e0cf42de) Importer(815301076,1909f56bfc062723c751e8b465ee728b)
Start importing Assets/3D Platformer Assets/Models/Environment/Quaternius Platformer Pack/Raw/Platform_TopRight.fbx using Guid(18c47605487c3034b87ab600e0cf42de) Importer(815301076,1909f56bfc062723c751e8b465ee728b)  -> (artifact id: '9023b080c75cb57c83f6032b12263fb9') in 0.049989 seconds 
========================================================================
Received Import Request.
  Time since last request: 0.000063 seconds.
  path: Assets/3D Platformer Assets/Models/Environment/Quaternius Platformer Pack/Raw/Cloud1.fbx
  artifactKey: Guid(d6ef387e9a4eb4e41a5329c847a1f67d) Importer(815301076,1909f56bfc062723c751e8b465ee728b)
Start importing Assets/3D Platformer Assets/Models/Environment/Quaternius Platformer Pack/Raw/Cloud1.fbx using Guid(d6ef387e9a4eb4e41a5329c847a1f67d) Importer(815301076,1909f56bfc062723c751e8b465ee728b)  -> (artifact id: '6738c56c87c7d79248b3f8fef7f7b4c1') in 0.045138 seconds 
========================================================================
Received Import Request.
  Time since last request: 0.000096 seconds.
  path: Assets/3D Platformer Assets/Models/Environment/Quaternius Platformer Pack/Raw/MovingPlatform.fbx
  artifactKey: Guid(7eb8237d7b806fb42a039c4b87625429) Importer(815301076,1909f56bfc062723c751e8b465ee728b)
Start importing Assets/3D Platformer Assets/Models/Environment/Quaternius Platformer Pack/Raw/MovingPlatform.fbx using Guid(7eb8237d7b806fb42a039c4b87625429) Importer(815301076,1909f56bfc062723c751e8b465ee728b)  -> (artifact id: 'd4a509442e077b1c11712593107a577b') in 0.044788 seconds 
========================================================================
Received Import Request.
  Time since last request: 0.000028 seconds.
  path: Assets/3D Platformer Assets/Models/Environment/Quaternius Platformer Pack/Raw/Ladder_medium.fbx
  artifactKey: Guid(d685645cd1dbaad43bcf16ce41077057) Importer(815301076,1909f56bfc062723c751e8b465ee728b)
Start importing Assets/3D Platformer Assets/Models/Environment/Quaternius Platformer Pack/Raw/Ladder_medium.fbx using Guid(d685645cd1dbaad43bcf16ce41077057) Importer(815301076,1909f56bfc062723c751e8b465ee728b)  -> (artifact id: '799b072bf45cd217e8b1de250372aa9b') in 0.047805 seconds 
========================================================================
Received Import Request.
  Time since last request: 0.000073 seconds.
  path: Assets/3D Platformer Assets/Models/Environment/Quaternius Platformer Pack/Raw/Fence.fbx
  artifactKey: Guid(eac86699a6f1e9640ac1b54102959504) Importer(815301076,1909f56bfc062723c751e8b465ee728b)
Start importing Assets/3D Platformer Assets/Models/Environment/Quaternius Platformer Pack/Raw/Fence.fbx using Guid(eac86699a6f1e9640ac1b54102959504) Importer(815301076,1909f56bfc062723c751e8b465ee728b)  -> (artifact id: '31f18139d5d903bb1ab93b471e603593') in 0.043480 seconds 
========================================================================
Received Import Request.
  Time since last request: 0.000033 seconds.
  path: Assets/3D Platformer Assets/Models/Environment/Quaternius Platformer Pack/Raw/Platform_CenterLeft.fbx
  artifactKey: Guid(5ebe83b51fedd6d4baf8f73128733597) Importer(815301076,1909f56bfc062723c751e8b465ee728b)
Start importing Assets/3D Platformer Assets/Models/Environment/Quaternius Platformer Pack/Raw/Platform_CenterLeft.fbx using Guid(5ebe83b51fedd6d4baf8f73128733597) Importer(815301076,1909f56bfc062723c751e8b465ee728b)  -> (artifact id: 'b0653925503bf119ff46bbd997c83f84') in 0.043519 seconds 
========================================================================
Received Import Request.
  Time since last request: 0.000042 seconds.
  path: Assets/3D Platformer Assets/Models/Environment/Quaternius Platformer Pack/Raw/BearTrap_Closed.fbx
  artifactKey: Guid(c997c02db68bd4145b2058df033b52c2) Importer(815301076,1909f56bfc062723c751e8b465ee728b)
Start importing Assets/3D Platformer Assets/Models/Environment/Quaternius Platformer Pack/Raw/BearTrap_Closed.fbx using Guid(c997c02db68bd4145b2058df033b52c2) Importer(815301076,1909f56bfc062723c751e8b465ee728b)  -> (artifact id: '917553774b3f4518e9201e319e50ac4d') in 0.047771 seconds 
========================================================================
Received Import Request.
  Time since last request: 0.000058 seconds.
  path: Assets/3D Platformer Assets/Models/Environment/Quaternius Platformer Pack/Raw/Cloud5.fbx
  artifactKey: Guid(4be0e496703dd3142aaab965014bf564) Importer(815301076,1909f56bfc062723c751e8b465ee728b)
Start importing Assets/3D Platformer Assets/Models/Environment/Quaternius Platformer Pack/Raw/Cloud5.fbx using Guid(4be0e496703dd3142aaab965014bf564) Importer(815301076,1909f56bfc062723c751e8b465ee728b)  -> (artifact id: '602ed9cf63f4fe53430dbd74fdacffe0') in 0.041567 seconds 
========================================================================
Received Import Request.
  Time since last request: 0.000042 seconds.
  path: Assets/3D Platformer Assets/Models/Environment/Quaternius Platformer Pack/Raw/Platform_BottomLeft.fbx
  artifactKey: Guid(4a5fe26e6caaf2948b650017e426661d) Importer(815301076,1909f56bfc062723c751e8b465ee728b)
Start importing Assets/3D Platformer Assets/Models/Environment/Quaternius Platformer Pack/Raw/Platform_BottomLeft.fbx using Guid(4a5fe26e6caaf2948b650017e426661d) Importer(815301076,1909f56bfc062723c751e8b465ee728b)  -> (artifact id: '0af913e9290a537026624e761f3a1fd5') in 0.043654 seconds 
========================================================================
Received Import Request.
  Time since last request: 0.000033 seconds.
  path: Assets/3D Platformer Assets/Models/Environment/Quaternius Platformer Pack/Raw/Platform_CenterRight.fbx
  artifactKey: Guid(9b186d3f2337b324984ae64ecd4b80e2) Importer(815301076,1909f56bfc062723c751e8b465ee728b)
Start importing Assets/3D Platformer Assets/Models/Environment/Quaternius Platformer Pack/Raw/Platform_CenterRight.fbx using Guid(9b186d3f2337b324984ae64ecd4b80e2) Importer(815301076,1909f56bfc062723c751e8b465ee728b)  -> (artifact id: 'f6f9d07b2b1e372d534d158c741f9c30') in 0.040603 seconds 
========================================================================
Received Import Request.
  Time since last request: 0.000057 seconds.
  path: Assets/3D Platformer Assets/Models/Environment/Quaternius Platformer Pack/Raw/Rock3.fbx
  artifactKey: Guid(a245e4d6ee01c974da4c4f53cdab6645) Importer(815301076,1909f56bfc062723c751e8b465ee728b)
Start importing Assets/3D Platformer Assets/Models/Environment/Quaternius Platformer Pack/Raw/Rock3.fbx using Guid(a245e4d6ee01c974da4c4f53cdab6645) Importer(815301076,1909f56bfc062723c751e8b465ee728b)  -> (artifact id: 'e959cab40f982a5ff1b56f7fbd96d1b7') in 0.039463 seconds 
========================================================================
Received Import Request.
  Time since last request: 0.000034 seconds.
  path: Assets/3D Platformer Assets/Models/Environment/Quaternius Platformer Pack/Raw/Coin.fbx
  artifactKey: Guid(d45473f394c276345b45820f93f45335) Importer(815301076,1909f56bfc062723c751e8b465ee728b)
Start importing Assets/3D Platformer Assets/Models/Environment/Quaternius Platformer Pack/Raw/Coin.fbx using Guid(d45473f394c276345b45820f93f45335) Importer(815301076,1909f56bfc062723c751e8b465ee728b)  -> (artifact id: '8155dc98d214180663a07f99e409471e') in 0.051537 seconds 
========================================================================
Received Import Request.
  Time since last request: 0.000029 seconds.
  path: Assets/3D Platformer Assets/Models/Environment/Quaternius Platformer Pack/Raw/Heart_Full.fbx
  artifactKey: Guid(0f1250673cec97f4f86745dbde13ab2c) Importer(815301076,1909f56bfc062723c751e8b465ee728b)
Start importing Assets/3D Platformer Assets/Models/Environment/Quaternius Platformer Pack/Raw/Heart_Full.fbx using Guid(0f1250673cec97f4f86745dbde13ab2c) Importer(815301076,1909f56bfc062723c751e8b465ee728b)  -> (artifact id: '62173aff3ac7dfa7e75def65632adcbe') in 0.036776 seconds 
========================================================================
Received Import Request.
  Time since last request: 0.000029 seconds.
  path: Assets/3D Platformer Assets/Models/Environment/Quaternius Platformer Pack/Raw/Heart_Half.fbx
  artifactKey: Guid(41f547463fd34214ba62fc0558557ea6) Importer(815301076,1909f56bfc062723c751e8b465ee728b)
Start importing Assets/3D Platformer Assets/Models/Environment/Quaternius Platformer Pack/Raw/Heart_Half.fbx using Guid(41f547463fd34214ba62fc0558557ea6) Importer(815301076,1909f56bfc062723c751e8b465ee728b)  -> (artifact id: '596bced176110a34bd24c02499a97888') in 0.040477 seconds 
========================================================================
Received Import Request.
  Time since last request: 0.000022 seconds.
  path: Assets/3D Platformer Assets/Models/Environment/Kenney/blockMoving.prefab
  artifactKey: Guid(57cb48272e2e05346933aea4fa53b3c8) Importer(815301076,1909f56bfc062723c751e8b465ee728b)
Start importing Assets/3D Platformer Assets/Models/Environment/Kenney/blockMoving.prefab using Guid(57cb48272e2e05346933aea4fa53b3c8) Importer(815301076,1909f56bfc062723c751e8b465ee728b)  -> (artifact id: '206e55e513d481667a8d9dc00e82c57a') in 0.027305 seconds 
========================================================================
Received Import Request.
  Time since last request: 0.000019 seconds.
  path: Assets/3D Platformer Assets/Models/Environment/Quaternius Platformer Pack/Raw/Lever.fbx
  artifactKey: Guid(6d656d3aefae0c04fb7cd02d69649606) Importer(815301076,1909f56bfc062723c751e8b465ee728b)
Start importing Assets/3D Platformer Assets/Models/Environment/Quaternius Platformer Pack/Raw/Lever.fbx using Guid(6d656d3aefae0c04fb7cd02d69649606) Importer(815301076,1909f56bfc062723c751e8b465ee728b)  -> (artifact id: '71f6515584754f2ba5f8b224bc734dcd') in 0.069914 seconds 
Editor requested this worker to shutdown with reason: Scaling down because of idle timeout
AssetImportWorker is now disconnected from the server
Process exiting
Exiting without the bug reporter. Application will terminate with return code 0