Using pre-set license
Built from '2021.3/staging' branch; Version is '2021.3.11f1 (0a5ca18544bf) revision 679073'; Using compiler version '192829333'; Build Type 'Release'
OS: 'Windows 10  (10.0.19045) 64bit Core' Language: 'en' Physical Memory: 16225 MB
BatchMode: 1, IsHumanControllingUs: 0, StartBugReporterOnCrash: 0, Is64bit: 1, IsPro: 1

COMMAND LINE ARGUMENTS:
C:\Program Files\Unity\Hub\Editor\2021.3.11f1\Editor\Unity.exe
-adb2
-batchMode
-noUpm
-name
AssetImportWorker3
-projectPath
C:/Users/Diana/source/repos/AP2/Herb's Big Adventure
-logFile
Logs/AssetImportWorker3.log
-srvPort
49211
Successfully changed project path to: C:/Users/Diana/source/repos/AP2/Herb's Big Adventure
C:/Users/Diana/source/repos/AP2/Herb's Big Adventure
[UnityMemory] Configuration Parameters - Can be set up in boot.config
    "memorysetup-bucket-allocator-granularity=16"
    "memorysetup-bucket-allocator-bucket-count=8"
    "memorysetup-bucket-allocator-block-size=33554432"
    "memorysetup-bucket-allocator-block-count=8"
    "memorysetup-main-allocator-block-size=16777216"
    "memorysetup-thread-allocator-block-size=16777216"
    "memorysetup-gfx-main-allocator-block-size=16777216"
    "memorysetup-gfx-thread-allocator-block-size=16777216"
    "memorysetup-cache-allocator-block-size=4194304"
    "memorysetup-typetree-allocator-block-size=2097152"
    "memorysetup-profiler-bucket-allocator-granularity=16"
    "memorysetup-profiler-bucket-allocator-bucket-count=8"
    "memorysetup-profiler-bucket-allocator-block-size=33554432"
    "memorysetup-profiler-bucket-allocator-block-count=8"
    "memorysetup-profiler-allocator-block-size=16777216"
    "memorysetup-profiler-editor-allocator-block-size=1048576"
    "memorysetup-temp-allocator-size-main=16777216"
    "memorysetup-job-temp-allocator-block-size=2097152"
    "memorysetup-job-temp-allocator-block-size-background=1048576"
    "memorysetup-job-temp-allocator-reduction-small-platforms=262144"
    "memorysetup-temp-allocator-size-background-worker=32768"
    "memorysetup-temp-allocator-size-job-worker=262144"
    "memorysetup-temp-allocator-size-preload-manager=33554432"
    "memorysetup-temp-allocator-size-nav-mesh-worker=65536"
    "memorysetup-temp-allocator-size-audio-worker=65536"
    "memorysetup-temp-allocator-size-cloud-worker=32768"
    "memorysetup-temp-allocator-size-gi-baking-worker=262144"
    "memorysetup-temp-allocator-size-gfx=262144"
Refreshing native plugins compatible for Editor in 153.27 ms, found 3 plugins.
Preloading 0 native plugins for Editor in 0.00 ms.
Initialize engine version: 2021.3.11f1 (0a5ca18544bf)
[Subsystems] Discovering subsystems at path C:/Program Files/Unity/Hub/Editor/2021.3.11f1/Editor/Data/Resources/UnitySubsystems
[Subsystems] Discovering subsystems at path C:/Users/Diana/source/repos/AP2/Herb's Big Adventure/Assets
GfxDevice: creating device client; threaded=0; jobified=0
Direct3D:
    Version:  Direct3D 11.0 [level 11.1]
    Renderer: NVIDIA GeForce GTX 1660 Ti (ID=0x2191)
    Vendor:   NVIDIA
    VRAM:     5979 MB
    Driver:   31.0.15.2849
Initialize mono
Mono path[0] = 'C:/Program Files/Unity/Hub/Editor/2021.3.11f1/Editor/Data/Managed'
Mono path[1] = 'C:/Program Files/Unity/Hub/Editor/2021.3.11f1/Editor/Data/MonoBleedingEdge/lib/mono/unityjit-win32'
Mono config path = 'C:/Program Files/Unity/Hub/Editor/2021.3.11f1/Editor/Data/MonoBleedingEdge/etc'
Using monoOptions --debugger-agent=transport=dt_socket,embedding=1,server=y,suspend=n,address=127.0.0.1:56916
Begin MonoManager ReloadAssembly
Registering precompiled unity dll's ...
Register platform support module: C:/Program Files/Unity/Hub/Editor/2021.3.11f1/Editor/Data/PlaybackEngines/WindowsStandaloneSupport/UnityEditor.WindowsStandalone.Extensions.dll
Registered in 0.008261 seconds.
Native extension for WindowsStandalone target not found
Refreshing native plugins compatible for Editor in 91.52 ms, found 3 plugins.
Preloading 0 native plugins for Editor in 0.00 ms.
Mono: successfully reloaded assembly
- Completed reload, in  0.650 seconds
Domain Reload Profiling:
	ReloadAssembly (651ms)
		BeginReloadAssembly (81ms)
			ExecutionOrderSort (0ms)
			DisableScriptedObjects (0ms)
			BackupInstance (0ms)
			ReleaseScriptingObjects (0ms)
			CreateAndSetChildDomain (1ms)
		EndReloadAssembly (457ms)
			LoadAssemblies (78ms)
			RebuildTransferFunctionScriptingTraits (0ms)
			SetupTypeCache (101ms)
			ReleaseScriptCaches (0ms)
			RebuildScriptCaches (28ms)
			SetupLoadedEditorAssemblies (279ms)
				LogAssemblyErrors (0ms)
				InitializePlatformSupportModulesInManaged (8ms)
				SetLoadedEditorAssemblies (0ms)
				RefreshPlugins (92ms)
				BeforeProcessingInitializeOnLoad (1ms)
				ProcessInitializeOnLoadAttributes (134ms)
				ProcessInitializeOnLoadMethodAttributes (44ms)
				AfterProcessingInitializeOnLoad (0ms)
				EditorAssembliesLoaded (0ms)
			ExecutionOrderSort2 (0ms)
			AwakeInstancesAfterBackupRestoration (0ms)
Platform modules already initialized, skipping
Registering precompiled user dll's ...
Registered in 0.007722 seconds.
Begin MonoManager ReloadAssembly
Symbol file LoadedFromMemory doesn't match image C:\Users\Diana\source\repos\AP2\Herb's Big Adventure\Library\PackageCache\com.unity.visualscripting@1.7.8\Editor\VisualScripting.Core\Dependencies\YamlDotNet\Unity.VisualScripting.YamlDotNet.dll
Symbol file LoadedFromMemory doesn't match image C:\Users\Diana\source\repos\AP2\Herb's Big Adventure\Library\PackageCache\com.unity.visualscripting@1.7.8\Editor\VisualScripting.Core\Dependencies\DotNetZip\Unity.VisualScripting.IonicZip.dll
Native extension for WindowsStandalone target not found
Refreshing native plugins compatible for Editor in 90.84 ms, found 3 plugins.
Preloading 0 native plugins for Editor in 0.00 ms.
Mono: successfully reloaded assembly
- Completed reload, in  1.455 seconds
Domain Reload Profiling:
	ReloadAssembly (1456ms)
		BeginReloadAssembly (186ms)
			ExecutionOrderSort (0ms)
			DisableScriptedObjects (7ms)
			BackupInstance (0ms)
			ReleaseScriptingObjects (1ms)
			CreateAndSetChildDomain (33ms)
		EndReloadAssembly (1089ms)
			LoadAssemblies (144ms)
			RebuildTransferFunctionScriptingTraits (0ms)
			SetupTypeCache (335ms)
			ReleaseScriptCaches (1ms)
			RebuildScriptCaches (63ms)
			SetupLoadedEditorAssemblies (537ms)
				LogAssemblyErrors (0ms)
				InitializePlatformSupportModulesInManaged (5ms)
				SetLoadedEditorAssemblies (0ms)
				RefreshPlugins (91ms)
				BeforeProcessingInitializeOnLoad (90ms)
				ProcessInitializeOnLoadAttributes (319ms)
				ProcessInitializeOnLoadMethodAttributes (23ms)
				AfterProcessingInitializeOnLoad (9ms)
				EditorAssembliesLoaded (0ms)
			ExecutionOrderSort2 (0ms)
			AwakeInstancesAfterBackupRestoration (6ms)
Platform modules already initialized, skipping
========================================================================
Worker process is ready to serve import requests
Launched and connected shader compiler UnityShaderCompiler.exe after 0.05 seconds
Refreshing native plugins compatible for Editor in 0.75 ms, found 3 plugins.
Preloading 0 native plugins for Editor in 0.00 ms.
Unloading 4102 Unused Serialized files (Serialized files now loaded: 0)
Unloading 55 unused Assets / (1.7 MB). Loaded Objects now: 4558.
Memory consumption went from 160.9 MB to 159.1 MB.
Total: 3.966300 ms (FindLiveObjects: 0.309900 ms CreateObjectMapping: 0.218900 ms MarkObjects: 3.001500 ms  DeleteObjects: 0.435300 ms)

AssetImportParameters requested are different than current active one (requested -> active):
  custom:video-decoder-ogg-theora: a1e56fd34408186e4bbccfd4996cb3dc -> 
  custom:container-muxer-webm: aa71ff27fc2769a1b78a27578f13a17b -> 
  custom:container-demuxer-webm: 4f35f7cbe854078d1ac9338744f61a02 -> 
  custom:video-encoder-webm-vp8: eb34c28f22e8b96e1ab97ce403110664 -> 
  custom:audio-encoder-webm-vorbis: bf7c407c2cedff20999df2af8eb42d56 -> 
  custom:framework-win-MediaFoundation: 216162199b28c13a410421893ffa2e32 -> 
  custom:container-demuxer-ogg: 62fdf1f143b41e24485cea50d1cbac27 -> 
  custom:video-decoder-webm-vp8: 9c59270c3fd7afecdb556c50c9e8de78 -> 
  custom:audio-decoder-ogg-vorbis: bf7c407c2cedff20999df2af8eb42d56 -> 
========================================================================
Received Prepare
Registering precompiled user dll's ...
Registered in 0.007891 seconds.
Begin MonoManager ReloadAssembly
Symbol file LoadedFromMemory doesn't match image C:\Users\Diana\source\repos\AP2\Herb's Big Adventure\Library\PackageCache\com.unity.visualscripting@1.7.8\Editor\VisualScripting.Core\Dependencies\YamlDotNet\Unity.VisualScripting.YamlDotNet.dll
Symbol file LoadedFromMemory doesn't match image C:\Users\Diana\source\repos\AP2\Herb's Big Adventure\Library\PackageCache\com.unity.visualscripting@1.7.8\Editor\VisualScripting.Core\Dependencies\DotNetZip\Unity.VisualScripting.IonicZip.dll
Native extension for WindowsStandalone target not found
Refreshing native plugins compatible for Editor in 1.10 ms, found 3 plugins.
Preloading 0 native plugins for Editor in 0.00 ms.
Mono: successfully reloaded assembly
- Completed reload, in  1.263 seconds
Domain Reload Profiling:
	ReloadAssembly (1264ms)
		BeginReloadAssembly (135ms)
			ExecutionOrderSort (0ms)
			DisableScriptedObjects (4ms)
			BackupInstance (0ms)
			ReleaseScriptingObjects (0ms)
			CreateAndSetChildDomain (35ms)
		EndReloadAssembly (1026ms)
			LoadAssemblies (94ms)
			RebuildTransferFunctionScriptingTraits (0ms)
			SetupTypeCache (256ms)
			ReleaseScriptCaches (1ms)
			RebuildScriptCaches (40ms)
			SetupLoadedEditorAssemblies (578ms)
				LogAssemblyErrors (0ms)
				InitializePlatformSupportModulesInManaged (21ms)
				SetLoadedEditorAssemblies (1ms)
				RefreshPlugins (1ms)
				BeforeProcessingInitializeOnLoad (98ms)
				ProcessInitializeOnLoadAttributes (406ms)
				ProcessInitializeOnLoadMethodAttributes (37ms)
				AfterProcessingInitializeOnLoad (15ms)
				EditorAssembliesLoaded (0ms)
			ExecutionOrderSort2 (0ms)
			AwakeInstancesAfterBackupRestoration (9ms)
Platform modules already initialized, skipping
Refreshing native plugins compatible for Editor in 3.18 ms, found 3 plugins.
Preloading 0 native plugins for Editor in 0.00 ms.
Unloading 4041 Unused Serialized files (Serialized files now loaded: 0)
Unloading 34 unused Assets / (1.7 MB). Loaded Objects now: 4573.
Memory consumption went from 154.8 MB to 153.2 MB.
Total: 7.148100 ms (FindLiveObjects: 1.010900 ms CreateObjectMapping: 0.838500 ms MarkObjects: 4.551300 ms  DeleteObjects: 0.744800 ms)

AssetImportParameters requested are different than current active one (requested -> active):
  custom:video-decoder-ogg-theora: a1e56fd34408186e4bbccfd4996cb3dc -> 
  custom:container-muxer-webm: aa71ff27fc2769a1b78a27578f13a17b -> 
  custom:container-demuxer-webm: 4f35f7cbe854078d1ac9338744f61a02 -> 
  custom:video-encoder-webm-vp8: eb34c28f22e8b96e1ab97ce403110664 -> 
  custom:audio-encoder-webm-vorbis: bf7c407c2cedff20999df2af8eb42d56 -> 
  custom:framework-win-MediaFoundation: 216162199b28c13a410421893ffa2e32 -> 
  custom:container-demuxer-ogg: 62fdf1f143b41e24485cea50d1cbac27 -> 
  custom:video-decoder-webm-vp8: 9c59270c3fd7afecdb556c50c9e8de78 -> 
  custom:audio-decoder-ogg-vorbis: bf7c407c2cedff20999df2af8eb42d56 -> 
========================================================================
Received Import Request.
  Time since last request: 15447.102783 seconds.
  path: Assets/DownloadedAssets/crystals_texture.png
  artifactKey: Guid(ff87d784889fc4a4c959c473be6d6ae9) Importer(815301076,1909f56bfc062723c751e8b465ee728b)
Start importing Assets/DownloadedAssets/crystals_texture.png using Guid(ff87d784889fc4a4c959c473be6d6ae9) Importer(815301076,1909f56bfc062723c751e8b465ee728b)  -> (artifact id: 'e4626b7ff98cf5c5eb5a40a79ae9919b') in 0.162725 seconds 
========================================================================
Received Import Request.
  Time since last request: 0.000018 seconds.
  path: Assets/DownloadedAssets/Main.mat
  artifactKey: Guid(0c4c548671aa2864b92e63607ab6fab5) Importer(815301076,1909f56bfc062723c751e8b465ee728b)
Start importing Assets/DownloadedAssets/Main.mat using Guid(0c4c548671aa2864b92e63607ab6fab5) Importer(815301076,1909f56bfc062723c751e8b465ee728b)  -> (artifact id: 'f1593a5f017d871138055d30aaa65761') in 0.092981 seconds 
========================================================================
Received Import Request.
  Time since last request: 0.000022 seconds.
  path: Assets/DownloadedAssets/Edges.mat
  artifactKey: Guid(fe2d61d0eaca347428a223bb2cac66ff) Importer(815301076,1909f56bfc062723c751e8b465ee728b)
Start importing Assets/DownloadedAssets/Edges.mat using Guid(fe2d61d0eaca347428a223bb2cac66ff) Importer(815301076,1909f56bfc062723c751e8b465ee728b)  -> (artifact id: '0e3e53771710a665add9b20fefed8144') in 0.032804 seconds 
========================================================================
Received Prepare
Registering precompiled user dll's ...
Registered in 0.006890 seconds.
Begin MonoManager ReloadAssembly
Symbol file LoadedFromMemory doesn't match image C:\Users\Diana\source\repos\AP2\Herb's Big Adventure\Library\PackageCache\com.unity.visualscripting@1.7.8\Editor\VisualScripting.Core\Dependencies\YamlDotNet\Unity.VisualScripting.YamlDotNet.dll
Symbol file LoadedFromMemory doesn't match image C:\Users\Diana\source\repos\AP2\Herb's Big Adventure\Library\PackageCache\com.unity.visualscripting@1.7.8\Editor\VisualScripting.Core\Dependencies\DotNetZip\Unity.VisualScripting.IonicZip.dll
Native extension for WindowsStandalone target not found
Refreshing native plugins compatible for Editor in 1.43 ms, found 3 plugins.
Preloading 0 native plugins for Editor in 0.00 ms.
Mono: successfully reloaded assembly
- Completed reload, in  1.348 seconds
Domain Reload Profiling:
	ReloadAssembly (1349ms)
		BeginReloadAssembly (134ms)
			ExecutionOrderSort (0ms)
			DisableScriptedObjects (4ms)
			BackupInstance (0ms)
			ReleaseScriptingObjects (0ms)
			CreateAndSetChildDomain (36ms)
		EndReloadAssembly (1112ms)
			LoadAssemblies (91ms)
			RebuildTransferFunctionScriptingTraits (0ms)
			SetupTypeCache (273ms)
			ReleaseScriptCaches (2ms)
			RebuildScriptCaches (74ms)
			SetupLoadedEditorAssemblies (576ms)
				LogAssemblyErrors (0ms)
				InitializePlatformSupportModulesInManaged (19ms)
				SetLoadedEditorAssemblies (0ms)
				RefreshPlugins (2ms)
				BeforeProcessingInitializeOnLoad (105ms)
				ProcessInitializeOnLoadAttributes (401ms)
				ProcessInitializeOnLoadMethodAttributes (37ms)
				AfterProcessingInitializeOnLoad (13ms)
				EditorAssembliesLoaded (0ms)
			ExecutionOrderSort2 (0ms)
			AwakeInstancesAfterBackupRestoration (9ms)
Platform modules already initialized, skipping
Refreshing native plugins compatible for Editor in 3.10 ms, found 3 plugins.
Preloading 0 native plugins for Editor in 0.00 ms.
Unloading 4041 Unused Serialized files (Serialized files now loaded: 0)
Unloading 34 unused Assets / (1.7 MB). Loaded Objects now: 4630.
Memory consumption went from 159.4 MB to 157.8 MB.
Total: 8.989200 ms (FindLiveObjects: 0.737200 ms CreateObjectMapping: 0.840700 ms MarkObjects: 5.778400 ms  DeleteObjects: 1.631000 ms)

AssetImportParameters requested are different than current active one (requested -> active):
  custom:video-decoder-ogg-theora: a1e56fd34408186e4bbccfd4996cb3dc -> 
  custom:container-muxer-webm: aa71ff27fc2769a1b78a27578f13a17b -> 
  custom:container-demuxer-webm: 4f35f7cbe854078d1ac9338744f61a02 -> 
  custom:video-encoder-webm-vp8: eb34c28f22e8b96e1ab97ce403110664 -> 
  custom:audio-encoder-webm-vorbis: bf7c407c2cedff20999df2af8eb42d56 -> 
  custom:framework-win-MediaFoundation: 216162199b28c13a410421893ffa2e32 -> 
  custom:container-demuxer-ogg: 62fdf1f143b41e24485cea50d1cbac27 -> 
  custom:video-decoder-webm-vp8: 9c59270c3fd7afecdb556c50c9e8de78 -> 
  custom:audio-decoder-ogg-vorbis: bf7c407c2cedff20999df2af8eb42d56 -> 
========================================================================
Received Import Request.
  Time since last request: 651.363675 seconds.
  path: Assets/Prefabs/crystal blue.prefab
  artifactKey: Guid(a725845a4a2bb0941b0f0b746065ce1e) Importer(815301076,1909f56bfc062723c751e8b465ee728b)
Start importing Assets/Prefabs/crystal blue.prefab using Guid(a725845a4a2bb0941b0f0b746065ce1e) Importer(815301076,1909f56bfc062723c751e8b465ee728b)  -> (artifact id: 'e524fc139e29aa6c6465bc08b47e583a') in 0.124717 seconds 
========================================================================
Received Import Request.
  Time since last request: 0.000034 seconds.
  path: Assets/Prefabs/KillZone.prefab
  artifactKey: Guid(14f2f8818ab64ca408c7af744d4b9c5e) Importer(815301076,1909f56bfc062723c751e8b465ee728b)
Start importing Assets/Prefabs/KillZone.prefab using Guid(14f2f8818ab64ca408c7af744d4b9c5e) Importer(815301076,1909f56bfc062723c751e8b465ee728b)  -> (artifact id: '61e9e4f7c5de99ed543b6987740cd3a4') in 0.012202 seconds 
========================================================================
Received Import Request.
  Time since last request: 0.000042 seconds.
  path: Assets/Prefabs/crystal green.prefab
  artifactKey: Guid(34198a65c76b9254da4e453e49b82bed) Importer(815301076,1909f56bfc062723c751e8b465ee728b)
Start importing Assets/Prefabs/crystal green.prefab using Guid(34198a65c76b9254da4e453e49b82bed) Importer(815301076,1909f56bfc062723c751e8b465ee728b)  -> (artifact id: '8119349112f1e678334f15c8630cc522') in 0.030861 seconds 
========================================================================
Received Import Request.
  Time since last request: 0.000042 seconds.
  path: Assets/Prefabs/purpleHermit.prefab
  artifactKey: Guid(5dab68a324b51fb4f80075ccd5860906) Importer(815301076,1909f56bfc062723c751e8b465ee728b)
Start importing Assets/Prefabs/purpleHermit.prefab using Guid(5dab68a324b51fb4f80075ccd5860906) Importer(815301076,1909f56bfc062723c751e8b465ee728b)  -> (artifact id: '2ca70038e0fd37c3a0c0c27baaec99d6') in 0.086199 seconds 
========================================================================
Received Import Request.
  Time since last request: 0.000024 seconds.
  path: Assets/Prefabs/crystal Red.prefab
  artifactKey: Guid(e9a3bf096494ec24e88890479b77c1db) Importer(815301076,1909f56bfc062723c751e8b465ee728b)
Start importing Assets/Prefabs/crystal Red.prefab using Guid(e9a3bf096494ec24e88890479b77c1db) Importer(815301076,1909f56bfc062723c751e8b465ee728b)  -> (artifact id: 'ec9029f4eb4695a45ace9dac7d06c142') in 0.026763 seconds 
========================================================================
Received Import Request.
  Time since last request: 0.000027 seconds.
  path: Assets/Prefabs/Level Layout.prefab
  artifactKey: Guid(c61106827713aaf478bb0764df9dc5e5) Importer(815301076,1909f56bfc062723c751e8b465ee728b)
Start importing Assets/Prefabs/Level Layout.prefab using Guid(c61106827713aaf478bb0764df9dc5e5) Importer(815301076,1909f56bfc062723c751e8b465ee728b)  -> (artifact id: '8f2962d5274176c4d428b68ed2084d3a') in 0.035584 seconds 
========================================================================
Received Import Request.
  Time since last request: 0.000032 seconds.
  path: Assets/Prefabs/LevelPack.prefab
  artifactKey: Guid(55aa6689a57570e41bd30a4b1672dcb7) Importer(815301076,1909f56bfc062723c751e8b465ee728b)
Start importing Assets/Prefabs/LevelPack.prefab using Guid(55aa6689a57570e41bd30a4b1672dcb7) Importer(815301076,1909f56bfc062723c751e8b465ee728b)  -> (artifact id: 'b8882bc9758586ca39c4c0d544b0291b') in 0.158199 seconds 
========================================================================
Received Import Request.
  Time since last request: 1.310818 seconds.
  path: Assets/Prefabs/Interactables/CheckPoint.prefab
  artifactKey: Guid(1f140bf0755c767489f223a251b40adb) Importer(815301076,1909f56bfc062723c751e8b465ee728b)
Start importing Assets/Prefabs/Interactables/CheckPoint.prefab using Guid(1f140bf0755c767489f223a251b40adb) Importer(815301076,1909f56bfc062723c751e8b465ee728b)  -> (artifact id: 'f2240cf34d1d89faee07a8d10af169b4') in 0.028299 seconds 
========================================================================
Received Import Request.
  Time since last request: 0.000027 seconds.
  path: Assets/Prefabs/Interactables/Crate.prefab
  artifactKey: Guid(783248dd6aac7c8439138eaf962458ba) Importer(815301076,1909f56bfc062723c751e8b465ee728b)
Start importing Assets/Prefabs/Interactables/Crate.prefab using Guid(783248dd6aac7c8439138eaf962458ba) Importer(815301076,1909f56bfc062723c751e8b465ee728b)  -> (artifact id: '3ce3e7286ea318e10bc8b96a6bddb615') in 0.034853 seconds 
========================================================================
Received Import Request.
  Time since last request: 0.000058 seconds.
  path: Assets/Prefabs/Interactables/spikes.prefab
  artifactKey: Guid(702bf8ecc82a1d2469b60d23b5319634) Importer(815301076,1909f56bfc062723c751e8b465ee728b)
Start importing Assets/Prefabs/Interactables/spikes.prefab using Guid(702bf8ecc82a1d2469b60d23b5319634) Importer(815301076,1909f56bfc062723c751e8b465ee728b)  -> (artifact id: '410f24ce4baa5d8c0d0ad9e0ed4e261f') in 0.027439 seconds 
========================================================================
Received Import Request.
  Time since last request: 0.000041 seconds.
  path: Assets/Prefabs/Interactables/LevelEntry.prefab
  artifactKey: Guid(48bf893ede8893e44a65068c1bcc4ada) Importer(815301076,1909f56bfc062723c751e8b465ee728b)
Start importing Assets/Prefabs/Interactables/LevelEntry.prefab using Guid(48bf893ede8893e44a65068c1bcc4ada) Importer(815301076,1909f56bfc062723c751e8b465ee728b)  -> (artifact id: '86b2d36f1cef1068e8df54725eb8736d') in 0.031553 seconds 
========================================================================
Received Import Request.
  Time since last request: 0.000045 seconds.
  path: Assets/Prefabs/Interactables/Coin Pickup 2.prefab
  artifactKey: Guid(72f3947ab1e50ea46960f9c7b8896ca1) Importer(815301076,1909f56bfc062723c751e8b465ee728b)
Start importing Assets/Prefabs/Interactables/Coin Pickup 2.prefab using Guid(72f3947ab1e50ea46960f9c7b8896ca1) Importer(815301076,1909f56bfc062723c751e8b465ee728b)  -> (artifact id: 'dea09a2339ccb85c9fc57b1b5f322af1') in 0.037873 seconds 
========================================================================
Received Import Request.
  Time since last request: 0.000048 seconds.
  path: Assets/Prefabs/Interactables/Coin Bunch.prefab
  artifactKey: Guid(a14beaef99d7cfb4bb5517b79ffbbc4d) Importer(815301076,1909f56bfc062723c751e8b465ee728b)
Start importing Assets/Prefabs/Interactables/Coin Bunch.prefab using Guid(a14beaef99d7cfb4bb5517b79ffbbc4d) Importer(815301076,1909f56bfc062723c751e8b465ee728b)  -> (artifact id: 'e78df834e735225eab2dcc6a12370391') in 0.033818 seconds 
========================================================================
Received Import Request.
  Time since last request: 0.000032 seconds.
  path: Assets/Prefabs/Interactables/Spinning Saw.prefab
  artifactKey: Guid(a6c3048c2a1c9104686ca5c196a6e578) Importer(815301076,1909f56bfc062723c751e8b465ee728b)
Start importing Assets/Prefabs/Interactables/Spinning Saw.prefab using Guid(a6c3048c2a1c9104686ca5c196a6e578) Importer(815301076,1909f56bfc062723c751e8b465ee728b)  -> (artifact id: '8d724bf463a3aa4e863c3a921c17830a') in 0.062983 seconds 
========================================================================
Received Import Request.
  Time since last request: 0.000022 seconds.
  path: Assets/Prefabs/Interactables/Coin Pickup.prefab
  artifactKey: Guid(852864d7f3986dd43bd57434c7b7e444) Importer(815301076,1909f56bfc062723c751e8b465ee728b)
Start importing Assets/Prefabs/Interactables/Coin Pickup.prefab using Guid(852864d7f3986dd43bd57434c7b7e444) Importer(815301076,1909f56bfc062723c751e8b465ee728b)  -> (artifact id: '7281ec7b5c3f1760d6ffb568a38bc9de') in 0.029294 seconds 
========================================================================
Received Import Request.
  Time since last request: 7.597002 seconds.
  path: Assets/Prefabs/Collectibles/Bolt_normal 1.prefab
  artifactKey: Guid(70d40e6de4515b8438bbb8feb18f15e4) Importer(815301076,1909f56bfc062723c751e8b465ee728b)
Start importing Assets/Prefabs/Collectibles/Bolt_normal 1.prefab using Guid(70d40e6de4515b8438bbb8feb18f15e4) Importer(815301076,1909f56bfc062723c751e8b465ee728b)  -> (artifact id: '83484abca738abc0b0549a80a0c5aca2') in 0.022887 seconds 
========================================================================
Received Import Request.
  Time since last request: 2.792285 seconds.
  path: Assets/Materials/ChainSaw.mat
  artifactKey: Guid(62907a13ac7f55a4d83c17490f5946bd) Importer(815301076,1909f56bfc062723c751e8b465ee728b)
Start importing Assets/Materials/ChainSaw.mat using Guid(62907a13ac7f55a4d83c17490f5946bd) Importer(815301076,1909f56bfc062723c751e8b465ee728b)  -> (artifact id: '2729d4410051eb2b498ba9af1d23fce2') in 0.042068 seconds 
========================================================================
Received Import Request.
  Time since last request: 1.513791 seconds.
  path: Assets/Gizmos/NavMeshSurface Icon.png
  artifactKey: Guid(e4f97225bcfb64760a1c81f460837f01) Importer(815301076,1909f56bfc062723c751e8b465ee728b)
Start importing Assets/Gizmos/NavMeshSurface Icon.png using Guid(e4f97225bcfb64760a1c81f460837f01) Importer(815301076,1909f56bfc062723c751e8b465ee728b)  -> (artifact id: 'e53be7300fd6f34427af155f6ea43fc9') in 0.027125 seconds 
========================================================================
Received Import Request.
  Time since last request: 7.063667 seconds.
  path: Assets/DownloadedAssets/Polygonal Robot Hermit/FBX/Polygonal Robot Hermit@Blast Attack.FBX
  artifactKey: Guid(fdbce2bdcd6355e40b3a7783fbe9d29e) Importer(815301076,1909f56bfc062723c751e8b465ee728b)
Start importing Assets/DownloadedAssets/Polygonal Robot Hermit/FBX/Polygonal Robot Hermit@Blast Attack.FBX using Guid(fdbce2bdcd6355e40b3a7783fbe9d29e) Importer(815301076,1909f56bfc062723c751e8b465ee728b)  -> (artifact id: '736b170913d3fd45805bc03595ed8006') in 0.107882 seconds 
========================================================================
Received Import Request.
  Time since last request: 0.000032 seconds.
  path: Assets/DownloadedAssets/Polygonal Robot Hermit/FBX/Polygonal Robot Hermit@Machine Gun Attack Left.FBX
  artifactKey: Guid(86264086b366cec4d8d83381b24ccad3) Importer(815301076,1909f56bfc062723c751e8b465ee728b)
Start importing Assets/DownloadedAssets/Polygonal Robot Hermit/FBX/Polygonal Robot Hermit@Machine Gun Attack Left.FBX using Guid(86264086b366cec4d8d83381b24ccad3) Importer(815301076,1909f56bfc062723c751e8b465ee728b)  -> (artifact id: '0a00eeadb5cca1394ecedfdfe068b9b5') in 0.098754 seconds 
========================================================================
Received Import Request.
  Time since last request: 0.000044 seconds.
  path: Assets/DownloadedAssets/Polygonal Robot Hermit/FBX/Polygonal Robot Hermit@Idle To Defend.FBX
  artifactKey: Guid(ff8bf0eb6ef951043859d8b0f19736ca) Importer(815301076,1909f56bfc062723c751e8b465ee728b)
Start importing Assets/DownloadedAssets/Polygonal Robot Hermit/FBX/Polygonal Robot Hermit@Idle To Defend.FBX using Guid(ff8bf0eb6ef951043859d8b0f19736ca) Importer(815301076,1909f56bfc062723c751e8b465ee728b)  -> (artifact id: '836f419ffd41cf87c89831ad5103c4bc') in 0.095669 seconds 
========================================================================
Received Import Request.
  Time since last request: 0.000024 seconds.
  path: Assets/DownloadedAssets/Polygonal Robot Hermit/FBX/Polygonal Robot Hermit@Strafe Right W Root.FBX
  artifactKey: Guid(336aa9e3185931b418f9b0155b79d02c) Importer(815301076,1909f56bfc062723c751e8b465ee728b)
Start importing Assets/DownloadedAssets/Polygonal Robot Hermit/FBX/Polygonal Robot Hermit@Strafe Right W Root.FBX using Guid(336aa9e3185931b418f9b0155b79d02c) Importer(815301076,1909f56bfc062723c751e8b465ee728b)  -> (artifact id: '74e87bc4d802acfbe416cabc359e739f') in 0.091817 seconds 
========================================================================
Received Import Request.
  Time since last request: 0.000025 seconds.
  path: Assets/DownloadedAssets/Polygonal Robot Hermit/FBX/Polygonal Robot Hermit@Run Forward WO Root.FBX
  artifactKey: Guid(69964915be4cf7a479637ac5bce5c2ac) Importer(815301076,1909f56bfc062723c751e8b465ee728b)
Start importing Assets/DownloadedAssets/Polygonal Robot Hermit/FBX/Polygonal Robot Hermit@Run Forward WO Root.FBX using Guid(69964915be4cf7a479637ac5bce5c2ac) Importer(815301076,1909f56bfc062723c751e8b465ee728b)  -> (artifact id: '1ef2e23717df23a1c50d3aee75ecd421') in 0.095540 seconds 
========================================================================
Received Import Request.
  Time since last request: 0.000031 seconds.
  path: Assets/DownloadedAssets/Polygonal Robot Hermit/FBX/Polygonal Robot Hermit@Walk Forward W Root.FBX
  artifactKey: Guid(3e01e7c20754c2a458f0adf06739edc1) Importer(815301076,1909f56bfc062723c751e8b465ee728b)
Start importing Assets/DownloadedAssets/Polygonal Robot Hermit/FBX/Polygonal Robot Hermit@Walk Forward W Root.FBX using Guid(3e01e7c20754c2a458f0adf06739edc1) Importer(815301076,1909f56bfc062723c751e8b465ee728b)  -> (artifact id: 'e5c6c1ab294bfd119cbeb51cb40bed11') in 0.098316 seconds 
========================================================================
Received Import Request.
  Time since last request: 0.000053 seconds.
  path: Assets/DownloadedAssets/Polygonal Robot Hermit/FBX/Polygonal Robot Hermit@Jump WO Root.FBX
  artifactKey: Guid(1c51447138d5d244bb51d86341855c5f) Importer(815301076,1909f56bfc062723c751e8b465ee728b)
Start importing Assets/DownloadedAssets/Polygonal Robot Hermit/FBX/Polygonal Robot Hermit@Jump WO Root.FBX using Guid(1c51447138d5d244bb51d86341855c5f) Importer(815301076,1909f56bfc062723c751e8b465ee728b)  -> (artifact id: '14584a56926fc5331f2a52b87e5d2602') in 0.098850 seconds 
========================================================================
Received Import Request.
  Time since last request: 0.000052 seconds.
  path: Assets/DownloadedAssets/Polygonal Robot Hermit/FBX/Polygonal Robot Hermit@Machine Gun Attack Front.FBX
  artifactKey: Guid(27db073a245e1df4b96cb2f6f8c8ac3a) Importer(815301076,1909f56bfc062723c751e8b465ee728b)
Start importing Assets/DownloadedAssets/Polygonal Robot Hermit/FBX/Polygonal Robot Hermit@Machine Gun Attack Front.FBX using Guid(27db073a245e1df4b96cb2f6f8c8ac3a) Importer(815301076,1909f56bfc062723c751e8b465ee728b)  -> (artifact id: '21f3150e2925e7b4bdb8b8e20f9398d2') in 0.095771 seconds 
========================================================================
Received Import Request.
  Time since last request: 0.000031 seconds.
  path: Assets/DownloadedAssets/Polygonal Robot Hermit/FBX/Polygonal Robot Hermit@Strafe Left WO Root.FBX
  artifactKey: Guid(d9aa86a2cbdad204098b010149a41cf9) Importer(815301076,1909f56bfc062723c751e8b465ee728b)
Start importing Assets/DownloadedAssets/Polygonal Robot Hermit/FBX/Polygonal Robot Hermit@Strafe Left WO Root.FBX using Guid(d9aa86a2cbdad204098b010149a41cf9) Importer(815301076,1909f56bfc062723c751e8b465ee728b)  -> (artifact id: '2d394314b80626abe8ae8489edb7620f') in 0.089792 seconds 
========================================================================
Received Import Request.
  Time since last request: 18.420273 seconds.
  path: Assets/3D Platformer Assets/Models/Enemies/Skeleton.prefab
  artifactKey: Guid(ee65d989cd715534aad85f0cdca97068) Importer(815301076,1909f56bfc062723c751e8b465ee728b)
Start importing Assets/3D Platformer Assets/Models/Enemies/Skeleton.prefab using Guid(ee65d989cd715534aad85f0cdca97068) Importer(815301076,1909f56bfc062723c751e8b465ee728b)  -> (artifact id: '6fcf87b095f76d93dc3000129b9e0e0c') in 0.090893 seconds 
========================================================================
Received Import Request.
  Time since last request: 8.015614 seconds.
  path: Assets/3D Platformer Assets/Models/Environment/Kenney/flowers.prefab
  artifactKey: Guid(5b24a249b652a5f40943643f75030fe3) Importer(815301076,1909f56bfc062723c751e8b465ee728b)
Start importing Assets/3D Platformer Assets/Models/Environment/Kenney/flowers.prefab using Guid(5b24a249b652a5f40943643f75030fe3) Importer(815301076,1909f56bfc062723c751e8b465ee728b)  -> (artifact id: 'a86e9cdbe435a9991d29a81c97ce1b2c') in 0.024458 seconds 
========================================================================
Received Import Request.
  Time since last request: 0.000030 seconds.
  path: Assets/3D Platformer Assets/Models/Environment/Kenney/mushrooms.prefab
  artifactKey: Guid(daa3c40f900aa1d4394caf3af0211ed7) Importer(815301076,1909f56bfc062723c751e8b465ee728b)
Start importing Assets/3D Platformer Assets/Models/Environment/Kenney/mushrooms.prefab using Guid(daa3c40f900aa1d4394caf3af0211ed7) Importer(815301076,1909f56bfc062723c751e8b465ee728b)  -> (artifact id: '73d3601f0838dfb31d0e056635e42994') in 0.025532 seconds 
========================================================================
Received Import Request.
  Time since last request: 0.000025 seconds.
  path: Assets/3D Platformer Assets/Models/Environment/Kenney/platform.prefab
  artifactKey: Guid(e7bced4a1e06b07408428865b6b994e0) Importer(815301076,1909f56bfc062723c751e8b465ee728b)
Start importing Assets/3D Platformer Assets/Models/Environment/Kenney/platform.prefab using Guid(e7bced4a1e06b07408428865b6b994e0) Importer(815301076,1909f56bfc062723c751e8b465ee728b)  -> (artifact id: '2501d5bc45fe1a0aec8520e3650f77df') in 0.025106 seconds 
========================================================================
Received Import Request.
  Time since last request: 0.000027 seconds.
  path: Assets/3D Platformer Assets/Models/Environment/Kenney/ladder.prefab
  artifactKey: Guid(b06c52cae994ae049a5e6fd0419683e5) Importer(815301076,1909f56bfc062723c751e8b465ee728b)
Start importing Assets/3D Platformer Assets/Models/Environment/Kenney/ladder.prefab using Guid(b06c52cae994ae049a5e6fd0419683e5) Importer(815301076,1909f56bfc062723c751e8b465ee728b)  -> (artifact id: 'd1ab93418f371e27643a4dbd92ff5c82') in 0.026072 seconds 
========================================================================
Received Import Request.
  Time since last request: 0.619919 seconds.
  path: Assets/3D Platformer Assets/Models/Environment/Kenney/treeSnow.prefab
  artifactKey: Guid(b2d8ce5ee44721d4d8fc531434a9731d) Importer(815301076,1909f56bfc062723c751e8b465ee728b)
Start importing Assets/3D Platformer Assets/Models/Environment/Kenney/treeSnow.prefab using Guid(b2d8ce5ee44721d4d8fc531434a9731d) Importer(815301076,1909f56bfc062723c751e8b465ee728b)  -> (artifact id: 'b52394dbeb51f60024a9d3757357cfcd') in 0.032388 seconds 
========================================================================
Received Prepare
Registering precompiled user dll's ...
Registered in 0.007689 seconds.
Begin MonoManager ReloadAssembly
Symbol file LoadedFromMemory doesn't match image C:\Users\Diana\source\repos\AP2\Herb's Big Adventure\Library\PackageCache\com.unity.visualscripting@1.7.8\Editor\VisualScripting.Core\Dependencies\YamlDotNet\Unity.VisualScripting.YamlDotNet.dll
Symbol file LoadedFromMemory doesn't match image C:\Users\Diana\source\repos\AP2\Herb's Big Adventure\Library\PackageCache\com.unity.visualscripting@1.7.8\Editor\VisualScripting.Core\Dependencies\DotNetZip\Unity.VisualScripting.IonicZip.dll
Native extension for WindowsStandalone target not found
Refreshing native plugins compatible for Editor in 1.09 ms, found 3 plugins.
Preloading 0 native plugins for Editor in 0.00 ms.
Mono: successfully reloaded assembly
- Completed reload, in  1.358 seconds
Domain Reload Profiling:
	ReloadAssembly (1359ms)
		BeginReloadAssembly (153ms)
			ExecutionOrderSort (0ms)
			DisableScriptedObjects (4ms)
			BackupInstance (0ms)
			ReleaseScriptingObjects (0ms)
			CreateAndSetChildDomain (43ms)
		EndReloadAssembly (1086ms)
			LoadAssemblies (109ms)
			RebuildTransferFunctionScriptingTraits (0ms)
			SetupTypeCache (281ms)
			ReleaseScriptCaches (2ms)
			RebuildScriptCaches (45ms)
			SetupLoadedEditorAssemblies (595ms)
				LogAssemblyErrors (0ms)
				InitializePlatformSupportModulesInManaged (20ms)
				SetLoadedEditorAssemblies (1ms)
				RefreshPlugins (1ms)
				BeforeProcessingInitializeOnLoad (94ms)
				ProcessInitializeOnLoadAttributes (421ms)
				ProcessInitializeOnLoadMethodAttributes (43ms)
				AfterProcessingInitializeOnLoad (16ms)
				EditorAssembliesLoaded (0ms)
			ExecutionOrderSort2 (0ms)
			AwakeInstancesAfterBackupRestoration (11ms)
Platform modules already initialized, skipping
Refreshing native plugins compatible for Editor in 4.15 ms, found 3 plugins.
Preloading 0 native plugins for Editor in 0.00 ms.
Unloading 4041 Unused Serialized files (Serialized files now loaded: 0)
Unloading 40 unused Assets / (1.7 MB). Loaded Objects now: 4653.
Memory consumption went from 172.7 MB to 171.0 MB.
Total: 5.560000 ms (FindLiveObjects: 0.389400 ms CreateObjectMapping: 0.233100 ms MarkObjects: 4.119400 ms  DeleteObjects: 0.816700 ms)

AssetImportParameters requested are different than current active one (requested -> active):
  custom:video-decoder-ogg-theora: a1e56fd34408186e4bbccfd4996cb3dc -> 
  custom:container-muxer-webm: aa71ff27fc2769a1b78a27578f13a17b -> 
  custom:container-demuxer-webm: 4f35f7cbe854078d1ac9338744f61a02 -> 
  custom:video-encoder-webm-vp8: eb34c28f22e8b96e1ab97ce403110664 -> 
  custom:audio-encoder-webm-vorbis: bf7c407c2cedff20999df2af8eb42d56 -> 
  custom:framework-win-MediaFoundation: 216162199b28c13a410421893ffa2e32 -> 
  custom:container-demuxer-ogg: 62fdf1f143b41e24485cea50d1cbac27 -> 
  custom:video-decoder-webm-vp8: 9c59270c3fd7afecdb556c50c9e8de78 -> 
  custom:audio-decoder-ogg-vorbis: bf7c407c2cedff20999df2af8eb42d56 -> 
========================================================================
Received Import Request.
  Time since last request: 144.126912 seconds.
  path: Assets/3D Platformer Assets/Models/Environment/Kenney/Raw/arrows.fbx
  artifactKey: Guid(ed683a60c31070847b725af15a2d2887) Importer(815301076,1909f56bfc062723c751e8b465ee728b)
Start importing Assets/3D Platformer Assets/Models/Environment/Kenney/Raw/arrows.fbx using Guid(ed683a60c31070847b725af15a2d2887) Importer(815301076,1909f56bfc062723c751e8b465ee728b)  -> (artifact id: 'b824657b59f9ec9e4bf9f4f2f6642368') in 0.223256 seconds 
========================================================================
Received Import Request.
  Time since last request: 0.000029 seconds.
  path: Assets/Standard Assets/Environment/SpeedTree/Broadleaf/Broadleaf_Mobile Materials/LOD1/Branches_0.mat
  artifactKey: Guid(1092dd21af768cb499771bf88709dbbd) Importer(815301076,1909f56bfc062723c751e8b465ee728b)
Start importing Assets/Standard Assets/Environment/SpeedTree/Broadleaf/Broadleaf_Mobile Materials/LOD1/Branches_0.mat using Guid(1092dd21af768cb499771bf88709dbbd) Importer(815301076,1909f56bfc062723c751e8b465ee728b)  -> (artifact id: 'a4b1a9244266e2f941b3fa96f0c3025b') in 0.526883 seconds 
========================================================================
Received Import Request.
  Time since last request: 0.000034 seconds.
  path: Assets/Standard Assets/Environment/SpeedTree/Palm/Palm_Desktop Materials/LOD1/Branches_0.mat
  artifactKey: Guid(46160e8fc1456bc4d9fb3de64ba88c31) Importer(815301076,1909f56bfc062723c751e8b465ee728b)
Start importing Assets/Standard Assets/Environment/SpeedTree/Palm/Palm_Desktop Materials/LOD1/Branches_0.mat using Guid(46160e8fc1456bc4d9fb3de64ba88c31) Importer(815301076,1909f56bfc062723c751e8b465ee728b)  -> (artifact id: '71407ebb430a2f664257ee8ad1e4be96') in 0.497896 seconds 
========================================================================
Received Import Request.
  Time since last request: 0.000025 seconds.
  path: Assets/Standard Assets/Environment/SpeedTree/Conifer/Conifer_Desktop Materials/LOD1/Branches_0.mat
  artifactKey: Guid(54ee8e39b634b6d45aae528b6b24e879) Importer(815301076,1909f56bfc062723c751e8b465ee728b)
Start importing Assets/Standard Assets/Environment/SpeedTree/Conifer/Conifer_Desktop Materials/LOD1/Branches_0.mat using Guid(54ee8e39b634b6d45aae528b6b24e879) Importer(815301076,1909f56bfc062723c751e8b465ee728b)  -> (artifact id: '4733adee581ce38cbf6d8f1d64b50531') in 0.049118 seconds 
========================================================================
Received Import Request.
  Time since last request: 0.000032 seconds.
  path: Assets/Standard Assets/Environment/SpeedTree/Broadleaf/Broadleaf_Desktop Materials/LOD0/Branches_1.mat
  artifactKey: Guid(e621ee108fde15148a5e4b4ab67667b9) Importer(815301076,1909f56bfc062723c751e8b465ee728b)
Start importing Assets/Standard Assets/Environment/SpeedTree/Broadleaf/Broadleaf_Desktop Materials/LOD0/Branches_1.mat using Guid(e621ee108fde15148a5e4b4ab67667b9) Importer(815301076,1909f56bfc062723c751e8b465ee728b)  -> (artifact id: '05d66bde18b911a738089bea45e79f43') in 0.022721 seconds 
========================================================================
Received Import Request.
  Time since last request: 0.000034 seconds.
  path: Assets/Standard Assets/Environment/SpeedTree/Broadleaf/Broadleaf_Mobile Materials/LOD2/Branches_0.mat
  artifactKey: Guid(cd764ab8662bea6468202df8741bcfd3) Importer(815301076,1909f56bfc062723c751e8b465ee728b)
Start importing Assets/Standard Assets/Environment/SpeedTree/Broadleaf/Broadleaf_Mobile Materials/LOD2/Branches_0.mat using Guid(cd764ab8662bea6468202df8741bcfd3) Importer(815301076,1909f56bfc062723c751e8b465ee728b)  -> (artifact id: '5ecd8eebc946233d04797f07611e7729') in 0.018503 seconds 
========================================================================
Received Import Request.
  Time since last request: 0.000023 seconds.
  path: Assets/Standard Assets/Environment/SpeedTree/Broadleaf/Broadleaf_Desktop Materials/LOD1/Branches_1.mat
  artifactKey: Guid(97ad51f0a4aed0a4289f5462ce6dc18f) Importer(815301076,1909f56bfc062723c751e8b465ee728b)
Start importing Assets/Standard Assets/Environment/SpeedTree/Broadleaf/Broadleaf_Desktop Materials/LOD1/Branches_1.mat using Guid(97ad51f0a4aed0a4289f5462ce6dc18f) Importer(815301076,1909f56bfc062723c751e8b465ee728b)  -> (artifact id: 'a8ced60a2f0e249007a5d16ac3258cc1') in 0.022057 seconds 
========================================================================
Received Import Request.
  Time since last request: 0.000046 seconds.
  path: Assets/3D Platformer Assets/Models/Enemies/Raw/Bat.fbx
  artifactKey: Guid(a255cc327bd3e6d43af694771060d460) Importer(815301076,1909f56bfc062723c751e8b465ee728b)
Start importing Assets/3D Platformer Assets/Models/Enemies/Raw/Bat.fbx using Guid(a255cc327bd3e6d43af694771060d460) Importer(815301076,1909f56bfc062723c751e8b465ee728b)  -> (artifact id: '0b76a658205e993b5d9159a58361e82c') in 0.100350 seconds 
========================================================================
Received Import Request.
  Time since last request: 0.000029 seconds.
  path: Assets/3D Platformer Assets/Models/Environment/Kenney/Raw/button.fbx
  artifactKey: Guid(05c91a480b1c5b44ab9d95a2a4d3f635) Importer(815301076,1909f56bfc062723c751e8b465ee728b)
Start importing Assets/3D Platformer Assets/Models/Environment/Kenney/Raw/button.fbx using Guid(05c91a480b1c5b44ab9d95a2a4d3f635) Importer(815301076,1909f56bfc062723c751e8b465ee728b)  -> (artifact id: '2fa87695e1f5a67414da4b4dac437376') in 0.064472 seconds 
========================================================================
Received Import Request.
  Time since last request: 0.000026 seconds.
  path: Assets/Standard Assets/Environment/SpeedTree/Palm/Palm_Desktop Materials/Billboard.mat
  artifactKey: Guid(6e680dda9368db5418f19388474277a2) Importer(815301076,1909f56bfc062723c751e8b465ee728b)
Start importing Assets/Standard Assets/Environment/SpeedTree/Palm/Palm_Desktop Materials/Billboard.mat using Guid(6e680dda9368db5418f19388474277a2) Importer(815301076,1909f56bfc062723c751e8b465ee728b)  -> (artifact id: 'cc3b70c81a9ae79e9771dfe5a2319f53') in 0.359494 seconds 
========================================================================
Received Import Request.
  Time since last request: 0.005371 seconds.
  path: Assets/3D Platformer Assets/Models/Enemies/Raw/Slime.fbx
  artifactKey: Guid(42c2d797e234692448d3a780f7cee2f9) Importer(815301076,1909f56bfc062723c751e8b465ee728b)
Start importing Assets/3D Platformer Assets/Models/Enemies/Raw/Slime.fbx using Guid(42c2d797e234692448d3a780f7cee2f9) Importer(815301076,1909f56bfc062723c751e8b465ee728b)  -> (artifact id: '913e41b5cb51ec830fbf54cc82c2fc11') in 0.052704 seconds 
========================================================================
Received Import Request.
  Time since last request: 0.000043 seconds.
  path: Assets/3D Platformer Assets/Models/Environment/Kenney/sign.prefab
  artifactKey: Guid(65341ea6337386d49a98b717fc57fa7a) Importer(815301076,1909f56bfc062723c751e8b465ee728b)
Start importing Assets/3D Platformer Assets/Models/Environment/Kenney/sign.prefab using Guid(65341ea6337386d49a98b717fc57fa7a) Importer(815301076,1909f56bfc062723c751e8b465ee728b)  -> (artifact id: '53a59fc2256634d1f5ff6bb0231b6929') in 0.027173 seconds 
========================================================================
Received Import Request.
  Time since last request: 0.000029 seconds.
  path: Assets/Standard Assets/Environment/SpeedTree/Broadleaf/Broadleaf_Mobile Materials/LOD0/Branches_0.mat
  artifactKey: Guid(bfc1dabf45016eb46b99df1a78054924) Importer(815301076,1909f56bfc062723c751e8b465ee728b)
Start importing Assets/Standard Assets/Environment/SpeedTree/Broadleaf/Broadleaf_Mobile Materials/LOD0/Branches_0.mat using Guid(bfc1dabf45016eb46b99df1a78054924) Importer(815301076,1909f56bfc062723c751e8b465ee728b)  -> (artifact id: 'a9eb23407d4497d11e6af2d150e62081') in 0.019344 seconds 
========================================================================
Received Import Request.
  Time since last request: 0.000037 seconds.
  path: Assets/Standard Assets/Environment/SpeedTree/Conifer/Conifer_Desktop Materials/LOD1/Branches_1.mat
  artifactKey: Guid(fecc9f713338e4943a8c38775af8c046) Importer(815301076,1909f56bfc062723c751e8b465ee728b)
Start importing Assets/Standard Assets/Environment/SpeedTree/Conifer/Conifer_Desktop Materials/LOD1/Branches_1.mat using Guid(fecc9f713338e4943a8c38775af8c046) Importer(815301076,1909f56bfc062723c751e8b465ee728b)  -> (artifact id: '1decabb039cbd9d6337d5fc5e72ebcb0') in 0.023797 seconds 
Editor requested this worker to shutdown with reason: Scaling down because of idle timeout
AssetImportWorker is now disconnected from the server
Process exiting
Exiting without the bug reporter. Application will terminate with return code 0