Using pre-set license
Built from '2021.3/staging' branch; Version is '2021.3.11f1 (0a5ca18544bf) revision 679073'; Using compiler version '192829333'; Build Type 'Release'
OS: 'Windows 10  (10.0.19045) 64bit Core' Language: 'en' Physical Memory: 16225 MB
BatchMode: 1, IsHumanControllingUs: 0, StartBugReporterOnCrash: 0, Is64bit: 1, IsPro: 1

COMMAND LINE ARGUMENTS:
C:\Program Files\Unity\Hub\Editor\2021.3.11f1\Editor\Unity.exe
-adb2
-batchMode
-noUpm
-name
AssetImportWorker0
-projectPath
C:/Users/Diana/source/repos/AP2/Herb's Big Adventure
-logFile
Logs/AssetImportWorker0.log
-srvPort
51409
Successfully changed project path to: C:/Users/Diana/source/repos/AP2/Herb's Big Adventure
C:/Users/Diana/source/repos/AP2/Herb's Big Adventure
[UnityMemory] Configuration Parameters - Can be set up in boot.config
    "memorysetup-bucket-allocator-granularity=16"
    "memorysetup-bucket-allocator-bucket-count=8"
    "memorysetup-bucket-allocator-block-size=33554432"
    "memorysetup-bucket-allocator-block-count=8"
    "memorysetup-main-allocator-block-size=16777216"
    "memorysetup-thread-allocator-block-size=16777216"
    "memorysetup-gfx-main-allocator-block-size=16777216"
    "memorysetup-gfx-thread-allocator-block-size=16777216"
    "memorysetup-cache-allocator-block-size=4194304"
    "memorysetup-typetree-allocator-block-size=2097152"
    "memorysetup-profiler-bucket-allocator-granularity=16"
    "memorysetup-profiler-bucket-allocator-bucket-count=8"
    "memorysetup-profiler-bucket-allocator-block-size=33554432"
    "memorysetup-profiler-bucket-allocator-block-count=8"
    "memorysetup-profiler-allocator-block-size=16777216"
    "memorysetup-profiler-editor-allocator-block-size=1048576"
    "memorysetup-temp-allocator-size-main=16777216"
    "memorysetup-job-temp-allocator-block-size=2097152"
    "memorysetup-job-temp-allocator-block-size-background=1048576"
    "memorysetup-job-temp-allocator-reduction-small-platforms=262144"
    "memorysetup-temp-allocator-size-background-worker=32768"
    "memorysetup-temp-allocator-size-job-worker=262144"
    "memorysetup-temp-allocator-size-preload-manager=33554432"
    "memorysetup-temp-allocator-size-nav-mesh-worker=65536"
    "memorysetup-temp-allocator-size-audio-worker=65536"
    "memorysetup-temp-allocator-size-cloud-worker=32768"
    "memorysetup-temp-allocator-size-gi-baking-worker=262144"
    "memorysetup-temp-allocator-size-gfx=262144"
Refreshing native plugins compatible for Editor in 102.37 ms, found 3 plugins.
Preloading 0 native plugins for Editor in 0.00 ms.
Initialize engine version: 2021.3.11f1 (0a5ca18544bf)
[Subsystems] Discovering subsystems at path C:/Program Files/Unity/Hub/Editor/2021.3.11f1/Editor/Data/Resources/UnitySubsystems
[Subsystems] Discovering subsystems at path C:/Users/Diana/source/repos/AP2/Herb's Big Adventure/Assets
GfxDevice: creating device client; threaded=0; jobified=0
Direct3D:
    Version:  Direct3D 11.0 [level 11.1]
    Renderer: NVIDIA GeForce GTX 1660 Ti (ID=0x2191)
    Vendor:   NVIDIA
    VRAM:     5979 MB
    Driver:   31.0.15.2849
Initialize mono
Mono path[0] = 'C:/Program Files/Unity/Hub/Editor/2021.3.11f1/Editor/Data/Managed'
Mono path[1] = 'C:/Program Files/Unity/Hub/Editor/2021.3.11f1/Editor/Data/MonoBleedingEdge/lib/mono/unityjit-win32'
Mono config path = 'C:/Program Files/Unity/Hub/Editor/2021.3.11f1/Editor/Data/MonoBleedingEdge/etc'
Using monoOptions --debugger-agent=transport=dt_socket,embedding=1,server=y,suspend=n,address=127.0.0.1:56008
Begin MonoManager ReloadAssembly
Registering precompiled unity dll's ...
Register platform support module: C:/Program Files/Unity/Hub/Editor/2021.3.11f1/Editor/Data/PlaybackEngines/WindowsStandaloneSupport/UnityEditor.WindowsStandalone.Extensions.dll
Registered in 0.010498 seconds.
Native extension for WindowsStandalone target not found
Refreshing native plugins compatible for Editor in 97.08 ms, found 3 plugins.
Preloading 0 native plugins for Editor in 0.00 ms.
Mono: successfully reloaded assembly
- Completed reload, in  0.732 seconds
Domain Reload Profiling:
	ReloadAssembly (733ms)
		BeginReloadAssembly (88ms)
			ExecutionOrderSort (0ms)
			DisableScriptedObjects (0ms)
			BackupInstance (0ms)
			ReleaseScriptingObjects (0ms)
			CreateAndSetChildDomain (1ms)
		EndReloadAssembly (520ms)
			LoadAssemblies (86ms)
			RebuildTransferFunctionScriptingTraits (0ms)
			SetupTypeCache (119ms)
			ReleaseScriptCaches (0ms)
			RebuildScriptCaches (31ms)
			SetupLoadedEditorAssemblies (313ms)
				LogAssemblyErrors (0ms)
				InitializePlatformSupportModulesInManaged (9ms)
				SetLoadedEditorAssemblies (0ms)
				RefreshPlugins (97ms)
				BeforeProcessingInitializeOnLoad (1ms)
				ProcessInitializeOnLoadAttributes (157ms)
				ProcessInitializeOnLoadMethodAttributes (49ms)
				AfterProcessingInitializeOnLoad (0ms)
				EditorAssembliesLoaded (0ms)
			ExecutionOrderSort2 (0ms)
			AwakeInstancesAfterBackupRestoration (0ms)
Platform modules already initialized, skipping
Registering precompiled user dll's ...
Registered in 0.007429 seconds.
Begin MonoManager ReloadAssembly
Symbol file LoadedFromMemory doesn't match image C:\Users\Diana\source\repos\AP2\Herb's Big Adventure\Library\PackageCache\com.unity.visualscripting@1.7.8\Editor\VisualScripting.Core\Dependencies\YamlDotNet\Unity.VisualScripting.YamlDotNet.dll
Symbol file LoadedFromMemory doesn't match image C:\Users\Diana\source\repos\AP2\Herb's Big Adventure\Library\PackageCache\com.unity.visualscripting@1.7.8\Editor\VisualScripting.Core\Dependencies\DotNetZip\Unity.VisualScripting.IonicZip.dll
Native extension for WindowsStandalone target not found
Refreshing native plugins compatible for Editor in 120.27 ms, found 3 plugins.
Preloading 0 native plugins for Editor in 0.00 ms.
Mono: successfully reloaded assembly
- Completed reload, in  1.373 seconds
Domain Reload Profiling:
	ReloadAssembly (1374ms)
		BeginReloadAssembly (121ms)
			ExecutionOrderSort (0ms)
			DisableScriptedObjects (6ms)
			BackupInstance (0ms)
			ReleaseScriptingObjects (0ms)
			CreateAndSetChildDomain (21ms)
		EndReloadAssembly (1109ms)
			LoadAssemblies (94ms)
			RebuildTransferFunctionScriptingTraits (0ms)
			SetupTypeCache (265ms)
			ReleaseScriptCaches (1ms)
			RebuildScriptCaches (67ms)
			SetupLoadedEditorAssemblies (629ms)
				LogAssemblyErrors (0ms)
				InitializePlatformSupportModulesInManaged (5ms)
				SetLoadedEditorAssemblies (0ms)
				RefreshPlugins (120ms)
				BeforeProcessingInitializeOnLoad (102ms)
				ProcessInitializeOnLoadAttributes (365ms)
				ProcessInitializeOnLoadMethodAttributes (25ms)
				AfterProcessingInitializeOnLoad (10ms)
				EditorAssembliesLoaded (0ms)
			ExecutionOrderSort2 (0ms)
			AwakeInstancesAfterBackupRestoration (7ms)
Platform modules already initialized, skipping
========================================================================
Worker process is ready to serve import requests
Launched and connected shader compiler UnityShaderCompiler.exe after 0.06 seconds
Refreshing native plugins compatible for Editor in 1.71 ms, found 3 plugins.
Preloading 0 native plugins for Editor in 0.00 ms.
Unloading 4088 Unused Serialized files (Serialized files now loaded: 0)
Unloading 55 unused Assets / (1.8 MB). Loaded Objects now: 4548.
Memory consumption went from 160.3 MB to 158.6 MB.
Total: 5.762900 ms (FindLiveObjects: 0.545800 ms CreateObjectMapping: 0.660000 ms MarkObjects: 4.111800 ms  DeleteObjects: 0.444100 ms)

AssetImportParameters requested are different than current active one (requested -> active):
  custom:video-decoder-ogg-theora: a1e56fd34408186e4bbccfd4996cb3dc -> 
  custom:container-muxer-webm: aa71ff27fc2769a1b78a27578f13a17b -> 
  custom:container-demuxer-webm: 4f35f7cbe854078d1ac9338744f61a02 -> 
  custom:video-encoder-webm-vp8: eb34c28f22e8b96e1ab97ce403110664 -> 
  custom:audio-encoder-webm-vorbis: bf7c407c2cedff20999df2af8eb42d56 -> 
  custom:framework-win-MediaFoundation: 216162199b28c13a410421893ffa2e32 -> 
  custom:container-demuxer-ogg: 62fdf1f143b41e24485cea50d1cbac27 -> 
  custom:video-decoder-webm-vp8: 9c59270c3fd7afecdb556c50c9e8de78 -> 
  custom:audio-decoder-ogg-vorbis: bf7c407c2cedff20999df2af8eb42d56 -> 
========================================================================
Received Import Request.
  Time since last request: 124342.604193 seconds.
  path: Assets/Scripts/Enemies/EnemyHealthManager.cs
  artifactKey: Guid(a792cecd13d8e1e4daab72eeec991ecc) Importer(815301076,1909f56bfc062723c751e8b465ee728b)
Start importing Assets/Scripts/Enemies/EnemyHealthManager.cs using Guid(a792cecd13d8e1e4daab72eeec991ecc) Importer(815301076,1909f56bfc062723c751e8b465ee728b)  -> (artifact id: '457439797f856c6b66d08d553abfcea4') in 0.041549 seconds 
========================================================================
Received Import Request.
  Time since last request: 12.126190 seconds.
  path: Assets/Scripts/ControlsScreen.cs
  artifactKey: Guid(4e76f64be98d4d4468f9b94c118538bf) Importer(815301076,1909f56bfc062723c751e8b465ee728b)
Start importing Assets/Scripts/ControlsScreen.cs using Guid(4e76f64be98d4d4468f9b94c118538bf) Importer(815301076,1909f56bfc062723c751e8b465ee728b)  -> (artifact id: 'd94b8aeab38f370da0ccd101ede2db45') in 0.014831 seconds 
========================================================================
Received Import Request.
  Time since last request: 12.418027 seconds.
  path: Assets/Scripts/Crates
  artifactKey: Guid(1f67e0e571ea2ed4abac3e4c53757e27) Importer(815301076,1909f56bfc062723c751e8b465ee728b)
Start importing Assets/Scripts/Crates using Guid(1f67e0e571ea2ed4abac3e4c53757e27) Importer(815301076,1909f56bfc062723c751e8b465ee728b)  -> (artifact id: '5c0425aea08685b07ff898abc23f043b') in 0.097482 seconds 
========================================================================
Received Import Request.
  Time since last request: 10.991835 seconds.
  path: Assets/Scripts/Crates/CrateController.cs
  artifactKey: Guid(85ddd7e737117f54dabc1b20a8081c95) Importer(815301076,1909f56bfc062723c751e8b465ee728b)
Start importing Assets/Scripts/Crates/CrateController.cs using Guid(85ddd7e737117f54dabc1b20a8081c95) Importer(815301076,1909f56bfc062723c751e8b465ee728b)  -> (artifact id: '0cbe9df7a3b5eb13745a99ac2b8db9fd') in 0.014038 seconds 
========================================================================
Received Prepare
Registering precompiled user dll's ...
Registered in 0.008753 seconds.
Begin MonoManager ReloadAssembly
Symbol file LoadedFromMemory doesn't match image C:\Users\Diana\source\repos\AP2\Herb's Big Adventure\Library\PackageCache\com.unity.visualscripting@1.7.8\Editor\VisualScripting.Core\Dependencies\YamlDotNet\Unity.VisualScripting.YamlDotNet.dll
Symbol file LoadedFromMemory doesn't match image C:\Users\Diana\source\repos\AP2\Herb's Big Adventure\Library\PackageCache\com.unity.visualscripting@1.7.8\Editor\VisualScripting.Core\Dependencies\DotNetZip\Unity.VisualScripting.IonicZip.dll
Native extension for WindowsStandalone target not found
Refreshing native plugins compatible for Editor in 0.90 ms, found 3 plugins.
Preloading 0 native plugins for Editor in 0.00 ms.
Mono: successfully reloaded assembly
- Completed reload, in  1.382 seconds
Domain Reload Profiling:
	ReloadAssembly (1383ms)
		BeginReloadAssembly (186ms)
			ExecutionOrderSort (0ms)
			DisableScriptedObjects (6ms)
			BackupInstance (0ms)
			ReleaseScriptingObjects (0ms)
			CreateAndSetChildDomain (49ms)
		EndReloadAssembly (1057ms)
			LoadAssemblies (132ms)
			RebuildTransferFunctionScriptingTraits (0ms)
			SetupTypeCache (305ms)
			ReleaseScriptCaches (3ms)
			RebuildScriptCaches (64ms)
			SetupLoadedEditorAssemblies (498ms)
				LogAssemblyErrors (0ms)
				InitializePlatformSupportModulesInManaged (17ms)
				SetLoadedEditorAssemblies (1ms)
				RefreshPlugins (1ms)
				BeforeProcessingInitializeOnLoad (95ms)
				ProcessInitializeOnLoadAttributes (331ms)
				ProcessInitializeOnLoadMethodAttributes (38ms)
				AfterProcessingInitializeOnLoad (15ms)
				EditorAssembliesLoaded (0ms)
			ExecutionOrderSort2 (0ms)
			AwakeInstancesAfterBackupRestoration (9ms)
Platform modules already initialized, skipping
Refreshing native plugins compatible for Editor in 5.61 ms, found 3 plugins.
Preloading 0 native plugins for Editor in 0.00 ms.
Unloading 4031 Unused Serialized files (Serialized files now loaded: 0)
Unloading 34 unused Assets / (1.7 MB). Loaded Objects now: 4564.
Memory consumption went from 154.7 MB to 152.9 MB.
Total: 10.347400 ms (FindLiveObjects: 0.762500 ms CreateObjectMapping: 0.597500 ms MarkObjects: 8.098200 ms  DeleteObjects: 0.886900 ms)

AssetImportParameters requested are different than current active one (requested -> active):
  custom:video-decoder-ogg-theora: a1e56fd34408186e4bbccfd4996cb3dc -> 
  custom:container-muxer-webm: aa71ff27fc2769a1b78a27578f13a17b -> 
  custom:container-demuxer-webm: 4f35f7cbe854078d1ac9338744f61a02 -> 
  custom:video-encoder-webm-vp8: eb34c28f22e8b96e1ab97ce403110664 -> 
  custom:audio-encoder-webm-vorbis: bf7c407c2cedff20999df2af8eb42d56 -> 
  custom:framework-win-MediaFoundation: 216162199b28c13a410421893ffa2e32 -> 
  custom:container-demuxer-ogg: 62fdf1f143b41e24485cea50d1cbac27 -> 
  custom:video-decoder-webm-vp8: 9c59270c3fd7afecdb556c50c9e8de78 -> 
  custom:audio-decoder-ogg-vorbis: bf7c407c2cedff20999df2af8eb42d56 -> 
========================================================================
Received Prepare
Registering precompiled user dll's ...
Registered in 0.010389 seconds.
Begin MonoManager ReloadAssembly
Symbol file LoadedFromMemory doesn't match image C:\Users\Diana\source\repos\AP2\Herb's Big Adventure\Library\PackageCache\com.unity.visualscripting@1.7.8\Editor\VisualScripting.Core\Dependencies\YamlDotNet\Unity.VisualScripting.YamlDotNet.dll
Symbol file LoadedFromMemory doesn't match image C:\Users\Diana\source\repos\AP2\Herb's Big Adventure\Library\PackageCache\com.unity.visualscripting@1.7.8\Editor\VisualScripting.Core\Dependencies\DotNetZip\Unity.VisualScripting.IonicZip.dll
Native extension for WindowsStandalone target not found
Refreshing native plugins compatible for Editor in 1.60 ms, found 3 plugins.
Preloading 0 native plugins for Editor in 0.00 ms.
Mono: successfully reloaded assembly
- Completed reload, in  1.706 seconds
Domain Reload Profiling:
	ReloadAssembly (1707ms)
		BeginReloadAssembly (186ms)
			ExecutionOrderSort (0ms)
			DisableScriptedObjects (5ms)
			BackupInstance (0ms)
			ReleaseScriptingObjects (0ms)
			CreateAndSetChildDomain (51ms)
		EndReloadAssembly (1380ms)
			LoadAssemblies (152ms)
			RebuildTransferFunctionScriptingTraits (0ms)
			SetupTypeCache (448ms)
			ReleaseScriptCaches (1ms)
			RebuildScriptCaches (74ms)
			SetupLoadedEditorAssemblies (611ms)
				LogAssemblyErrors (0ms)
				InitializePlatformSupportModulesInManaged (19ms)
				SetLoadedEditorAssemblies (1ms)
				RefreshPlugins (2ms)
				BeforeProcessingInitializeOnLoad (122ms)
				ProcessInitializeOnLoadAttributes (406ms)
				ProcessInitializeOnLoadMethodAttributes (38ms)
				AfterProcessingInitializeOnLoad (22ms)
				EditorAssembliesLoaded (0ms)
			ExecutionOrderSort2 (0ms)
			AwakeInstancesAfterBackupRestoration (10ms)
Platform modules already initialized, skipping
Refreshing native plugins compatible for Editor in 3.42 ms, found 3 plugins.
Preloading 0 native plugins for Editor in 0.00 ms.
Unloading 4031 Unused Serialized files (Serialized files now loaded: 0)
Unloading 34 unused Assets / (1.7 MB). Loaded Objects now: 4579.
Memory consumption went from 154.6 MB to 153.0 MB.
Total: 3.937300 ms (FindLiveObjects: 0.607900 ms CreateObjectMapping: 0.273600 ms MarkObjects: 2.516600 ms  DeleteObjects: 0.537800 ms)

AssetImportParameters requested are different than current active one (requested -> active):
  custom:video-decoder-ogg-theora: a1e56fd34408186e4bbccfd4996cb3dc -> 
  custom:container-muxer-webm: aa71ff27fc2769a1b78a27578f13a17b -> 
  custom:container-demuxer-webm: 4f35f7cbe854078d1ac9338744f61a02 -> 
  custom:video-encoder-webm-vp8: eb34c28f22e8b96e1ab97ce403110664 -> 
  custom:audio-encoder-webm-vorbis: bf7c407c2cedff20999df2af8eb42d56 -> 
  custom:framework-win-MediaFoundation: 216162199b28c13a410421893ffa2e32 -> 
  custom:container-demuxer-ogg: 62fdf1f143b41e24485cea50d1cbac27 -> 
  custom:video-decoder-webm-vp8: 9c59270c3fd7afecdb556c50c9e8de78 -> 
  custom:audio-decoder-ogg-vorbis: bf7c407c2cedff20999df2af8eb42d56 -> 
========================================================================
Received Import Request.
  Time since last request: 150.497532 seconds.
  path: Assets/Scripts/Crates/CrateController.cs
  artifactKey: Guid(85ddd7e737117f54dabc1b20a8081c95) Importer(815301076,1909f56bfc062723c751e8b465ee728b)
Start importing Assets/Scripts/Crates/CrateController.cs using Guid(85ddd7e737117f54dabc1b20a8081c95) Importer(815301076,1909f56bfc062723c751e8b465ee728b)  -> (artifact id: 'ccf9e2b6daf6e146d8630254e9b7eefe') in 0.018656 seconds 
========================================================================
Received Import Request.
  Time since last request: 7.811454 seconds.
  path: Assets/Scripts/Crates/CrateController.cs
  artifactKey: Guid(85ddd7e737117f54dabc1b20a8081c95) Importer(815301076,1909f56bfc062723c751e8b465ee728b)
Start importing Assets/Scripts/Crates/CrateController.cs using Guid(85ddd7e737117f54dabc1b20a8081c95) Importer(815301076,1909f56bfc062723c751e8b465ee728b)  -> (artifact id: '82bf7d7eb7ac82910702123f6d619f90') in 0.003965 seconds 
========================================================================
Received Prepare
Registering precompiled user dll's ...
Registered in 0.011437 seconds.
Begin MonoManager ReloadAssembly
Symbol file LoadedFromMemory doesn't match image C:\Users\Diana\source\repos\AP2\Herb's Big Adventure\Library\PackageCache\com.unity.visualscripting@1.7.8\Editor\VisualScripting.Core\Dependencies\YamlDotNet\Unity.VisualScripting.YamlDotNet.dll
Symbol file LoadedFromMemory doesn't match image C:\Users\Diana\source\repos\AP2\Herb's Big Adventure\Library\PackageCache\com.unity.visualscripting@1.7.8\Editor\VisualScripting.Core\Dependencies\DotNetZip\Unity.VisualScripting.IonicZip.dll
Native extension for WindowsStandalone target not found
Refreshing native plugins compatible for Editor in 1.31 ms, found 3 plugins.
Preloading 0 native plugins for Editor in 0.00 ms.
Mono: successfully reloaded assembly
- Completed reload, in  1.683 seconds
Domain Reload Profiling:
	ReloadAssembly (1683ms)
		BeginReloadAssembly (303ms)
			ExecutionOrderSort (0ms)
			DisableScriptedObjects (9ms)
			BackupInstance (0ms)
			ReleaseScriptingObjects (0ms)
			CreateAndSetChildDomain (81ms)
		EndReloadAssembly (1193ms)
			LoadAssemblies (216ms)
			RebuildTransferFunctionScriptingTraits (0ms)
			SetupTypeCache (347ms)
			ReleaseScriptCaches (3ms)
			RebuildScriptCaches (62ms)
			SetupLoadedEditorAssemblies (567ms)
				LogAssemblyErrors (0ms)
				InitializePlatformSupportModulesInManaged (18ms)
				SetLoadedEditorAssemblies (0ms)
				RefreshPlugins (1ms)
				BeforeProcessingInitializeOnLoad (98ms)
				ProcessInitializeOnLoadAttributes (397ms)
				ProcessInitializeOnLoadMethodAttributes (35ms)
				AfterProcessingInitializeOnLoad (16ms)
				EditorAssembliesLoaded (0ms)
			ExecutionOrderSort2 (0ms)
			AwakeInstancesAfterBackupRestoration (8ms)
Platform modules already initialized, skipping
Refreshing native plugins compatible for Editor in 5.45 ms, found 3 plugins.
Preloading 0 native plugins for Editor in 0.00 ms.
Unloading 4031 Unused Serialized files (Serialized files now loaded: 0)
Unloading 34 unused Assets / (1.7 MB). Loaded Objects now: 4594.
Memory consumption went from 154.7 MB to 153.0 MB.
Total: 3.232100 ms (FindLiveObjects: 0.317000 ms CreateObjectMapping: 0.199600 ms MarkObjects: 2.291200 ms  DeleteObjects: 0.423300 ms)

AssetImportParameters requested are different than current active one (requested -> active):
  custom:video-decoder-ogg-theora: a1e56fd34408186e4bbccfd4996cb3dc -> 
  custom:container-muxer-webm: aa71ff27fc2769a1b78a27578f13a17b -> 
  custom:container-demuxer-webm: 4f35f7cbe854078d1ac9338744f61a02 -> 
  custom:video-encoder-webm-vp8: eb34c28f22e8b96e1ab97ce403110664 -> 
  custom:audio-encoder-webm-vorbis: bf7c407c2cedff20999df2af8eb42d56 -> 
  custom:framework-win-MediaFoundation: 216162199b28c13a410421893ffa2e32 -> 
  custom:container-demuxer-ogg: 62fdf1f143b41e24485cea50d1cbac27 -> 
  custom:video-decoder-webm-vp8: 9c59270c3fd7afecdb556c50c9e8de78 -> 
  custom:audio-decoder-ogg-vorbis: bf7c407c2cedff20999df2af8eb42d56 -> 
========================================================================
Received Import Request.
  Time since last request: 11.729491 seconds.
  path: Assets/Scripts/Crates/CrateController.cs
  artifactKey: Guid(85ddd7e737117f54dabc1b20a8081c95) Importer(815301076,1909f56bfc062723c751e8b465ee728b)
Start importing Assets/Scripts/Crates/CrateController.cs using Guid(85ddd7e737117f54dabc1b20a8081c95) Importer(815301076,1909f56bfc062723c751e8b465ee728b)  -> (artifact id: 'af08a6c442998c6a7420977eeddee369') in 0.016812 seconds 
========================================================================
Received Import Request.
  Time since last request: 8.181745 seconds.
  path: Assets/Scripts/Crates/CrateController.cs
  artifactKey: Guid(85ddd7e737117f54dabc1b20a8081c95) Importer(815301076,1909f56bfc062723c751e8b465ee728b)
Start importing Assets/Scripts/Crates/CrateController.cs using Guid(85ddd7e737117f54dabc1b20a8081c95) Importer(815301076,1909f56bfc062723c751e8b465ee728b)  -> (artifact id: 'c7be691725e4dde850aac71d3bae7bde') in 0.003714 seconds 
========================================================================
Received Import Request.
  Time since last request: 7.470698 seconds.
  path: Assets/Scripts/Crates/CrateController.cs
  artifactKey: Guid(85ddd7e737117f54dabc1b20a8081c95) Importer(815301076,1909f56bfc062723c751e8b465ee728b)
Start importing Assets/Scripts/Crates/CrateController.cs using Guid(85ddd7e737117f54dabc1b20a8081c95) Importer(815301076,1909f56bfc062723c751e8b465ee728b)  -> (artifact id: 'd653368621287a59f8958793c536a841') in 0.005533 seconds 
========================================================================
Received Import Request.
  Time since last request: 56.157455 seconds.
  path: Assets/Scripts/Crates/CrateController.cs
  artifactKey: Guid(85ddd7e737117f54dabc1b20a8081c95) Importer(815301076,1909f56bfc062723c751e8b465ee728b)
Start importing Assets/Scripts/Crates/CrateController.cs using Guid(85ddd7e737117f54dabc1b20a8081c95) Importer(815301076,1909f56bfc062723c751e8b465ee728b)  -> (artifact id: 'c4e6041294379e5ca7fda875e866db37') in 0.006465 seconds 
========================================================================
Received Import Request.
  Time since last request: 5.625397 seconds.
  path: Assets/Scripts/Crates/CrateController.cs
  artifactKey: Guid(85ddd7e737117f54dabc1b20a8081c95) Importer(815301076,1909f56bfc062723c751e8b465ee728b)
Start importing Assets/Scripts/Crates/CrateController.cs using Guid(85ddd7e737117f54dabc1b20a8081c95) Importer(815301076,1909f56bfc062723c751e8b465ee728b)  -> (artifact id: '80bd5044605455739832fda846178e52') in 0.004325 seconds 
========================================================================
Received Import Request.
  Time since last request: 5.324879 seconds.
  path: Assets/Scripts/Crates/CrateController.cs
  artifactKey: Guid(85ddd7e737117f54dabc1b20a8081c95) Importer(815301076,1909f56bfc062723c751e8b465ee728b)
Start importing Assets/Scripts/Crates/CrateController.cs using Guid(85ddd7e737117f54dabc1b20a8081c95) Importer(815301076,1909f56bfc062723c751e8b465ee728b)  -> (artifact id: '1f9e0f7d75f019acf104ed114b325097') in 0.002484 seconds 
========================================================================
Received Prepare
Registering precompiled user dll's ...
Registered in 0.010270 seconds.
Begin MonoManager ReloadAssembly
Symbol file LoadedFromMemory doesn't match image C:\Users\Diana\source\repos\AP2\Herb's Big Adventure\Library\PackageCache\com.unity.visualscripting@1.7.8\Editor\VisualScripting.Core\Dependencies\YamlDotNet\Unity.VisualScripting.YamlDotNet.dll
Symbol file LoadedFromMemory doesn't match image C:\Users\Diana\source\repos\AP2\Herb's Big Adventure\Library\PackageCache\com.unity.visualscripting@1.7.8\Editor\VisualScripting.Core\Dependencies\DotNetZip\Unity.VisualScripting.IonicZip.dll
Native extension for WindowsStandalone target not found
Refreshing native plugins compatible for Editor in 1.17 ms, found 3 plugins.
Preloading 0 native plugins for Editor in 0.00 ms.
Mono: successfully reloaded assembly
- Completed reload, in  1.635 seconds
Domain Reload Profiling:
	ReloadAssembly (1636ms)
		BeginReloadAssembly (218ms)
			ExecutionOrderSort (0ms)
			DisableScriptedObjects (6ms)
			BackupInstance (0ms)
			ReleaseScriptingObjects (0ms)
			CreateAndSetChildDomain (56ms)
		EndReloadAssembly (1195ms)
			LoadAssemblies (166ms)
			RebuildTransferFunctionScriptingTraits (0ms)
			SetupTypeCache (370ms)
			ReleaseScriptCaches (3ms)
			RebuildScriptCaches (71ms)
			SetupLoadedEditorAssemblies (559ms)
				LogAssemblyErrors (0ms)
				InitializePlatformSupportModulesInManaged (21ms)
				SetLoadedEditorAssemblies (1ms)
				RefreshPlugins (1ms)
				BeforeProcessingInitializeOnLoad (106ms)
				ProcessInitializeOnLoadAttributes (382ms)
				ProcessInitializeOnLoadMethodAttributes (35ms)
				AfterProcessingInitializeOnLoad (13ms)
				EditorAssembliesLoaded (0ms)
			ExecutionOrderSort2 (0ms)
			AwakeInstancesAfterBackupRestoration (7ms)
Platform modules already initialized, skipping
Refreshing native plugins compatible for Editor in 3.46 ms, found 3 plugins.
Preloading 0 native plugins for Editor in 0.00 ms.
Unloading 4031 Unused Serialized files (Serialized files now loaded: 0)
Unloading 34 unused Assets / (1.7 MB). Loaded Objects now: 4609.
Memory consumption went from 154.7 MB to 153.0 MB.
Total: 4.972200 ms (FindLiveObjects: 0.518200 ms CreateObjectMapping: 0.355100 ms MarkObjects: 3.611500 ms  DeleteObjects: 0.484500 ms)

AssetImportParameters requested are different than current active one (requested -> active):
  custom:video-decoder-ogg-theora: a1e56fd34408186e4bbccfd4996cb3dc -> 
  custom:container-muxer-webm: aa71ff27fc2769a1b78a27578f13a17b -> 
  custom:container-demuxer-webm: 4f35f7cbe854078d1ac9338744f61a02 -> 
  custom:video-encoder-webm-vp8: eb34c28f22e8b96e1ab97ce403110664 -> 
  custom:audio-encoder-webm-vorbis: bf7c407c2cedff20999df2af8eb42d56 -> 
  custom:framework-win-MediaFoundation: 216162199b28c13a410421893ffa2e32 -> 
  custom:container-demuxer-ogg: 62fdf1f143b41e24485cea50d1cbac27 -> 
  custom:video-decoder-webm-vp8: 9c59270c3fd7afecdb556c50c9e8de78 -> 
  custom:audio-decoder-ogg-vorbis: bf7c407c2cedff20999df2af8eb42d56 -> 
========================================================================
Received Import Request.
  Time since last request: 18.263140 seconds.
  path: Assets/Scripts/Crates/CrateController.cs
  artifactKey: Guid(85ddd7e737117f54dabc1b20a8081c95) Importer(815301076,1909f56bfc062723c751e8b465ee728b)
Start importing Assets/Scripts/Crates/CrateController.cs using Guid(85ddd7e737117f54dabc1b20a8081c95) Importer(815301076,1909f56bfc062723c751e8b465ee728b)  -> (artifact id: 'a42d72031e74ec43e0b08fae8dab5b3a') in 0.013019 seconds 
========================================================================
Received Prepare
Registering precompiled user dll's ...
Registered in 0.008760 seconds.
Begin MonoManager ReloadAssembly
Symbol file LoadedFromMemory doesn't match image C:\Users\Diana\source\repos\AP2\Herb's Big Adventure\Library\PackageCache\com.unity.visualscripting@1.7.8\Editor\VisualScripting.Core\Dependencies\YamlDotNet\Unity.VisualScripting.YamlDotNet.dll
Symbol file LoadedFromMemory doesn't match image C:\Users\Diana\source\repos\AP2\Herb's Big Adventure\Library\PackageCache\com.unity.visualscripting@1.7.8\Editor\VisualScripting.Core\Dependencies\DotNetZip\Unity.VisualScripting.IonicZip.dll
Native extension for WindowsStandalone target not found
Refreshing native plugins compatible for Editor in 1.22 ms, found 3 plugins.
Preloading 0 native plugins for Editor in 0.00 ms.
Mono: successfully reloaded assembly
- Completed reload, in  1.526 seconds
Domain Reload Profiling:
	ReloadAssembly (1527ms)
		BeginReloadAssembly (238ms)
			ExecutionOrderSort (0ms)
			DisableScriptedObjects (8ms)
			BackupInstance (0ms)
			ReleaseScriptingObjects (0ms)
			CreateAndSetChildDomain (65ms)
		EndReloadAssembly (1101ms)
			LoadAssemblies (172ms)
			RebuildTransferFunctionScriptingTraits (0ms)
			SetupTypeCache (332ms)
			ReleaseScriptCaches (1ms)
			RebuildScriptCaches (63ms)
			SetupLoadedEditorAssemblies (520ms)
				LogAssemblyErrors (0ms)
				InitializePlatformSupportModulesInManaged (17ms)
				SetLoadedEditorAssemblies (1ms)
				RefreshPlugins (1ms)
				BeforeProcessingInitializeOnLoad (94ms)
				ProcessInitializeOnLoadAttributes (357ms)
				ProcessInitializeOnLoadMethodAttributes (34ms)
				AfterProcessingInitializeOnLoad (14ms)
				EditorAssembliesLoaded (0ms)
			ExecutionOrderSort2 (0ms)
			AwakeInstancesAfterBackupRestoration (10ms)
Platform modules already initialized, skipping
Refreshing native plugins compatible for Editor in 3.37 ms, found 3 plugins.
Preloading 0 native plugins for Editor in 0.00 ms.
Unloading 4031 Unused Serialized files (Serialized files now loaded: 0)
Unloading 34 unused Assets / (1.7 MB). Loaded Objects now: 4624.
Memory consumption went from 154.7 MB to 153.0 MB.
Total: 5.817300 ms (FindLiveObjects: 0.376200 ms CreateObjectMapping: 0.279500 ms MarkObjects: 4.587400 ms  DeleteObjects: 0.573100 ms)

AssetImportParameters requested are different than current active one (requested -> active):
  custom:video-decoder-ogg-theora: a1e56fd34408186e4bbccfd4996cb3dc -> 
  custom:container-muxer-webm: aa71ff27fc2769a1b78a27578f13a17b -> 
  custom:container-demuxer-webm: 4f35f7cbe854078d1ac9338744f61a02 -> 
  custom:video-encoder-webm-vp8: eb34c28f22e8b96e1ab97ce403110664 -> 
  custom:audio-encoder-webm-vorbis: bf7c407c2cedff20999df2af8eb42d56 -> 
  custom:framework-win-MediaFoundation: 216162199b28c13a410421893ffa2e32 -> 
  custom:container-demuxer-ogg: 62fdf1f143b41e24485cea50d1cbac27 -> 
  custom:video-decoder-webm-vp8: 9c59270c3fd7afecdb556c50c9e8de78 -> 
  custom:audio-decoder-ogg-vorbis: bf7c407c2cedff20999df2af8eb42d56 -> 
========================================================================
Received Import Request.
  Time since last request: 10.010939 seconds.
  path: Assets/Scripts/Crates/CrateController.cs
  artifactKey: Guid(85ddd7e737117f54dabc1b20a8081c95) Importer(815301076,1909f56bfc062723c751e8b465ee728b)
Start importing Assets/Scripts/Crates/CrateController.cs using Guid(85ddd7e737117f54dabc1b20a8081c95) Importer(815301076,1909f56bfc062723c751e8b465ee728b)  -> (artifact id: '8570742ecdaa415f13ce12f7a1494144') in 0.012502 seconds 
========================================================================
Received Prepare
Registering precompiled user dll's ...
Registered in 0.009628 seconds.
Begin MonoManager ReloadAssembly
Symbol file LoadedFromMemory doesn't match image C:\Users\Diana\source\repos\AP2\Herb's Big Adventure\Library\PackageCache\com.unity.visualscripting@1.7.8\Editor\VisualScripting.Core\Dependencies\YamlDotNet\Unity.VisualScripting.YamlDotNet.dll
Symbol file LoadedFromMemory doesn't match image C:\Users\Diana\source\repos\AP2\Herb's Big Adventure\Library\PackageCache\com.unity.visualscripting@1.7.8\Editor\VisualScripting.Core\Dependencies\DotNetZip\Unity.VisualScripting.IonicZip.dll
Native extension for WindowsStandalone target not found
Refreshing native plugins compatible for Editor in 3.37 ms, found 3 plugins.
Preloading 0 native plugins for Editor in 0.00 ms.
Mono: successfully reloaded assembly
- Completed reload, in  1.729 seconds
Domain Reload Profiling:
	ReloadAssembly (1730ms)
		BeginReloadAssembly (255ms)
			ExecutionOrderSort (0ms)
			DisableScriptedObjects (5ms)
			BackupInstance (0ms)
			ReleaseScriptingObjects (0ms)
			CreateAndSetChildDomain (73ms)
		EndReloadAssembly (1312ms)
			LoadAssemblies (180ms)
			RebuildTransferFunctionScriptingTraits (0ms)
			SetupTypeCache (374ms)
			ReleaseScriptCaches (2ms)
			RebuildScriptCaches (81ms)
			SetupLoadedEditorAssemblies (645ms)
				LogAssemblyErrors (0ms)
				InitializePlatformSupportModulesInManaged (22ms)
				SetLoadedEditorAssemblies (1ms)
				RefreshPlugins (4ms)
				BeforeProcessingInitializeOnLoad (104ms)
				ProcessInitializeOnLoadAttributes (462ms)
				ProcessInitializeOnLoadMethodAttributes (40ms)
				AfterProcessingInitializeOnLoad (13ms)
				EditorAssembliesLoaded (0ms)
			ExecutionOrderSort2 (0ms)
			AwakeInstancesAfterBackupRestoration (9ms)
Platform modules already initialized, skipping
Refreshing native plugins compatible for Editor in 5.55 ms, found 3 plugins.
Preloading 0 native plugins for Editor in 0.00 ms.
Unloading 4031 Unused Serialized files (Serialized files now loaded: 0)
Unloading 34 unused Assets / (1.7 MB). Loaded Objects now: 4639.
Memory consumption went from 154.8 MB to 153.0 MB.
Total: 7.188500 ms (FindLiveObjects: 0.474200 ms CreateObjectMapping: 0.416200 ms MarkObjects: 5.125100 ms  DeleteObjects: 1.171100 ms)

AssetImportParameters requested are different than current active one (requested -> active):
  custom:video-decoder-ogg-theora: a1e56fd34408186e4bbccfd4996cb3dc -> 
  custom:container-muxer-webm: aa71ff27fc2769a1b78a27578f13a17b -> 
  custom:container-demuxer-webm: 4f35f7cbe854078d1ac9338744f61a02 -> 
  custom:video-encoder-webm-vp8: eb34c28f22e8b96e1ab97ce403110664 -> 
  custom:audio-encoder-webm-vorbis: bf7c407c2cedff20999df2af8eb42d56 -> 
  custom:framework-win-MediaFoundation: 216162199b28c13a410421893ffa2e32 -> 
  custom:container-demuxer-ogg: 62fdf1f143b41e24485cea50d1cbac27 -> 
  custom:video-decoder-webm-vp8: 9c59270c3fd7afecdb556c50c9e8de78 -> 
  custom:audio-decoder-ogg-vorbis: bf7c407c2cedff20999df2af8eb42d56 -> 
========================================================================
Received Import Request.
  Time since last request: 33.430720 seconds.
  path: Assets/3D Platformer Assets/Audio/SFX/Boss_Death.wav
  artifactKey: Guid(f2ebe0fdb42536541bd50ddc69eedb4f) Importer(815301076,1909f56bfc062723c751e8b465ee728b)
Start importing Assets/3D Platformer Assets/Audio/SFX/Boss_Death.wav using Guid(f2ebe0fdb42536541bd50ddc69eedb4f) Importer(815301076,1909f56bfc062723c751e8b465ee728b)  -> (artifact id: '14dc58f6c0124d13ea8db9def2e83606') in 0.134331 seconds 
========================================================================
Received Import Request.
  Time since last request: 7.788404 seconds.
  path: Assets/3D Platformer Assets/Audio/SFX/Enemy_Death.wav
  artifactKey: Guid(9abb4d6f7486c514b932f69716151bfd) Importer(815301076,1909f56bfc062723c751e8b465ee728b)
Start importing Assets/3D Platformer Assets/Audio/SFX/Enemy_Death.wav using Guid(9abb4d6f7486c514b932f69716151bfd) Importer(815301076,1909f56bfc062723c751e8b465ee728b)  -> (artifact id: '5df12a26dc11d746f5fff03c0cb47de1') in 0.018555 seconds 
========================================================================
Received Import Request.
  Time since last request: 4.051844 seconds.
  path: Assets/3D Platformer Assets/Audio/SFX/Player_Hurt.wav
  artifactKey: Guid(8eb447d4e614c4f4c912ae79b67d33d4) Importer(815301076,1909f56bfc062723c751e8b465ee728b)
Start importing Assets/3D Platformer Assets/Audio/SFX/Player_Hurt.wav using Guid(8eb447d4e614c4f4c912ae79b67d33d4) Importer(815301076,1909f56bfc062723c751e8b465ee728b)  -> (artifact id: '3a7d8c90b263102e987f4af2c7026cb9') in 0.019745 seconds 
========================================================================
Received Import Request.
  Time since last request: 2.328648 seconds.
  path: Assets/3D Platformer Assets/Audio/SFX/Heart Pickup.aif
  artifactKey: Guid(4f5b46711d720b54daf8a1a259d6004a) Importer(815301076,1909f56bfc062723c751e8b465ee728b)
Start importing Assets/3D Platformer Assets/Audio/SFX/Heart Pickup.aif using Guid(4f5b46711d720b54daf8a1a259d6004a) Importer(815301076,1909f56bfc062723c751e8b465ee728b)  -> (artifact id: 'fe6868db4b3ca9d53aae8b13fbdeaf71') in 0.026469 seconds 
========================================================================
Received Import Request.
  Time since last request: 6.188444 seconds.
  path: Assets/3D Platformer Assets/Audio/SFX/Coin.aif
  artifactKey: Guid(78607017d89f5dc43b845c87fc6bc9f3) Importer(815301076,1909f56bfc062723c751e8b465ee728b)
Start importing Assets/3D Platformer Assets/Audio/SFX/Coin.aif using Guid(78607017d89f5dc43b845c87fc6bc9f3) Importer(815301076,1909f56bfc062723c751e8b465ee728b)  -> (artifact id: 'f2ab40603af58bcd273586d3899f01e3') in 0.021356 seconds 
========================================================================
Received Import Request.
  Time since last request: 22.906944 seconds.
  path: Assets/Prefabs/Effects/Skeleton death effect.prefab
  artifactKey: Guid(df47e7cbc55d30b4992f24e9769c699f) Importer(815301076,1909f56bfc062723c751e8b465ee728b)
Start importing Assets/Prefabs/Effects/Skeleton death effect.prefab using Guid(df47e7cbc55d30b4992f24e9769c699f) Importer(815301076,1909f56bfc062723c751e8b465ee728b)  -> (artifact id: '854fce9a66bee2347dcbf19bd17bb51a') in 0.064144 seconds 
========================================================================
Received Import Request.
  Time since last request: 30.030348 seconds.
  path: Assets/DownloadedAssets/Standard Assets/Characters/RollerBall/Models/RollerBall.fbx
  artifactKey: Guid(d05d496cb4f43c14e80630addd23652e) Importer(815301076,1909f56bfc062723c751e8b465ee728b)
Start importing Assets/DownloadedAssets/Standard Assets/Characters/RollerBall/Models/RollerBall.fbx using Guid(d05d496cb4f43c14e80630addd23652e) Importer(815301076,1909f56bfc062723c751e8b465ee728b)  -> (artifact id: '15507c0621e19d9b3f7afcf6bd02bac1') in 0.197871 seconds 
========================================================================
Received Import Request.
  Time since last request: 0.000041 seconds.
  path: Assets/DownloadedAssets/PolygonFarm/Prefabs/Props/SM_Prop_Sign_Cheeries_01.prefab
  artifactKey: Guid(044af3e3bad980544a0671b1b85c5441) Importer(815301076,1909f56bfc062723c751e8b465ee728b)
Start importing Assets/DownloadedAssets/PolygonFarm/Prefabs/Props/SM_Prop_Sign_Cheeries_01.prefab using Guid(044af3e3bad980544a0671b1b85c5441) Importer(815301076,1909f56bfc062723c751e8b465ee728b)  -> (artifact id: '8b5d56e0e56c88280d1d9c5a158814a2') in 0.082164 seconds 
========================================================================
Received Import Request.
  Time since last request: 0.000072 seconds.
  path: Assets/3D Platformer Assets/Models/Enemies/Skeleton.prefab
  artifactKey: Guid(ee65d989cd715534aad85f0cdca97068) Importer(815301076,1909f56bfc062723c751e8b465ee728b)
Start importing Assets/3D Platformer Assets/Models/Enemies/Skeleton.prefab using Guid(ee65d989cd715534aad85f0cdca97068) Importer(815301076,1909f56bfc062723c751e8b465ee728b)  -> (artifact id: '71fcf1affd72b9b199abd9e602bd27b8') in 0.145641 seconds 
========================================================================
Received Import Request.
  Time since last request: 0.000034 seconds.
  path: Assets/3D Platformer Assets/Models/Environment/modular_terrain_collection/Raw/Shared_Prop_Boulder_2.fbx
  artifactKey: Guid(a5d5781f8a5e7d94d92856bedfc024e4) Importer(815301076,1909f56bfc062723c751e8b465ee728b)
Start importing Assets/3D Platformer Assets/Models/Environment/modular_terrain_collection/Raw/Shared_Prop_Boulder_2.fbx using Guid(a5d5781f8a5e7d94d92856bedfc024e4) Importer(815301076,1909f56bfc062723c751e8b465ee728b)  -> (artifact id: '84818bf0e0af489588e88d9e53facba5') in 0.119092 seconds 
========================================================================
Received Import Request.
  Time since last request: 0.000061 seconds.
  path: Assets/3D Platformer Assets/Models/Environment/modular_terrain_collection/Raw/Shared_Terrain_Dirt_Gathered_Straight.fbx
  artifactKey: Guid(258504e3fb4e9324e8c3564d9e4e3679) Importer(815301076,1909f56bfc062723c751e8b465ee728b)
Start importing Assets/3D Platformer Assets/Models/Environment/modular_terrain_collection/Raw/Shared_Terrain_Dirt_Gathered_Straight.fbx using Guid(258504e3fb4e9324e8c3564d9e4e3679) Importer(815301076,1909f56bfc062723c751e8b465ee728b)  -> (artifact id: '11cb546cd35c984996195e9338b533f0') in 0.088655 seconds 
========================================================================
Received Import Request.
  Time since last request: 0.000071 seconds.
  path: Assets/DownloadedAssets/PolygonSciFiSpace/Models/SM_Prop_Screen_06.fbx
  artifactKey: Guid(679fb2c84659543449196db27f1a286e) Importer(815301076,1909f56bfc062723c751e8b465ee728b)
Start importing Assets/DownloadedAssets/PolygonSciFiSpace/Models/SM_Prop_Screen_06.fbx using Guid(679fb2c84659543449196db27f1a286e) Importer(815301076,1909f56bfc062723c751e8b465ee728b)  -> (artifact id: 'cf3fa5f2acade55a3431866033e5ef4d') in 0.065146 seconds 
========================================================================
Received Import Request.
  Time since last request: 0.000060 seconds.
  path: Assets/DownloadedAssets/PolygonSciFiSpace/Models/SM_Prop_Screen_Small_01.fbx
  artifactKey: Guid(56656969a514de3489d4ef28c723f314) Importer(815301076,1909f56bfc062723c751e8b465ee728b)
Start importing Assets/DownloadedAssets/PolygonSciFiSpace/Models/SM_Prop_Screen_Small_01.fbx using Guid(56656969a514de3489d4ef28c723f314) Importer(815301076,1909f56bfc062723c751e8b465ee728b)  -> (artifact id: '9c592ced4eb9323405bcc7a59d7da7f5') in 0.058778 seconds 
========================================================================
Received Import Request.
  Time since last request: 0.000089 seconds.
  path: Assets/DownloadedAssets/PolygonFarm/Models/SM_Prop_Sign_Apples_01.fbx
  artifactKey: Guid(ef42bb83919e4f24eaa0e2c4091a5758) Importer(815301076,1909f56bfc062723c751e8b465ee728b)
Start importing Assets/DownloadedAssets/PolygonFarm/Models/SM_Prop_Sign_Apples_01.fbx using Guid(ef42bb83919e4f24eaa0e2c4091a5758) Importer(815301076,1909f56bfc062723c751e8b465ee728b)  -> (artifact id: 'd525e63628db7471b906fda0296d4c4b') in 0.060879 seconds 
========================================================================
Received Import Request.
  Time since last request: 0.000055 seconds.
  path: Assets/DownloadedAssets/PolygonFarm/Prefabs/Props/SM_Prop_Sign_Cucumbers_01.prefab
  artifactKey: Guid(3a280b28245122641a2437313d08e1c3) Importer(815301076,1909f56bfc062723c751e8b465ee728b)
Start importing Assets/DownloadedAssets/PolygonFarm/Prefabs/Props/SM_Prop_Sign_Cucumbers_01.prefab using Guid(3a280b28245122641a2437313d08e1c3) Importer(815301076,1909f56bfc062723c751e8b465ee728b)  -> (artifact id: 'a218e8dd53df4e9b7a2019c5007f65c8') in 0.055345 seconds 
========================================================================
Received Import Request.
  Time since last request: 0.000032 seconds.
  path: Assets/DownloadedAssets/PolygonSciFiSpace/Models/SM_Prop_Screen_05.fbx
  artifactKey: Guid(5901a069620ed804c8a6ce2ba14f9280) Importer(815301076,1909f56bfc062723c751e8b465ee728b)
Start importing Assets/DownloadedAssets/PolygonSciFiSpace/Models/SM_Prop_Screen_05.fbx using Guid(5901a069620ed804c8a6ce2ba14f9280) Importer(815301076,1909f56bfc062723c751e8b465ee728b)  -> (artifact id: 'd01b496582cf02140db74106258e21d9') in 0.051720 seconds 
========================================================================
Received Import Request.
  Time since last request: 0.000033 seconds.
  path: Assets/DownloadedAssets/PolygonSciFiSpace/Models/SM_Prop_Screen_09.fbx
  artifactKey: Guid(8a3a0a7c677190d4f8b36ae018d9f656) Importer(815301076,1909f56bfc062723c751e8b465ee728b)
Start importing Assets/DownloadedAssets/PolygonSciFiSpace/Models/SM_Prop_Screen_09.fbx using Guid(8a3a0a7c677190d4f8b36ae018d9f656) Importer(815301076,1909f56bfc062723c751e8b465ee728b)  -> (artifact id: '504d9ac0cbef9485c30f4bf8d18f4e0a') in 0.050626 seconds 
========================================================================
Received Import Request.
  Time since last request: 0.000036 seconds.
  path: Assets/DownloadedAssets/PolygonFarm/Prefabs/Props/SM_Prop_Sign_Apples_01.prefab
  artifactKey: Guid(38beead5b8ad5414b95c62119bf53e9a) Importer(815301076,1909f56bfc062723c751e8b465ee728b)
Start importing Assets/DownloadedAssets/PolygonFarm/Prefabs/Props/SM_Prop_Sign_Apples_01.prefab using Guid(38beead5b8ad5414b95c62119bf53e9a) Importer(815301076,1909f56bfc062723c751e8b465ee728b)  -> (artifact id: '1b3bf5c393054b9b82684144f11b8170') in 0.040777 seconds 
========================================================================
Received Import Request.
  Time since last request: 0.000075 seconds.
  path: Assets/3D Platformer Assets/Models/Environment/modular_terrain_collection/Raw/Shared_Terrain_Dirt_Gathered_Corner.fbx
  artifactKey: Guid(2d48a494a5fbc074f97a314387635658) Importer(815301076,1909f56bfc062723c751e8b465ee728b)
Start importing Assets/3D Platformer Assets/Models/Environment/modular_terrain_collection/Raw/Shared_Terrain_Dirt_Gathered_Corner.fbx using Guid(2d48a494a5fbc074f97a314387635658) Importer(815301076,1909f56bfc062723c751e8b465ee728b)  -> (artifact id: 'b005e62d033dd7a53bf27396ec9c6cec') in 0.085333 seconds 
========================================================================
Received Import Request.
  Time since last request: 0.000053 seconds.
  path: Assets/DownloadedAssets/PolygonSciFiSpace/Models/SM_Prop_Screen_Small_02.fbx
  artifactKey: Guid(6ad9a0ccf49da794489a1a1118a4687b) Importer(815301076,1909f56bfc062723c751e8b465ee728b)
Start importing Assets/DownloadedAssets/PolygonSciFiSpace/Models/SM_Prop_Screen_Small_02.fbx using Guid(6ad9a0ccf49da794489a1a1118a4687b) Importer(815301076,1909f56bfc062723c751e8b465ee728b)  -> (artifact id: 'a49ae3996e6a1002eaeeb2f707dbc282') in 0.058093 seconds 
========================================================================
Received Import Request.
  Time since last request: 0.000051 seconds.
  path: Assets/3D Platformer Assets/Models/Environment/modular_terrain_collection/Raw/Shared_Prop_Boulder_5.fbx
  artifactKey: Guid(97dc7dbd5e28c75409934bcde750f149) Importer(815301076,1909f56bfc062723c751e8b465ee728b)
Start importing Assets/3D Platformer Assets/Models/Environment/modular_terrain_collection/Raw/Shared_Prop_Boulder_5.fbx using Guid(97dc7dbd5e28c75409934bcde750f149) Importer(815301076,1909f56bfc062723c751e8b465ee728b)  -> (artifact id: '932938267ecd80caf3998610157357c6') in 0.081755 seconds 
========================================================================
Received Import Request.
  Time since last request: 0.000044 seconds.
  path: Assets/DownloadedAssets/PolygonSciFiSpace/Models/SM_Prop_Screen_03.fbx
  artifactKey: Guid(8a44c7c1177e91b4d962627401378ea3) Importer(815301076,1909f56bfc062723c751e8b465ee728b)
Start importing Assets/DownloadedAssets/PolygonSciFiSpace/Models/SM_Prop_Screen_03.fbx using Guid(8a44c7c1177e91b4d962627401378ea3) Importer(815301076,1909f56bfc062723c751e8b465ee728b)  -> (artifact id: 'd8f33b74f84c77bf200cae5cb52b09f6') in 0.052906 seconds 
========================================================================
Received Import Request.
  Time since last request: 0.000043 seconds.
  path: Assets/3D Platformer Assets/Models/Enemies/Slime.prefab
  artifactKey: Guid(261212b5e139b5c4fa821151e8d79232) Importer(815301076,1909f56bfc062723c751e8b465ee728b)
Start importing Assets/3D Platformer Assets/Models/Enemies/Slime.prefab using Guid(261212b5e139b5c4fa821151e8d79232) Importer(815301076,1909f56bfc062723c751e8b465ee728b)  -> (artifact id: '8f1722fbcbc562d0ef2bbda5920c5d03') in 0.053533 seconds 
========================================================================
Received Import Request.
  Time since last request: 0.000088 seconds.
  path: Assets/3D Platformer Assets/Models/Environment/modular_terrain_collection/Raw/Shared_Prop_Boulder_4.fbx
  artifactKey: Guid(70de372be38c6f54e8808d951c77ad97) Importer(815301076,1909f56bfc062723c751e8b465ee728b)
Start importing Assets/3D Platformer Assets/Models/Environment/modular_terrain_collection/Raw/Shared_Prop_Boulder_4.fbx using Guid(70de372be38c6f54e8808d951c77ad97) Importer(815301076,1909f56bfc062723c751e8b465ee728b)  -> (artifact id: '0d4fc58fc5cf4594f207cc36c8a5e9d9') in 0.084930 seconds 
========================================================================
Received Import Request.
  Time since last request: 0.000058 seconds.
  path: Assets/3D Platformer Assets/Models/Environment/Quaternius Platformer Pack/Raw/Rope_Short.fbx
  artifactKey: Guid(393a50cd801ca3843b9f65de89167787) Importer(815301076,1909f56bfc062723c751e8b465ee728b)
Start importing Assets/3D Platformer Assets/Models/Environment/Quaternius Platformer Pack/Raw/Rope_Short.fbx using Guid(393a50cd801ca3843b9f65de89167787) Importer(815301076,1909f56bfc062723c751e8b465ee728b)  -> (artifact id: '63360bdfed05af19188dee643efcda80') in 0.079709 seconds 
